{"C:\\Projects\\Whispr_Mobile_App_Dev\\src\\components\\AdminNotificationPanel.tsx": {"path":"C:\\Projects\\Whispr_Mobile_App_Dev\\src\\components\\AdminNotificationPanel.tsx","statementMap":{"0":{"start":{"line":23,"column":70},"end":{"line":253,"column":1}},"1":{"start":{"line":38,"column":6},"end":{"line":38,"column":16}},"2":{"start":{"line":40,"column":38},"end":{"line":40,"column":50}},"3":{"start":{"line":41,"column":66},"end":{"line":41,"column":117}},"4":{"start":{"line":43,"column":2},"end":{"line":45,"column":9}},"5":{"start":{"line":44,"column":4},"end":{"line":44,"column":35}},"6":{"start":{"line":47,"column":37},"end":{"line":49,"column":3}},"7":{"start":{"line":48,"column":4},"end":{"line":48,"column":33}},"8":{"start":{"line":51,"column":31},"end":{"line":57,"column":3}},"9":{"start":{"line":52,"column":4},"end":{"line":55,"column":5}},"10":{"start":{"line":53,"column":6},"end":{"line":53,"column":53}},"11":{"start":{"line":54,"column":6},"end":{"line":54,"column":13}},"12":{"start":{"line":56,"column":4},"end":{"line":56,"column":82}},"13":{"start":{"line":59,"column":38},"end":{"line":68,"column":3}},"14":{"start":{"line":60,"column":4},"end":{"line":67,"column":6}},"15":{"start":{"line":70,"column":26},"end":{"line":76,"column":3}},"16":{"start":{"line":71,"column":4},"end":{"line":75,"column":5}},"17":{"start":{"line":72,"column":6},"end":{"line":72,"column":34}},"18":{"start":{"line":74,"column":6},"end":{"line":74,"column":35}},"19":{"start":{"line":78,"column":26},"end":{"line":108,"column":3}},"20":{"start":{"line":79,"column":4},"end":{"line":86,"column":5}},"21":{"start":{"line":80,"column":6},"end":{"line":85,"column":8}},"22":{"start":{"line":88,"column":4},"end":{"line":107,"column":6}},"23":{"start":{"line":110,"column":28},"end":{"line":147,"column":3}},"24":{"start":{"line":111,"column":4},"end":{"line":118,"column":5}},"25":{"start":{"line":112,"column":6},"end":{"line":117,"column":8}},"26":{"start":{"line":120,"column":4},"end":{"line":146,"column":6}},"27":{"start":{"line":130,"column":12},"end":{"line":142,"column":19}},"28":{"start":{"line":149,"column":29},"end":{"line":181,"column":3}},"29":{"start":{"line":150,"column":4},"end":{"line":180,"column":11}},"30":{"start":{"line":183,"column":33},"end":{"line":225,"column":3}},"31":{"start":{"line":184,"column":4},"end":{"line":224,"column":11}},"32":{"start":{"line":197,"column":10},"end":{"line":213,"column":29}},"33":{"start":{"line":203,"column":27},"end":{"line":203,"column":60}},"34":{"start":{"line":227,"column":2},"end":{"line":252,"column":4}},"35":{"start":{"line":255,"column":15},"end":{"line":437,"column":2}}},"fnMap":{"0":{"name":"(anonymous_0)","decl":{"start":{"line":23,"column":70},"end":{"line":23,"column":71}},"loc":{"start":{"line":23,"column":87},"end":{"line":253,"column":1}},"line":23},"1":{"name":"(anonymous_1)","decl":{"start":{"line":43,"column":12},"end":{"line":43,"column":13}},"loc":{"start":{"line":43,"column":18},"end":{"line":45,"column":3}},"line":43},"2":{"name":"(anonymous_2)","decl":{"start":{"line":47,"column":37},"end":{"line":47,"column":38}},"loc":{"start":{"line":47,"column":49},"end":{"line":49,"column":3}},"line":47},"3":{"name":"(anonymous_3)","decl":{"start":{"line":51,"column":31},"end":{"line":51,"column":32}},"loc":{"start":{"line":51,"column":43},"end":{"line":57,"column":3}},"line":51},"4":{"name":"(anonymous_4)","decl":{"start":{"line":59,"column":38},"end":{"line":59,"column":39}},"loc":{"start":{"line":59,"column":50},"end":{"line":68,"column":3}},"line":59},"5":{"name":"(anonymous_5)","decl":{"start":{"line":70,"column":26},"end":{"line":70,"column":27}},"loc":{"start":{"line":70,"column":32},"end":{"line":76,"column":3}},"line":70},"6":{"name":"(anonymous_6)","decl":{"start":{"line":78,"column":26},"end":{"line":78,"column":27}},"loc":{"start":{"line":78,"column":32},"end":{"line":108,"column":3}},"line":78},"7":{"name":"(anonymous_7)","decl":{"start":{"line":110,"column":28},"end":{"line":110,"column":29}},"loc":{"start":{"line":110,"column":34},"end":{"line":147,"column":3}},"line":110},"8":{"name":"(anonymous_8)","decl":{"start":{"line":129,"column":39},"end":{"line":129,"column":40}},"loc":{"start":{"line":130,"column":12},"end":{"line":142,"column":19}},"line":130},"9":{"name":"(anonymous_9)","decl":{"start":{"line":149,"column":29},"end":{"line":149,"column":30}},"loc":{"start":{"line":150,"column":4},"end":{"line":180,"column":11}},"line":150},"10":{"name":"(anonymous_10)","decl":{"start":{"line":183,"column":33},"end":{"line":183,"column":34}},"loc":{"start":{"line":184,"column":4},"end":{"line":224,"column":11}},"line":184},"11":{"name":"(anonymous_11)","decl":{"start":{"line":196,"column":55},"end":{"line":196,"column":56}},"loc":{"start":{"line":197,"column":10},"end":{"line":213,"column":29}},"line":197},"12":{"name":"(anonymous_12)","decl":{"start":{"line":203,"column":21},"end":{"line":203,"column":22}},"loc":{"start":{"line":203,"column":27},"end":{"line":203,"column":60}},"line":203}},"branchMap":{"0":{"loc":{"start":{"line":52,"column":4},"end":{"line":55,"column":5}},"type":"if","locations":[{"start":{"line":52,"column":4},"end":{"line":55,"column":5}},{"start":{},"end":{}}],"line":52},"1":{"loc":{"start":{"line":71,"column":4},"end":{"line":75,"column":5}},"type":"if","locations":[{"start":{"line":71,"column":4},"end":{"line":75,"column":5}},{"start":{"line":73,"column":11},"end":{"line":75,"column":5}}],"line":71},"2":{"loc":{"start":{"line":79,"column":4},"end":{"line":86,"column":5}},"type":"if","locations":[{"start":{"line":79,"column":4},"end":{"line":86,"column":5}},{"start":{},"end":{}}],"line":79},"3":{"loc":{"start":{"line":94,"column":34},"end":{"line":94,"column":115}},"type":"cond-expr","locations":[{"start":{"line":94,"column":86},"end":{"line":94,"column":97}},{"start":{"line":94,"column":100},"end":{"line":94,"column":115}}],"line":94},"4":{"loc":{"start":{"line":100,"column":29},"end":{"line":100,"column":88}},"type":"cond-expr","locations":[{"start":{"line":100,"column":67},"end":{"line":100,"column":75}},{"start":{"line":100,"column":78},"end":{"line":100,"column":88}}],"line":100},"5":{"loc":{"start":{"line":103,"column":32},"end":{"line":103,"column":84}},"type":"binary-expr","locations":[{"start":{"line":103,"column":32},"end":{"line":103,"column":74}},{"start":{"line":103,"column":78},"end":{"line":103,"column":84}}],"line":103},"6":{"loc":{"start":{"line":111,"column":4},"end":{"line":118,"column":5}},"type":"if","locations":[{"start":{"line":111,"column":4},"end":{"line":118,"column":5}},{"start":{},"end":{}}],"line":111},"7":{"loc":{"start":{"line":130,"column":57},"end":{"line":130,"column":115}},"type":"cond-expr","locations":[{"start":{"line":130,"column":74},"end":{"line":130,"column":94}},{"start":{"line":130,"column":97},"end":{"line":130,"column":115}}],"line":130},"8":{"loc":{"start":{"line":132,"column":17},"end":{"line":132,"column":43}},"type":"cond-expr","locations":[{"start":{"line":132,"column":34},"end":{"line":132,"column":37}},{"start":{"line":132,"column":40},"end":{"line":132,"column":43}}],"line":132},"9":{"loc":{"start":{"line":137,"column":15},"end":{"line":141,"column":15}},"type":"binary-expr","locations":[{"start":{"line":137,"column":15},"end":{"line":137,"column":29}},{"start":{"line":138,"column":16},"end":{"line":140,"column":23}}],"line":137},"10":{"loc":{"start":{"line":158,"column":9},"end":{"line":162,"column":9}},"type":"cond-expr","locations":[{"start":{"line":159,"column":10},"end":{"line":159,"column":45}},{"start":{"line":161,"column":10},"end":{"line":161,"column":71}}],"line":158},"11":{"loc":{"start":{"line":166,"column":31},"end":{"line":166,"column":95}},"type":"cond-expr","locations":[{"start":{"line":166,"column":57},"end":{"line":166,"column":74}},{"start":{"line":166,"column":77},"end":{"line":166,"column":95}}],"line":166},"12":{"loc":{"start":{"line":170,"column":11},"end":{"line":170,"column":73}},"type":"cond-expr","locations":[{"start":{"line":170,"column":37},"end":{"line":170,"column":53}},{"start":{"line":170,"column":56},"end":{"line":170,"column":73}}],"line":170},"13":{"loc":{"start":{"line":201,"column":14},"end":{"line":201,"column":76}},"type":"binary-expr","locations":[{"start":{"line":201,"column":14},"end":{"line":201,"column":47}},{"start":{"line":201,"column":51},"end":{"line":201,"column":76}}],"line":201},"14":{"loc":{"start":{"line":208,"column":16},"end":{"line":208,"column":82}},"type":"binary-expr","locations":[{"start":{"line":208,"column":16},"end":{"line":208,"column":49}},{"start":{"line":208,"column":53},"end":{"line":208,"column":82}}],"line":208},"15":{"loc":{"start":{"line":220,"column":18},"end":{"line":220,"column":49}},"type":"binary-expr","locations":[{"start":{"line":220,"column":18},"end":{"line":220,"column":27}},{"start":{"line":220,"column":31},"end":{"line":220,"column":49}}],"line":220},"16":{"loc":{"start":{"line":236,"column":7},"end":{"line":243,"column":7}},"type":"binary-expr","locations":[{"start":{"line":236,"column":7},"end":{"line":236,"column":12}},{"start":{"line":237,"column":8},"end":{"line":242,"column":15}}],"line":236}},"s":{"0":0,"1":0,"2":0,"3":0,"4":0,"5":0,"6":0,"7":0,"8":0,"9":0,"10":0,"11":0,"12":0,"13":0,"14":0,"15":0,"16":0,"17":0,"18":0,"19":0,"20":0,"21":0,"22":0,"23":0,"24":0,"25":0,"26":0,"27":0,"28":0,"29":0,"30":0,"31":0,"32":0,"33":0,"34":0,"35":0},"f":{"0":0,"1":0,"2":0,"3":0,"4":0,"5":0,"6":0,"7":0,"8":0,"9":0,"10":0,"11":0,"12":0},"b":{"0":[0,0],"1":[0,0],"2":[0,0],"3":[0,0],"4":[0,0],"5":[0,0],"6":[0,0],"7":[0,0],"8":[0,0],"9":[0,0],"10":[0,0],"11":[0,0],"12":[0,0],"13":[0,0],"14":[0,0],"15":[0,0],"16":[0,0]}}
,"C:\\Projects\\Whispr_Mobile_App_Dev\\src\\components\\BuddyCard.tsx": {"path":"C:\\Projects\\Whispr_Mobile_App_Dev\\src\\components\\BuddyCard.tsx","statementMap":{"0":{"start":{"line":14,"column":51},"end":{"line":80,"column":1}},"1":{"start":{"line":21,"column":2},"end":{"line":79,"column":4}},"2":{"start":{"line":82,"column":15},"end":{"line":199,"column":2}}},"fnMap":{"0":{"name":"(anonymous_0)","decl":{"start":{"line":14,"column":51},"end":{"line":14,"column":52}},"loc":{"start":{"line":20,"column":6},"end":{"line":80,"column":1}},"line":20}},"branchMap":{"0":{"loc":{"start":{"line":31,"column":15},"end":{"line":31,"column":61}},"type":"binary-expr","locations":[{"start":{"line":31,"column":15},"end":{"line":31,"column":29}},{"start":{"line":31,"column":33},"end":{"line":31,"column":54}},{"start":{"line":31,"column":58},"end":{"line":31,"column":61}}],"line":31},"1":{"loc":{"start":{"line":34,"column":11},"end":{"line":38,"column":11}},"type":"binary-expr","locations":[{"start":{"line":34,"column":11},"end":{"line":34,"column":32}},{"start":{"line":35,"column":12},"end":{"line":37,"column":19}}],"line":34},"2":{"loc":{"start":{"line":44,"column":13},"end":{"line":44,"column":69}},"type":"binary-expr","locations":[{"start":{"line":44,"column":13},"end":{"line":44,"column":27}},{"start":{"line":44,"column":31},"end":{"line":44,"column":69}}],"line":44},"3":{"loc":{"start":{"line":48,"column":16},"end":{"line":48,"column":81}},"type":"cond-expr","locations":[{"start":{"line":48,"column":33},"end":{"line":48,"column":55}},{"start":{"line":48,"column":58},"end":{"line":48,"column":81}}],"line":48},"4":{"loc":{"start":{"line":51,"column":17},"end":{"line":51,"column":82}},"type":"cond-expr","locations":[{"start":{"line":51,"column":34},"end":{"line":51,"column":42}},{"start":{"line":51,"column":45},"end":{"line":51,"column":82}}],"line":51},"5":{"loc":{"start":{"line":57,"column":13},"end":{"line":57,"column":51}},"type":"binary-expr","locations":[{"start":{"line":57,"column":13},"end":{"line":57,"column":30}},{"start":{"line":57,"column":34},"end":{"line":57,"column":51}}],"line":57},"6":{"loc":{"start":{"line":63,"column":41},"end":{"line":63,"column":78}},"type":"binary-expr","locations":[{"start":{"line":63,"column":41},"end":{"line":63,"column":55}},{"start":{"line":63,"column":59},"end":{"line":63,"column":78}}],"line":63},"7":{"loc":{"start":{"line":67,"column":15},"end":{"line":67,"column":43}},"type":"cond-expr","locations":[{"start":{"line":67,"column":32},"end":{"line":67,"column":36}},{"start":{"line":67,"column":39},"end":{"line":67,"column":43}}],"line":67}},"s":{"0":0,"1":0,"2":0},"f":{"0":0},"b":{"0":[0,0,0],"1":[0,0],"2":[0,0],"3":[0,0],"4":[0,0],"5":[0,0],"6":[0,0],"7":[0,0]}}
,"C:\\Projects\\Whispr_Mobile_App_Dev\\src\\components\\DebugOverlay.tsx": {"path":"C:\\Projects\\Whispr_Mobile_App_Dev\\src\\components\\DebugOverlay.tsx","statementMap":{"0":{"start":{"line":11,"column":50},"end":{"line":46,"column":1}},"1":{"start":{"line":12,"column":56},"end":{"line":12,"column":66}},"2":{"start":{"line":13,"column":55},"end":{"line":13,"column":64}},"3":{"start":{"line":15,"column":2},"end":{"line":15,"column":30}},"4":{"start":{"line":15,"column":18},"end":{"line":15,"column":30}},"5":{"start":{"line":17,"column":2},"end":{"line":45,"column":4}},"6":{"start":{"line":48,"column":15},"end":{"line":110,"column":2}}},"fnMap":{"0":{"name":"(anonymous_0)","decl":{"start":{"line":11,"column":50},"end":{"line":11,"column":51}},"loc":{"start":{"line":11,"column":73},"end":{"line":46,"column":1}},"line":11}},"branchMap":{"0":{"loc":{"start":{"line":15,"column":2},"end":{"line":15,"column":30}},"type":"if","locations":[{"start":{"line":15,"column":2},"end":{"line":15,"column":30}},{"start":{},"end":{}}],"line":15},"1":{"loc":{"start":{"line":22,"column":43},"end":{"line":22,"column":74}},"type":"cond-expr","locations":[{"start":{"line":22,"column":59},"end":{"line":22,"column":65}},{"start":{"line":22,"column":68},"end":{"line":22,"column":74}}],"line":22},"2":{"loc":{"start":{"line":26,"column":7},"end":{"line":43,"column":7}},"type":"binary-expr","locations":[{"start":{"line":26,"column":7},"end":{"line":26,"column":20}},{"start":{"line":27,"column":8},"end":{"line":42,"column":15}}],"line":26},"3":{"loc":{"start":{"line":30,"column":58},"end":{"line":30,"column":88}},"type":"cond-expr","locations":[{"start":{"line":30,"column":76},"end":{"line":30,"column":81}},{"start":{"line":30,"column":84},"end":{"line":30,"column":88}}],"line":30},"4":{"loc":{"start":{"line":31,"column":61},"end":{"line":31,"column":93}},"type":"cond-expr","locations":[{"start":{"line":31,"column":81},"end":{"line":31,"column":86}},{"start":{"line":31,"column":89},"end":{"line":31,"column":93}}],"line":31},"5":{"loc":{"start":{"line":32,"column":52},"end":{"line":32,"column":70}},"type":"binary-expr","locations":[{"start":{"line":32,"column":52},"end":{"line":32,"column":60}},{"start":{"line":32,"column":64},"end":{"line":32,"column":70}}],"line":32},"6":{"loc":{"start":{"line":33,"column":49},"end":{"line":33,"column":69}},"type":"binary-expr","locations":[{"start":{"line":33,"column":49},"end":{"line":33,"column":59}},{"start":{"line":33,"column":63},"end":{"line":33,"column":69}}],"line":33}},"s":{"0":1,"1":0,"2":0,"3":0,"4":0,"5":0,"6":1},"f":{"0":0},"b":{"0":[0,0],"1":[0,0],"2":[0,0],"3":[0,0],"4":[0,0],"5":[0,0],"6":[0,0]},"_coverageSchema":"1a1c01bbd47fc00a2c39e90264f33305004495a9","hash":"4b92a51cb98f3eb945b69091b99ae9ff83ce85d8"}
,"C:\\Projects\\Whispr_Mobile_App_Dev\\src\\components\\NavigationMenu.tsx": {"path":"C:\\Projects\\Whispr_Mobile_App_Dev\\src\\components\\NavigationMenu.tsx","statementMap":{"0":{"start":{"line":12,"column":61},"end":{"line":108,"column":1}},"1":{"start":{"line":13,"column":20},"end":{"line":13,"column":30}},"2":{"start":{"line":14,"column":20},"end":{"line":18,"column":3}},"3":{"start":{"line":21,"column":25},"end":{"line":26,"column":11}},"4":{"start":{"line":23,"column":6},"end":{"line":23,"column":43}},"5":{"start":{"line":24,"column":6},"end":{"line":24,"column":17}},"6":{"start":{"line":29,"column":2},"end":{"line":38,"column":22}},"7":{"start":{"line":30,"column":4},"end":{"line":37,"column":7}},"8":{"start":{"line":31,"column":23},"end":{"line":31,"column":48}},"9":{"start":{"line":32,"column":6},"end":{"line":36,"column":17}},"10":{"start":{"line":40,"column":17},"end":{"line":40,"column":36}},"11":{"start":{"line":42,"column":2},"end":{"line":107,"column":4}},"12":{"start":{"line":46,"column":32},"end":{"line":69,"column":11}},"13":{"start":{"line":71,"column":10},"end":{"line":103,"column":12}},"14":{"start":{"line":86,"column":31},"end":{"line":86,"column":50}},"15":{"start":{"line":110,"column":21},"end":{"line":174,"column":2}},"16":{"start":{"line":110,"column":37},"end":{"line":174,"column":2}}},"fnMap":{"0":{"name":"(anonymous_0)","decl":{"start":{"line":12,"column":61},"end":{"line":12,"column":62}},"loc":{"start":{"line":12,"column":96},"end":{"line":108,"column":1}},"line":12},"1":{"name":"(anonymous_1)","decl":{"start":{"line":22,"column":21},"end":{"line":22,"column":22}},"loc":{"start":{"line":22,"column":36},"end":{"line":25,"column":5}},"line":22},"2":{"name":"(anonymous_2)","decl":{"start":{"line":29,"column":12},"end":{"line":29,"column":13}},"loc":{"start":{"line":29,"column":18},"end":{"line":38,"column":3}},"line":29},"3":{"name":"(anonymous_3)","decl":{"start":{"line":30,"column":22},"end":{"line":30,"column":23}},"loc":{"start":{"line":30,"column":30},"end":{"line":37,"column":5}},"line":30},"4":{"name":"(anonymous_4)","decl":{"start":{"line":45,"column":23},"end":{"line":45,"column":24}},"loc":{"start":{"line":45,"column":40},"end":{"line":104,"column":9}},"line":45},"5":{"name":"(anonymous_5)","decl":{"start":{"line":86,"column":25},"end":{"line":86,"column":26}},"loc":{"start":{"line":86,"column":31},"end":{"line":86,"column":50}},"line":86},"6":{"name":"(anonymous_6)","decl":{"start":{"line":110,"column":21},"end":{"line":110,"column":22}},"loc":{"start":{"line":110,"column":37},"end":{"line":174,"column":2}},"line":110}},"branchMap":{"0":{"loc":{"start":{"line":33,"column":17},"end":{"line":33,"column":33}},"type":"cond-expr","locations":[{"start":{"line":33,"column":28},"end":{"line":33,"column":29}},{"start":{"line":33,"column":32},"end":{"line":33,"column":33}}],"line":33},"1":{"loc":{"start":{"line":82,"column":18},"end":{"line":82,"column":68}},"type":"binary-expr","locations":[{"start":{"line":82,"column":18},"end":{"line":82,"column":43}},{"start":{"line":82,"column":47},"end":{"line":82,"column":68}}],"line":82},"2":{"loc":{"start":{"line":83,"column":18},"end":{"line":83,"column":53}},"type":"binary-expr","locations":[{"start":{"line":83,"column":18},"end":{"line":83,"column":29}},{"start":{"line":83,"column":33},"end":{"line":83,"column":53}}],"line":83},"3":{"loc":{"start":{"line":84,"column":18},"end":{"line":84,"column":71}},"type":"binary-expr","locations":[{"start":{"line":84,"column":18},"end":{"line":84,"column":48}},{"start":{"line":84,"column":52},"end":{"line":84,"column":71}}],"line":84},"4":{"loc":{"start":{"line":92,"column":25},"end":{"line":92,"column":74}},"type":"cond-expr","locations":[{"start":{"line":92,"column":53},"end":{"line":92,"column":62}},{"start":{"line":92,"column":65},"end":{"line":92,"column":74}}],"line":92},"5":{"loc":{"start":{"line":97,"column":18},"end":{"line":97,"column":69}},"type":"binary-expr","locations":[{"start":{"line":97,"column":18},"end":{"line":97,"column":43}},{"start":{"line":97,"column":47},"end":{"line":97,"column":69}}],"line":97},"6":{"loc":{"start":{"line":115,"column":19},"end":{"line":115,"column":50}},"type":"cond-expr","locations":[{"start":{"line":115,"column":43},"end":{"line":115,"column":45}},{"start":{"line":115,"column":48},"end":{"line":115,"column":50}}],"line":115},"7":{"loc":{"start":{"line":119,"column":19},"end":{"line":119,"column":62}},"type":"cond-expr","locations":[{"start":{"line":119,"column":53},"end":{"line":119,"column":56}},{"start":{"line":119,"column":59},"end":{"line":119,"column":62}}],"line":119}},"s":{"0":1,"1":0,"2":0,"3":0,"4":0,"5":0,"6":0,"7":0,"8":0,"9":0,"10":0,"11":0,"12":0,"13":0,"14":0,"15":1,"16":0},"f":{"0":0,"1":0,"2":0,"3":0,"4":0,"5":0,"6":0},"b":{"0":[0,0],"1":[0,0],"2":[0,0],"3":[0,0],"4":[0,0],"5":[0,0],"6":[0,0],"7":[0,0]},"_coverageSchema":"1a1c01bbd47fc00a2c39e90264f33305004495a9","hash":"5493e87f3cd8c2de58d215d67823b16c2de3d022"}
,"C:\\Projects\\Whispr_Mobile_App_Dev\\src\\components\\NetworkDebugger.tsx": {"path":"C:\\Projects\\Whispr_Mobile_App_Dev\\src\\components\\NetworkDebugger.tsx","statementMap":{"0":{"start":{"line":5,"column":31},"end":{"line":123,"column":1}},"1":{"start":{"line":6,"column":40},"end":{"line":6,"column":62}},"2":{"start":{"line":7,"column":36},"end":{"line":7,"column":51}},"3":{"start":{"line":9,"column":20},"end":{"line":11,"column":3}},"4":{"start":{"line":10,"column":4},"end":{"line":10,"column":87}},"5":{"start":{"line":10,"column":27},"end":{"line":10,"column":85}},"6":{"start":{"line":13,"column":26},"end":{"line":84,"column":3}},"7":{"start":{"line":14,"column":4},"end":{"line":14,"column":23}},"8":{"start":{"line":15,"column":4},"end":{"line":15,"column":23}},"9":{"start":{"line":17,"column":4},"end":{"line":17,"column":43}},"10":{"start":{"line":19,"column":4},"end":{"line":38,"column":5}},"11":{"start":{"line":21,"column":6},"end":{"line":21,"column":64}},"12":{"start":{"line":22,"column":24},"end":{"line":29,"column":8}},"13":{"start":{"line":31,"column":6},"end":{"line":35,"column":7}},"14":{"start":{"line":32,"column":8},"end":{"line":32,"column":75}},"15":{"start":{"line":34,"column":8},"end":{"line":34,"column":89}},"16":{"start":{"line":37,"column":6},"end":{"line":37,"column":95}},"17":{"start":{"line":40,"column":4},"end":{"line":61,"column":5}},"18":{"start":{"line":42,"column":6},"end":{"line":42,"column":65}},"19":{"start":{"line":43,"column":24},"end":{"line":50,"column":8}},"20":{"start":{"line":52,"column":6},"end":{"line":58,"column":7}},"21":{"start":{"line":53,"column":8},"end":{"line":53,"column":69}},"22":{"start":{"line":55,"column":8},"end":{"line":55,"column":89}},"23":{"start":{"line":56,"column":26},"end":{"line":56,"column":48}},"24":{"start":{"line":57,"column":8},"end":{"line":57,"column":49}},"25":{"start":{"line":60,"column":6},"end":{"line":60,"column":95}},"26":{"start":{"line":63,"column":4},"end":{"line":80,"column":5}},"27":{"start":{"line":65,"column":6},"end":{"line":65,"column":59}},"28":{"start":{"line":66,"column":24},"end":{"line":71,"column":8}},"29":{"start":{"line":73,"column":6},"end":{"line":77,"column":7}},"30":{"start":{"line":74,"column":8},"end":{"line":74,"column":59}},"31":{"start":{"line":76,"column":8},"end":{"line":76,"column":89}},"32":{"start":{"line":79,"column":6},"end":{"line":79,"column":95}},"33":{"start":{"line":82,"column":4},"end":{"line":82,"column":42}},"34":{"start":{"line":83,"column":4},"end":{"line":83,"column":24}},"35":{"start":{"line":86,"column":23},"end":{"line":88,"column":3}},"36":{"start":{"line":87,"column":4},"end":{"line":87,"column":23}},"37":{"start":{"line":90,"column":2},"end":{"line":122,"column":4}},"38":{"start":{"line":116,"column":10},"end":{"line":118,"column":17}},"39":{"start":{"line":125,"column":15},"end":{"line":187,"column":2}}},"fnMap":{"0":{"name":"(anonymous_0)","decl":{"start":{"line":5,"column":31},"end":{"line":5,"column":32}},"loc":{"start":{"line":5,"column":37},"end":{"line":123,"column":1}},"line":5},"1":{"name":"(anonymous_1)","decl":{"start":{"line":9,"column":20},"end":{"line":9,"column":21}},"loc":{"start":{"line":9,"column":40},"end":{"line":11,"column":3}},"line":9},"2":{"name":"(anonymous_2)","decl":{"start":{"line":10,"column":19},"end":{"line":10,"column":20}},"loc":{"start":{"line":10,"column":27},"end":{"line":10,"column":85}},"line":10},"3":{"name":"(anonymous_3)","decl":{"start":{"line":13,"column":26},"end":{"line":13,"column":27}},"loc":{"start":{"line":13,"column":38},"end":{"line":84,"column":3}},"line":13},"4":{"name":"(anonymous_4)","decl":{"start":{"line":86,"column":23},"end":{"line":86,"column":24}},"loc":{"start":{"line":86,"column":29},"end":{"line":88,"column":3}},"line":86},"5":{"name":"(anonymous_5)","decl":{"start":{"line":115,"column":25},"end":{"line":115,"column":26}},"loc":{"start":{"line":116,"column":10},"end":{"line":118,"column":17}},"line":116}},"branchMap":{"0":{"loc":{"start":{"line":31,"column":6},"end":{"line":35,"column":7}},"type":"if","locations":[{"start":{"line":31,"column":6},"end":{"line":35,"column":7}},{"start":{"line":33,"column":13},"end":{"line":35,"column":7}}],"line":31},"1":{"loc":{"start":{"line":37,"column":35},"end":{"line":37,"column":91}},"type":"cond-expr","locations":[{"start":{"line":37,"column":60},"end":{"line":37,"column":73}},{"start":{"line":37,"column":76},"end":{"line":37,"column":91}}],"line":37},"2":{"loc":{"start":{"line":52,"column":6},"end":{"line":58,"column":7}},"type":"if","locations":[{"start":{"line":52,"column":6},"end":{"line":58,"column":7}},{"start":{"line":54,"column":13},"end":{"line":58,"column":7}}],"line":52},"3":{"loc":{"start":{"line":60,"column":35},"end":{"line":60,"column":91}},"type":"cond-expr","locations":[{"start":{"line":60,"column":60},"end":{"line":60,"column":73}},{"start":{"line":60,"column":76},"end":{"line":60,"column":91}}],"line":60},"4":{"loc":{"start":{"line":73,"column":6},"end":{"line":77,"column":7}},"type":"if","locations":[{"start":{"line":73,"column":6},"end":{"line":77,"column":7}},{"start":{"line":75,"column":13},"end":{"line":77,"column":7}}],"line":73},"5":{"loc":{"start":{"line":79,"column":35},"end":{"line":79,"column":91}},"type":"cond-expr","locations":[{"start":{"line":79,"column":60},"end":{"line":79,"column":73}},{"start":{"line":79,"column":76},"end":{"line":79,"column":91}}],"line":79},"6":{"loc":{"start":{"line":97,"column":33},"end":{"line":97,"column":67}},"type":"binary-expr","locations":[{"start":{"line":97,"column":33},"end":{"line":97,"column":42}},{"start":{"line":97,"column":46},"end":{"line":97,"column":67}}],"line":97},"7":{"loc":{"start":{"line":102,"column":13},"end":{"line":102,"column":59}},"type":"cond-expr","locations":[{"start":{"line":102,"column":25},"end":{"line":102,"column":37}},{"start":{"line":102,"column":40},"end":{"line":102,"column":59}}],"line":102}},"s":{"0":2,"1":19,"2":19,"3":19,"4":48,"5":42,"6":19,"7":6,"8":6,"9":6,"10":6,"11":6,"12":6,"13":4,"14":3,"15":1,"16":2,"17":6,"18":6,"19":6,"20":6,"21":2,"22":0,"23":0,"24":0,"25":4,"26":6,"27":6,"28":6,"29":6,"30":1,"31":0,"32":5,"33":6,"34":6,"35":19,"36":1,"37":19,"38":52,"39":2},"f":{"0":19,"1":48,"2":42,"3":6,"4":1,"5":52},"b":{"0":[3,1],"1":[2,0],"2":[2,0],"3":[4,0],"4":[1,0],"5":[5,0],"6":[19,6],"7":[6,13]},"_coverageSchema":"1a1c01bbd47fc00a2c39e90264f33305004495a9","hash":"2418a95dc6a531ef474689ca8c6ceb3959770233"}
,"C:\\Projects\\Whispr_Mobile_App_Dev\\src\\components\\NoteCard.tsx": {"path":"C:\\Projects\\Whispr_Mobile_App_Dev\\src\\components\\NoteCard.tsx","statementMap":{"0":{"start":{"line":14,"column":49},"end":{"line":45,"column":1}},"1":{"start":{"line":21,"column":2},"end":{"line":44,"column":4}},"2":{"start":{"line":47,"column":15},"end":{"line":109,"column":2}}},"fnMap":{"0":{"name":"(anonymous_0)","decl":{"start":{"line":14,"column":49},"end":{"line":14,"column":50}},"loc":{"start":{"line":20,"column":6},"end":{"line":45,"column":1}},"line":20}},"branchMap":{"0":{"loc":{"start":{"line":16,"column":2},"end":{"line":16,"column":26}},"type":"default-arg","locations":[{"start":{"line":16,"column":8},"end":{"line":16,"column":26}}],"line":16},"1":{"loc":{"start":{"line":17,"column":2},"end":{"line":17,"column":20}},"type":"default-arg","locations":[{"start":{"line":17,"column":12},"end":{"line":17,"column":20}}],"line":17},"2":{"loc":{"start":{"line":31,"column":9},"end":{"line":31,"column":57}},"type":"binary-expr","locations":[{"start":{"line":31,"column":9},"end":{"line":31,"column":13}},{"start":{"line":31,"column":17},"end":{"line":31,"column":57}}],"line":31}},"s":{"0":0,"1":0,"2":0},"f":{"0":0},"b":{"0":[0],"1":[0],"2":[0,0]}}
,"C:\\Projects\\Whispr_Mobile_App_Dev\\src\\components\\UserProfileView.tsx": {"path":"C:\\Projects\\Whispr_Mobile_App_Dev\\src\\components\\UserProfileView.tsx","statementMap":{"0":{"start":{"line":13,"column":63},"end":{"line":204,"column":1}},"1":{"start":{"line":19,"column":40},"end":{"line":19,"column":59}},"2":{"start":{"line":20,"column":36},"end":{"line":20,"column":51}},"3":{"start":{"line":21,"column":28},"end":{"line":21,"column":57}},"4":{"start":{"line":23,"column":2},"end":{"line":27,"column":24}},"5":{"start":{"line":24,"column":4},"end":{"line":26,"column":5}},"6":{"start":{"line":25,"column":6},"end":{"line":25,"column":24}},"7":{"start":{"line":29,"column":26},"end":{"line":73,"column":3}},"8":{"start":{"line":30,"column":4},"end":{"line":30,"column":23}},"9":{"start":{"line":31,"column":4},"end":{"line":31,"column":19}},"10":{"start":{"line":33,"column":4},"end":{"line":72,"column":5}},"11":{"start":{"line":34,"column":22},"end":{"line":34,"column":65}},"12":{"start":{"line":36,"column":6},"end":{"line":66,"column":7}},"13":{"start":{"line":37,"column":8},"end":{"line":50,"column":11}},"14":{"start":{"line":53,"column":8},"end":{"line":64,"column":11}},"15":{"start":{"line":65,"column":8},"end":{"line":65,"column":23}},"16":{"start":{"line":68,"column":6},"end":{"line":68,"column":56}},"17":{"start":{"line":69,"column":6},"end":{"line":69,"column":41}},"18":{"start":{"line":71,"column":6},"end":{"line":71,"column":26}},"19":{"start":{"line":75,"column":25},"end":{"line":81,"column":3}},"20":{"start":{"line":76,"column":4},"end":{"line":80,"column":7}},"21":{"start":{"line":83,"column":25},"end":{"line":95,"column":3}},"22":{"start":{"line":84,"column":16},"end":{"line":84,"column":26}},"23":{"start":{"line":85,"column":17},"end":{"line":85,"column":47}},"24":{"start":{"line":86,"column":20},"end":{"line":86,"column":44}},"25":{"start":{"line":87,"column":18},"end":{"line":87,"column":44}},"26":{"start":{"line":88,"column":17},"end":{"line":88,"column":44}},"27":{"start":{"line":90,"column":4},"end":{"line":90,"column":39}},"28":{"start":{"line":90,"column":21},"end":{"line":90,"column":39}},"29":{"start":{"line":91,"column":4},"end":{"line":91,"column":47}},"30":{"start":{"line":91,"column":22},"end":{"line":91,"column":47}},"31":{"start":{"line":92,"column":4},"end":{"line":92,"column":43}},"32":{"start":{"line":92,"column":20},"end":{"line":92,"column":43}},"33":{"start":{"line":93,"column":4},"end":{"line":93,"column":40}},"34":{"start":{"line":93,"column":18},"end":{"line":93,"column":40}},"35":{"start":{"line":94,"column":4},"end":{"line":94,"column":37}},"36":{"start":{"line":97,"column":2},"end":{"line":97,"column":28}},"37":{"start":{"line":97,"column":16},"end":{"line":97,"column":28}},"38":{"start":{"line":99,"column":2},"end":{"line":203,"column":4}},"39":{"start":{"line":206,"column":15},"end":{"line":389,"column":2}}},"fnMap":{"0":{"name":"(anonymous_0)","decl":{"start":{"line":13,"column":63},"end":{"line":13,"column":64}},"loc":{"start":{"line":18,"column":6},"end":{"line":204,"column":1}},"line":18},"1":{"name":"(anonymous_1)","decl":{"start":{"line":23,"column":12},"end":{"line":23,"column":13}},"loc":{"start":{"line":23,"column":18},"end":{"line":27,"column":3}},"line":23},"2":{"name":"(anonymous_2)","decl":{"start":{"line":29,"column":26},"end":{"line":29,"column":27}},"loc":{"start":{"line":29,"column":38},"end":{"line":73,"column":3}},"line":29},"3":{"name":"(anonymous_3)","decl":{"start":{"line":75,"column":25},"end":{"line":75,"column":26}},"loc":{"start":{"line":75,"column":49},"end":{"line":81,"column":3}},"line":75},"4":{"name":"(anonymous_4)","decl":{"start":{"line":83,"column":25},"end":{"line":83,"column":26}},"loc":{"start":{"line":83,"column":49},"end":{"line":95,"column":3}},"line":83}},"branchMap":{"0":{"loc":{"start":{"line":24,"column":4},"end":{"line":26,"column":5}},"type":"if","locations":[{"start":{"line":24,"column":4},"end":{"line":26,"column":5}},{"start":{},"end":{}}],"line":24},"1":{"loc":{"start":{"line":24,"column":8},"end":{"line":24,"column":25}},"type":"binary-expr","locations":[{"start":{"line":24,"column":8},"end":{"line":24,"column":15}},{"start":{"line":24,"column":19},"end":{"line":24,"column":25}}],"line":24},"2":{"loc":{"start":{"line":36,"column":6},"end":{"line":66,"column":7}},"type":"if","locations":[{"start":{"line":36,"column":6},"end":{"line":66,"column":7}},{"start":{"line":51,"column":13},"end":{"line":66,"column":7}}],"line":36},"3":{"loc":{"start":{"line":38,"column":23},"end":{"line":38,"column":75}},"type":"binary-expr","locations":[{"start":{"line":38,"column":23},"end":{"line":38,"column":39}},{"start":{"line":38,"column":43},"end":{"line":38,"column":55}},{"start":{"line":38,"column":59},"end":{"line":38,"column":75}}],"line":38},"4":{"loc":{"start":{"line":39,"column":20},"end":{"line":39,"column":75}},"type":"binary-expr","locations":[{"start":{"line":39,"column":20},"end":{"line":39,"column":36}},{"start":{"line":39,"column":40},"end":{"line":39,"column":60}},{"start":{"line":39,"column":64},"end":{"line":39,"column":75}}],"line":39},"5":{"loc":{"start":{"line":40,"column":15},"end":{"line":40,"column":48}},"type":"binary-expr","locations":[{"start":{"line":40,"column":15},"end":{"line":40,"column":26}},{"start":{"line":40,"column":30},"end":{"line":40,"column":48}}],"line":40},"6":{"loc":{"start":{"line":41,"column":15},"end":{"line":43,"column":27}},"type":"cond-expr","locations":[{"start":{"line":42,"column":12},"end":{"line":42,"column":97}},{"start":{"line":43,"column":12},"end":{"line":43,"column":27}}],"line":41},"7":{"loc":{"start":{"line":41,"column":15},"end":{"line":41,"column":51}},"type":"binary-expr","locations":[{"start":{"line":41,"column":15},"end":{"line":41,"column":26}},{"start":{"line":41,"column":30},"end":{"line":41,"column":51}}],"line":41},"8":{"loc":{"start":{"line":44,"column":20},"end":{"line":44,"column":74}},"type":"binary-expr","locations":[{"start":{"line":44,"column":20},"end":{"line":44,"column":36}},{"start":{"line":44,"column":40},"end":{"line":44,"column":55}},{"start":{"line":44,"column":59},"end":{"line":44,"column":74}}],"line":44},"9":{"loc":{"start":{"line":45,"column":18},"end":{"line":45,"column":51}},"type":"binary-expr","locations":[{"start":{"line":45,"column":18},"end":{"line":45,"column":32}},{"start":{"line":45,"column":36},"end":{"line":45,"column":51}}],"line":45},"10":{"loc":{"start":{"line":46,"column":16},"end":{"line":46,"column":39}},"type":"binary-expr","locations":[{"start":{"line":46,"column":16},"end":{"line":46,"column":28}},{"start":{"line":46,"column":32},"end":{"line":46,"column":39}}],"line":46},"11":{"loc":{"start":{"line":48,"column":20},"end":{"line":48,"column":46}},"type":"binary-expr","locations":[{"start":{"line":48,"column":20},"end":{"line":48,"column":37}},{"start":{"line":48,"column":41},"end":{"line":48,"column":46}}],"line":48},"12":{"loc":{"start":{"line":49,"column":20},"end":{"line":49,"column":74}},"type":"cond-expr","locations":[{"start":{"line":49,"column":40},"end":{"line":49,"column":67}},{"start":{"line":49,"column":70},"end":{"line":49,"column":74}}],"line":49},"13":{"loc":{"start":{"line":54,"column":23},"end":{"line":54,"column":52}},"type":"binary-expr","locations":[{"start":{"line":54,"column":23},"end":{"line":54,"column":32}},{"start":{"line":54,"column":36},"end":{"line":54,"column":52}}],"line":54},"14":{"loc":{"start":{"line":90,"column":4},"end":{"line":90,"column":39}},"type":"if","locations":[{"start":{"line":90,"column":4},"end":{"line":90,"column":39}},{"start":{},"end":{}}],"line":90},"15":{"loc":{"start":{"line":91,"column":4},"end":{"line":91,"column":47}},"type":"if","locations":[{"start":{"line":91,"column":4},"end":{"line":91,"column":47}},{"start":{},"end":{}}],"line":91},"16":{"loc":{"start":{"line":92,"column":4},"end":{"line":92,"column":43}},"type":"if","locations":[{"start":{"line":92,"column":4},"end":{"line":92,"column":43}},{"start":{},"end":{}}],"line":92},"17":{"loc":{"start":{"line":93,"column":4},"end":{"line":93,"column":40}},"type":"if","locations":[{"start":{"line":93,"column":4},"end":{"line":93,"column":40}},{"start":{},"end":{}}],"line":93},"18":{"loc":{"start":{"line":97,"column":2},"end":{"line":97,"column":28}},"type":"if","locations":[{"start":{"line":97,"column":2},"end":{"line":97,"column":28}},{"start":{},"end":{}}],"line":97},"19":{"loc":{"start":{"line":110,"column":15},"end":{"line":110,"column":68}},"type":"cond-expr","locations":[{"start":{"line":110,"column":27},"end":{"line":110,"column":51}},{"start":{"line":110,"column":54},"end":{"line":110,"column":68}}],"line":110},"20":{"loc":{"start":{"line":117,"column":11},"end":{"line":199,"column":18}},"type":"cond-expr","locations":[{"start":{"line":118,"column":12},"end":{"line":121,"column":19}},{"start":{"line":122,"column":14},"end":{"line":199,"column":18}}],"line":117},"21":{"loc":{"start":{"line":122,"column":14},"end":{"line":199,"column":18}},"type":"cond-expr","locations":[{"start":{"line":123,"column":12},"end":{"line":128,"column":19}},{"start":{"line":129,"column":14},"end":{"line":199,"column":18}}],"line":122},"22":{"loc":{"start":{"line":129,"column":14},"end":{"line":199,"column":18}},"type":"cond-expr","locations":[{"start":{"line":130,"column":12},"end":{"line":198,"column":25}},{"start":{"line":199,"column":14},"end":{"line":199,"column":18}}],"line":129},"23":{"loc":{"start":{"line":144,"column":22},"end":{"line":144,"column":93}},"type":"cond-expr","locations":[{"start":{"line":144,"column":45},"end":{"line":144,"column":67}},{"start":{"line":144,"column":70},"end":{"line":144,"column":93}}],"line":144},"24":{"loc":{"start":{"line":147,"column":23},"end":{"line":149,"column":32}},"type":"cond-expr","locations":[{"start":{"line":147,"column":46},"end":{"line":147,"column":54}},{"start":{"line":148,"column":23},"end":{"line":149,"column":32}}],"line":147},"25":{"loc":{"start":{"line":148,"column":23},"end":{"line":149,"column":32}},"type":"cond-expr","locations":[{"start":{"line":148,"column":46},"end":{"line":148,"column":97}},{"start":{"line":149,"column":23},"end":{"line":149,"column":32}}],"line":148}},"s":{"0":1,"1":0,"2":0,"3":0,"4":0,"5":0,"6":0,"7":0,"8":0,"9":0,"10":0,"11":0,"12":0,"13":0,"14":0,"15":0,"16":0,"17":0,"18":0,"19":0,"20":0,"21":0,"22":0,"23":0,"24":0,"25":0,"26":0,"27":0,"28":0,"29":0,"30":0,"31":0,"32":0,"33":0,"34":0,"35":0,"36":0,"37":0,"38":0,"39":1},"f":{"0":0,"1":0,"2":0,"3":0,"4":0},"b":{"0":[0,0],"1":[0,0],"2":[0,0],"3":[0,0,0],"4":[0,0,0],"5":[0,0],"6":[0,0],"7":[0,0],"8":[0,0,0],"9":[0,0],"10":[0,0],"11":[0,0],"12":[0,0],"13":[0,0],"14":[0,0],"15":[0,0],"16":[0,0],"17":[0,0],"18":[0,0],"19":[0,0],"20":[0,0],"21":[0,0],"22":[0,0],"23":[0,0],"24":[0,0],"25":[0,0]},"_coverageSchema":"1a1c01bbd47fc00a2c39e90264f33305004495a9","hash":"caf4cb6ffe896065003209afe36cd8d8256166b5"}
,"C:\\Projects\\Whispr_Mobile_App_Dev\\src\\config\\bkp_env copy.ts": {"path":"C:\\Projects\\Whispr_Mobile_App_Dev\\src\\config\\bkp_env copy.ts","statementMap":{"0":{"start":{"line":5,"column":31},"end":{"line":14,"column":1}}},"fnMap":{},"branchMap":{},"s":{"0":0},"f":{},"b":{}}
,"C:\\Projects\\Whispr_Mobile_App_Dev\\src\\config\\env.ts": {"path":"C:\\Projects\\Whispr_Mobile_App_Dev\\src\\config\\env.ts","statementMap":{"0":{"start":{"line":5,"column":31},"end":{"line":13,"column":1}}},"fnMap":{},"branchMap":{},"s":{"0":4},"f":{},"b":{},"_coverageSchema":"1a1c01bbd47fc00a2c39e90264f33305004495a9","hash":"f34912229b9fdc32a7220807b2e781cff403d9c6"}
,"C:\\Projects\\Whispr_Mobile_App_Dev\\src\\config\\supabase.ts": {"path":"C:\\Projects\\Whispr_Mobile_App_Dev\\src\\config\\supabase.ts","statementMap":{"0":{"start":{"line":6,"column":24},"end":{"line":18,"column":2}},"1":{"start":{"line":21,"column":22},"end":{"line":27,"column":10}}},"fnMap":{},"branchMap":{},"s":{"0":1,"1":1},"f":{},"b":{},"_coverageSchema":"1a1c01bbd47fc00a2c39e90264f33305004495a9","hash":"5540172be62828227a873db61658a8ff2c9c156a"}
,"C:\\Projects\\Whispr_Mobile_App_Dev\\src\\modules\\nearby\\NearbyScreen.tsx": {"path":"C:\\Projects\\Whispr_Mobile_App_Dev\\src\\modules\\nearby\\NearbyScreen.tsx","statementMap":{"0":{"start":{"line":17,"column":18},"end":{"line":17,"column":42}},"1":{"start":{"line":24,"column":50},"end":{"line":212,"column":1}},"2":{"start":{"line":37,"column":6},"end":{"line":37,"column":23}},"3":{"start":{"line":39,"column":50},"end":{"line":39,"column":65}},"4":{"start":{"line":40,"column":42},"end":{"line":40,"column":75}},"5":{"start":{"line":41,"column":46},"end":{"line":41,"column":58}},"6":{"start":{"line":43,"column":21},"end":{"line":50,"column":3}},"7":{"start":{"line":44,"column":4},"end":{"line":44,"column":25}},"8":{"start":{"line":44,"column":15},"end":{"line":44,"column":25}},"9":{"start":{"line":45,"column":4},"end":{"line":49,"column":7}},"10":{"start":{"line":52,"column":24},"end":{"line":65,"column":3}},"11":{"start":{"line":53,"column":4},"end":{"line":64,"column":5}},"12":{"start":{"line":55,"column":29},"end":{"line":55,"column":78}},"13":{"start":{"line":57,"column":22},"end":{"line":57,"column":68}},"14":{"start":{"line":59,"column":6},"end":{"line":61,"column":7}},"15":{"start":{"line":60,"column":8},"end":{"line":60,"column":51}},"16":{"start":{"line":63,"column":6},"end":{"line":63,"column":55}},"17":{"start":{"line":67,"column":24},"end":{"line":86,"column":3}},"18":{"start":{"line":68,"column":4},"end":{"line":85,"column":11}},"19":{"start":{"line":79,"column":12},"end":{"line":81,"column":19}},"20":{"start":{"line":88,"column":29},"end":{"line":145,"column":3}},"21":{"start":{"line":89,"column":4},"end":{"line":144,"column":11}},"22":{"start":{"line":147,"column":28},"end":{"line":190,"column":3}},"23":{"start":{"line":148,"column":4},"end":{"line":189,"column":11}},"24":{"start":{"line":159,"column":12},"end":{"line":176,"column":31}},"25":{"start":{"line":162,"column":29},"end":{"line":162,"column":48}},"26":{"start":{"line":192,"column":2},"end":{"line":211,"column":4}},"27":{"start":{"line":214,"column":15},"end":{"line":444,"column":2}}},"fnMap":{"0":{"name":"(anonymous_0)","decl":{"start":{"line":24,"column":50},"end":{"line":24,"column":51}},"loc":{"start":{"line":24,"column":78},"end":{"line":212,"column":1}},"line":24},"1":{"name":"(anonymous_1)","decl":{"start":{"line":43,"column":21},"end":{"line":43,"column":22}},"loc":{"start":{"line":43,"column":52},"end":{"line":50,"column":3}},"line":43},"2":{"name":"(anonymous_2)","decl":{"start":{"line":52,"column":24},"end":{"line":52,"column":25}},"loc":{"start":{"line":52,"column":52},"end":{"line":65,"column":3}},"line":52},"3":{"name":"(anonymous_3)","decl":{"start":{"line":67,"column":24},"end":{"line":67,"column":25}},"loc":{"start":{"line":68,"column":4},"end":{"line":85,"column":11}},"line":68},"4":{"name":"(anonymous_4)","decl":{"start":{"line":78,"column":27},"end":{"line":78,"column":28}},"loc":{"start":{"line":79,"column":12},"end":{"line":81,"column":19}},"line":79},"5":{"name":"(anonymous_5)","decl":{"start":{"line":88,"column":29},"end":{"line":88,"column":30}},"loc":{"start":{"line":89,"column":4},"end":{"line":144,"column":11}},"line":89},"6":{"name":"(anonymous_6)","decl":{"start":{"line":147,"column":28},"end":{"line":147,"column":29}},"loc":{"start":{"line":148,"column":4},"end":{"line":189,"column":11}},"line":148},"7":{"name":"(anonymous_7)","decl":{"start":{"line":158,"column":27},"end":{"line":158,"column":28}},"loc":{"start":{"line":159,"column":12},"end":{"line":176,"column":31}},"line":159},"8":{"name":"(anonymous_8)","decl":{"start":{"line":162,"column":23},"end":{"line":162,"column":24}},"loc":{"start":{"line":162,"column":29},"end":{"line":162,"column":48}},"line":162}},"branchMap":{"0":{"loc":{"start":{"line":44,"column":4},"end":{"line":44,"column":25}},"type":"if","locations":[{"start":{"line":44,"column":4},"end":{"line":44,"column":25}},{"start":{},"end":{}}],"line":44},"1":{"loc":{"start":{"line":59,"column":6},"end":{"line":61,"column":7}},"type":"if","locations":[{"start":{"line":59,"column":6},"end":{"line":61,"column":7}},{"start":{},"end":{}}],"line":59},"2":{"loc":{"start":{"line":73,"column":13},"end":{"line":75,"column":42}},"type":"cond-expr","locations":[{"start":{"line":74,"column":16},"end":{"line":74,"column":87}},{"start":{"line":75,"column":16},"end":{"line":75,"column":42}}],"line":73},"3":{"loc":{"start":{"line":74,"column":45},"end":{"line":74,"column":78}},"type":"cond-expr","locations":[{"start":{"line":74,"column":70},"end":{"line":74,"column":73}},{"start":{"line":74,"column":76},"end":{"line":74,"column":78}}],"line":74},"4":{"loc":{"start":{"line":98,"column":26},"end":{"line":98,"column":59}},"type":"cond-expr","locations":[{"start":{"line":98,"column":38},"end":{"line":98,"column":47}},{"start":{"line":98,"column":50},"end":{"line":98,"column":59}}],"line":98},"5":{"loc":{"start":{"line":111,"column":26},"end":{"line":111,"column":61}},"type":"cond-expr","locations":[{"start":{"line":111,"column":40},"end":{"line":111,"column":49}},{"start":{"line":111,"column":52},"end":{"line":111,"column":61}}],"line":111},"6":{"loc":{"start":{"line":123,"column":20},"end":{"line":123,"column":43}},"type":"binary-expr","locations":[{"start":{"line":123,"column":20},"end":{"line":123,"column":30}},{"start":{"line":123,"column":34},"end":{"line":123,"column":43}}],"line":123},"7":{"loc":{"start":{"line":132,"column":20},"end":{"line":132,"column":43}},"type":"binary-expr","locations":[{"start":{"line":132,"column":20},"end":{"line":132,"column":30}},{"start":{"line":132,"column":34},"end":{"line":132,"column":43}}],"line":132},"8":{"loc":{"start":{"line":139,"column":7},"end":{"line":143,"column":7}},"type":"binary-expr","locations":[{"start":{"line":139,"column":7},"end":{"line":139,"column":18}},{"start":{"line":140,"column":8},"end":{"line":142,"column":15}}],"line":139},"9":{"loc":{"start":{"line":151,"column":7},"end":{"line":188,"column":7}},"type":"cond-expr","locations":[{"start":{"line":152,"column":8},"end":{"line":155,"column":15}},{"start":{"line":156,"column":10},"end":{"line":188,"column":7}}],"line":151},"10":{"loc":{"start":{"line":156,"column":10},"end":{"line":188,"column":7}},"type":"cond-expr","locations":[{"start":{"line":157,"column":8},"end":{"line":178,"column":15}},{"start":{"line":180,"column":8},"end":{"line":187,"column":15}}],"line":156},"11":{"loc":{"start":{"line":170,"column":19},"end":{"line":170,"column":69}},"type":"cond-expr","locations":[{"start":{"line":170,"column":36},"end":{"line":170,"column":47}},{"start":{"line":170,"column":50},"end":{"line":170,"column":69}}],"line":170},"12":{"loc":{"start":{"line":182,"column":13},"end":{"line":184,"column":60}},"type":"cond-expr","locations":[{"start":{"line":183,"column":16},"end":{"line":183,"column":42}},{"start":{"line":184,"column":16},"end":{"line":184,"column":60}}],"line":182},"13":{"loc":{"start":{"line":205,"column":7},"end":{"line":209,"column":7}},"type":"binary-expr","locations":[{"start":{"line":205,"column":7},"end":{"line":205,"column":12}},{"start":{"line":206,"column":8},"end":{"line":208,"column":15}}],"line":205}},"s":{"0":1,"1":1,"2":0,"3":0,"4":0,"5":0,"6":0,"7":0,"8":0,"9":0,"10":0,"11":0,"12":0,"13":0,"14":0,"15":0,"16":0,"17":0,"18":0,"19":0,"20":0,"21":0,"22":0,"23":0,"24":0,"25":0,"26":0,"27":1},"f":{"0":0,"1":0,"2":0,"3":0,"4":0,"5":0,"6":0,"7":0,"8":0},"b":{"0":[0,0],"1":[0,0],"2":[0,0],"3":[0,0],"4":[0,0],"5":[0,0],"6":[0,0],"7":[0,0],"8":[0,0],"9":[0,0],"10":[0,0],"11":[0,0],"12":[0,0],"13":[0,0]},"_coverageSchema":"1a1c01bbd47fc00a2c39e90264f33305004495a9","hash":"3577bc7102dca22cac0f5c06654e62a12aa68d9c"}
,"C:\\Projects\\Whispr_Mobile_App_Dev\\src\\modules\\nearby\\NearbyService.ts": {"path":"C:\\Projects\\Whispr_Mobile_App_Dev\\src\\modules\\nearby\\NearbyService.ts","statementMap":{"0":{"start":{"line":21,"column":49},"end":{"line":21,"column":53}},"1":{"start":{"line":24,"column":4},"end":{"line":26,"column":5}},"2":{"start":{"line":25,"column":6},"end":{"line":25,"column":51}},"3":{"start":{"line":27,"column":4},"end":{"line":27,"column":34}},"4":{"start":{"line":34,"column":4},"end":{"line":56,"column":7}},"5":{"start":{"line":35,"column":6},"end":{"line":55,"column":8}},"6":{"start":{"line":37,"column":41},"end":{"line":41,"column":11}},"7":{"start":{"line":42,"column":10},"end":{"line":42,"column":42}},"8":{"start":{"line":43,"column":10},"end":{"line":43,"column":56}},"9":{"start":{"line":44,"column":10},"end":{"line":44,"column":28}},"10":{"start":{"line":47,"column":10},"end":{"line":47,"column":52}},"11":{"start":{"line":48,"column":10},"end":{"line":48,"column":24}},"12":{"start":{"line":64,"column":22},"end":{"line":64,"column":65}},"13":{"start":{"line":65,"column":22},"end":{"line":65,"column":66}},"14":{"start":{"line":68,"column":20},"end":{"line":68,"column":63}},"15":{"start":{"line":71,"column":4},"end":{"line":71,"column":47}},"16":{"start":{"line":78,"column":19},"end":{"line":78,"column":53}},"17":{"start":{"line":79,"column":17},"end":{"line":79,"column":21}},"18":{"start":{"line":80,"column":14},"end":{"line":80,"column":15}},"19":{"start":{"line":81,"column":13},"end":{"line":81,"column":14}},"20":{"start":{"line":82,"column":18},"end":{"line":82,"column":20}},"21":{"start":{"line":84,"column":17},"end":{"line":84,"column":20}},"22":{"start":{"line":85,"column":17},"end":{"line":85,"column":19}},"23":{"start":{"line":86,"column":17},"end":{"line":86,"column":21}},"24":{"start":{"line":87,"column":17},"end":{"line":87,"column":20}},"25":{"start":{"line":89,"column":4},"end":{"line":117,"column":5}},"26":{"start":{"line":90,"column":6},"end":{"line":106,"column":7}},"27":{"start":{"line":91,"column":23},"end":{"line":91,"column":44}},"28":{"start":{"line":92,"column":8},"end":{"line":97,"column":9}},"29":{"start":{"line":93,"column":10},"end":{"line":93,"column":33}},"30":{"start":{"line":94,"column":10},"end":{"line":94,"column":26}},"31":{"start":{"line":96,"column":10},"end":{"line":96,"column":26}},"32":{"start":{"line":99,"column":23},"end":{"line":99,"column":44}},"33":{"start":{"line":100,"column":8},"end":{"line":105,"column":9}},"34":{"start":{"line":101,"column":10},"end":{"line":101,"column":33}},"35":{"start":{"line":102,"column":10},"end":{"line":102,"column":26}},"36":{"start":{"line":104,"column":10},"end":{"line":104,"column":26}},"37":{"start":{"line":108,"column":6},"end":{"line":108,"column":23}},"38":{"start":{"line":110,"column":6},"end":{"line":116,"column":7}},"39":{"start":{"line":111,"column":8},"end":{"line":111,"column":14}},"40":{"start":{"line":113,"column":8},"end":{"line":113,"column":30}},"41":{"start":{"line":114,"column":8},"end":{"line":114,"column":16}},"42":{"start":{"line":115,"column":8},"end":{"line":115,"column":15}},"43":{"start":{"line":119,"column":4},"end":{"line":119,"column":19}},"44":{"start":{"line":126,"column":4},"end":{"line":150,"column":5}},"45":{"start":{"line":127,"column":23},"end":{"line":127,"column":54}},"46":{"start":{"line":128,"column":24},"end":{"line":128,"column":54}},"47":{"start":{"line":130,"column":6},"end":{"line":130,"column":71}},"48":{"start":{"line":132,"column":24},"end":{"line":138,"column":10}},"49":{"start":{"line":140,"column":6},"end":{"line":143,"column":7}},"50":{"start":{"line":141,"column":8},"end":{"line":141,"column":57}},"51":{"start":{"line":142,"column":8},"end":{"line":142,"column":21}},"52":{"start":{"line":145,"column":6},"end":{"line":145,"column":58}},"53":{"start":{"line":146,"column":6},"end":{"line":146,"column":18}},"54":{"start":{"line":148,"column":6},"end":{"line":148,"column":56}},"55":{"start":{"line":149,"column":6},"end":{"line":149,"column":19}},"56":{"start":{"line":157,"column":4},"end":{"line":197,"column":5}},"57":{"start":{"line":158,"column":6},"end":{"line":160,"column":7}},"58":{"start":{"line":159,"column":8},"end":{"line":159,"column":40}},"59":{"start":{"line":162,"column":6},"end":{"line":164,"column":7}},"60":{"start":{"line":163,"column":8},"end":{"line":163,"column":58}},"61":{"start":{"line":167,"column":25},"end":{"line":167,"column":74}},"62":{"start":{"line":169,"column":6},"end":{"line":169,"column":76}},"63":{"start":{"line":171,"column":30},"end":{"line":173,"column":8}},"64":{"start":{"line":175,"column":6},"end":{"line":178,"column":7}},"65":{"start":{"line":176,"column":8},"end":{"line":176,"column":45}},"66":{"start":{"line":177,"column":8},"end":{"line":177,"column":20}},"67":{"start":{"line":180,"column":6},"end":{"line":180,"column":48}},"68":{"start":{"line":183,"column":40},"end":{"line":190,"column":11}},"69":{"start":{"line":184,"column":31},"end":{"line":184,"column":54}},"70":{"start":{"line":185,"column":44},"end":{"line":190,"column":9}},"71":{"start":{"line":192,"column":6},"end":{"line":192,"column":61}},"72":{"start":{"line":193,"column":6},"end":{"line":193,"column":25}},"73":{"start":{"line":195,"column":6},"end":{"line":195,"column":56}},"74":{"start":{"line":196,"column":6},"end":{"line":196,"column":16}},"75":{"start":{"line":204,"column":30},"end":{"line":204,"column":32}},"76":{"start":{"line":207,"column":20},"end":{"line":217,"column":5}},"77":{"start":{"line":219,"column":4},"end":{"line":226,"column":7}},"78":{"start":{"line":220,"column":43},"end":{"line":224,"column":7}},"79":{"start":{"line":225,"column":6},"end":{"line":225,"column":57}},"80":{"start":{"line":228,"column":4},"end":{"line":228,"column":19}},"81":{"start":{"line":240,"column":4},"end":{"line":264,"column":5}},"82":{"start":{"line":241,"column":6},"end":{"line":241,"column":87}},"83":{"start":{"line":243,"column":24},"end":{"line":252,"column":10}},"84":{"start":{"line":254,"column":6},"end":{"line":257,"column":7}},"85":{"start":{"line":255,"column":8},"end":{"line":255,"column":54}},"86":{"start":{"line":256,"column":8},"end":{"line":256,"column":21}},"87":{"start":{"line":259,"column":6},"end":{"line":259,"column":54}},"88":{"start":{"line":260,"column":6},"end":{"line":260,"column":18}},"89":{"start":{"line":262,"column":6},"end":{"line":262,"column":58}},"90":{"start":{"line":263,"column":6},"end":{"line":263,"column":19}},"91":{"start":{"line":271,"column":4},"end":{"line":271,"column":32}}},"fnMap":{"0":{"name":"(anonymous_0)","decl":{"start":{"line":23,"column":2},"end":{"line":23,"column":3}},"loc":{"start":{"line":23,"column":38},"end":{"line":28,"column":3}},"line":23},"1":{"name":"(anonymous_1)","decl":{"start":{"line":33,"column":2},"end":{"line":33,"column":3}},"loc":{"start":{"line":33,"column":52},"end":{"line":57,"column":3}},"line":33},"2":{"name":"(anonymous_2)","decl":{"start":{"line":34,"column":23},"end":{"line":34,"column":24}},"loc":{"start":{"line":34,"column":44},"end":{"line":56,"column":5}},"line":34},"3":{"name":"(anonymous_3)","decl":{"start":{"line":36,"column":8},"end":{"line":36,"column":9}},"loc":{"start":{"line":36,"column":22},"end":{"line":45,"column":9}},"line":36},"4":{"name":"(anonymous_4)","decl":{"start":{"line":46,"column":8},"end":{"line":46,"column":9}},"loc":{"start":{"line":46,"column":19},"end":{"line":49,"column":9}},"line":46},"5":{"name":"(anonymous_5)","decl":{"start":{"line":62,"column":2},"end":{"line":62,"column":3}},"loc":{"start":{"line":62,"column":58},"end":{"line":72,"column":3}},"line":62},"6":{"name":"(anonymous_6)","decl":{"start":{"line":77,"column":2},"end":{"line":77,"column":3}},"loc":{"start":{"line":77,"column":77},"end":{"line":120,"column":3}},"line":77},"7":{"name":"(anonymous_7)","decl":{"start":{"line":125,"column":2},"end":{"line":125,"column":3}},"loc":{"start":{"line":125,"column":61},"end":{"line":151,"column":3}},"line":125},"8":{"name":"(anonymous_8)","decl":{"start":{"line":156,"column":2},"end":{"line":156,"column":3}},"loc":{"start":{"line":156,"column":62},"end":{"line":198,"column":3}},"line":156},"9":{"name":"(anonymous_9)","decl":{"start":{"line":184,"column":16},"end":{"line":184,"column":17}},"loc":{"start":{"line":184,"column":31},"end":{"line":184,"column":54}},"line":184},"10":{"name":"(anonymous_10)","decl":{"start":{"line":185,"column":13},"end":{"line":185,"column":14}},"loc":{"start":{"line":185,"column":44},"end":{"line":190,"column":9}},"line":185},"11":{"name":"(anonymous_11)","decl":{"start":{"line":203,"column":2},"end":{"line":203,"column":3}},"loc":{"start":{"line":203,"column":67},"end":{"line":229,"column":3}},"line":203},"12":{"name":"(anonymous_12)","decl":{"start":{"line":219,"column":20},"end":{"line":219,"column":21}},"loc":{"start":{"line":219,"column":30},"end":{"line":226,"column":5}},"line":219},"13":{"name":"(anonymous_13)","decl":{"start":{"line":234,"column":2},"end":{"line":234,"column":3}},"loc":{"start":{"line":239,"column":22},"end":{"line":265,"column":3}},"line":239},"14":{"name":"(anonymous_14)","decl":{"start":{"line":270,"column":2},"end":{"line":270,"column":3}},"loc":{"start":{"line":270,"column":43},"end":{"line":272,"column":3}},"line":270}},"branchMap":{"0":{"loc":{"start":{"line":24,"column":4},"end":{"line":26,"column":5}},"type":"if","locations":[{"start":{"line":24,"column":4},"end":{"line":26,"column":5}},{"start":{},"end":{}}],"line":24},"1":{"loc":{"start":{"line":40,"column":22},"end":{"line":40,"column":51}},"type":"binary-expr","locations":[{"start":{"line":40,"column":22},"end":{"line":40,"column":46}},{"start":{"line":40,"column":50},"end":{"line":40,"column":51}}],"line":40},"2":{"loc":{"start":{"line":90,"column":6},"end":{"line":106,"column":7}},"type":"if","locations":[{"start":{"line":90,"column":6},"end":{"line":106,"column":7}},{"start":{"line":98,"column":13},"end":{"line":106,"column":7}}],"line":90},"3":{"loc":{"start":{"line":92,"column":8},"end":{"line":97,"column":9}},"type":"if","locations":[{"start":{"line":92,"column":8},"end":{"line":97,"column":9}},{"start":{"line":95,"column":15},"end":{"line":97,"column":9}}],"line":92},"4":{"loc":{"start":{"line":100,"column":8},"end":{"line":105,"column":9}},"type":"if","locations":[{"start":{"line":100,"column":8},"end":{"line":105,"column":9}},{"start":{"line":103,"column":15},"end":{"line":105,"column":9}}],"line":100},"5":{"loc":{"start":{"line":110,"column":6},"end":{"line":116,"column":7}},"type":"if","locations":[{"start":{"line":110,"column":6},"end":{"line":116,"column":7}},{"start":{"line":112,"column":13},"end":{"line":116,"column":7}}],"line":110},"6":{"loc":{"start":{"line":140,"column":6},"end":{"line":143,"column":7}},"type":"if","locations":[{"start":{"line":140,"column":6},"end":{"line":143,"column":7}},{"start":{},"end":{}}],"line":140},"7":{"loc":{"start":{"line":158,"column":6},"end":{"line":160,"column":7}},"type":"if","locations":[{"start":{"line":158,"column":6},"end":{"line":160,"column":7}},{"start":{},"end":{}}],"line":158},"8":{"loc":{"start":{"line":162,"column":6},"end":{"line":164,"column":7}},"type":"if","locations":[{"start":{"line":162,"column":6},"end":{"line":164,"column":7}},{"start":{},"end":{}}],"line":162},"9":{"loc":{"start":{"line":175,"column":6},"end":{"line":178,"column":7}},"type":"if","locations":[{"start":{"line":175,"column":6},"end":{"line":178,"column":7}},{"start":{},"end":{}}],"line":175},"10":{"loc":{"start":{"line":183,"column":41},"end":{"line":183,"column":51}},"type":"binary-expr","locations":[{"start":{"line":183,"column":41},"end":{"line":183,"column":45}},{"start":{"line":183,"column":49},"end":{"line":183,"column":51}}],"line":183},"11":{"loc":{"start":{"line":238,"column":4},"end":{"line":238,"column":26}},"type":"default-arg","locations":[{"start":{"line":238,"column":19},"end":{"line":238,"column":26}}],"line":238},"12":{"loc":{"start":{"line":254,"column":6},"end":{"line":257,"column":7}},"type":"if","locations":[{"start":{"line":254,"column":6},"end":{"line":257,"column":7}},{"start":{},"end":{}}],"line":254}},"s":{"0":0,"1":0,"2":0,"3":0,"4":0,"5":0,"6":0,"7":0,"8":0,"9":0,"10":0,"11":0,"12":0,"13":0,"14":0,"15":0,"16":0,"17":0,"18":0,"19":0,"20":0,"21":0,"22":0,"23":0,"24":0,"25":0,"26":0,"27":0,"28":0,"29":0,"30":0,"31":0,"32":0,"33":0,"34":0,"35":0,"36":0,"37":0,"38":0,"39":0,"40":0,"41":0,"42":0,"43":0,"44":0,"45":0,"46":0,"47":0,"48":0,"49":0,"50":0,"51":0,"52":0,"53":0,"54":0,"55":0,"56":0,"57":0,"58":0,"59":0,"60":0,"61":0,"62":0,"63":0,"64":0,"65":0,"66":0,"67":0,"68":0,"69":0,"70":0,"71":0,"72":0,"73":0,"74":0,"75":0,"76":0,"77":0,"78":0,"79":0,"80":0,"81":0,"82":0,"83":0,"84":0,"85":0,"86":0,"87":0,"88":0,"89":0,"90":0,"91":0},"f":{"0":0,"1":0,"2":0,"3":0,"4":0,"5":0,"6":0,"7":0,"8":0,"9":0,"10":0,"11":0,"12":0,"13":0,"14":0},"b":{"0":[0,0],"1":[0,0],"2":[0,0],"3":[0,0],"4":[0,0],"5":[0,0],"6":[0,0],"7":[0,0],"8":[0,0],"9":[0,0],"10":[0,0],"11":[0],"12":[0,0]},"_coverageSchema":"1a1c01bbd47fc00a2c39e90264f33305004495a9","hash":"b1ae4459f732d082b274393f17970b044b8fd47b"}
,"C:\\Projects\\Whispr_Mobile_App_Dev\\src\\modules\\nearby\\index.ts": {"path":"C:\\Projects\\Whispr_Mobile_App_Dev\\src\\modules\\nearby\\index.ts","statementMap":{},"fnMap":{},"branchMap":{},"s":{},"f":{},"b":{},"_coverageSchema":"1a1c01bbd47fc00a2c39e90264f33305004495a9","hash":"580518ebb5834da347aeb3110acf750e6c2ac50f"}
,"C:\\Projects\\Whispr_Mobile_App_Dev\\src\\modules\\nearby\\useNearby.ts": {"path":"C:\\Projects\\Whispr_Mobile_App_Dev\\src\\modules\\nearby\\useNearby.ts","statementMap":{"0":{"start":{"line":19,"column":25},"end":{"line":167,"column":1}},"1":{"start":{"line":20,"column":40},"end":{"line":20,"column":66}},"2":{"start":{"line":21,"column":36},"end":{"line":21,"column":51}},"3":{"start":{"line":22,"column":36},"end":{"line":22,"column":51}},"4":{"start":{"line":23,"column":40},"end":{"line":23,"column":55}},"5":{"start":{"line":24,"column":40},"end":{"line":24,"column":67}},"6":{"start":{"line":25,"column":28},"end":{"line":25,"column":57}},"7":{"start":{"line":27,"column":24},"end":{"line":27,"column":51}},"8":{"start":{"line":30,"column":2},"end":{"line":38,"column":31}},"9":{"start":{"line":31,"column":4},"end":{"line":31,"column":43}},"10":{"start":{"line":31,"column":36},"end":{"line":31,"column":43}},"11":{"start":{"line":33,"column":21},"end":{"line":35,"column":14}},"12":{"start":{"line":34,"column":6},"end":{"line":34,"column":24}},"13":{"start":{"line":37,"column":4},"end":{"line":37,"column":41}},"14":{"start":{"line":37,"column":17},"end":{"line":37,"column":40}},"15":{"start":{"line":40,"column":26},"end":{"line":69,"column":40}},"16":{"start":{"line":41,"column":4},"end":{"line":41,"column":27}},"17":{"start":{"line":41,"column":20},"end":{"line":41,"column":27}},"18":{"start":{"line":43,"column":4},"end":{"line":68,"column":5}},"19":{"start":{"line":44,"column":6},"end":{"line":44,"column":25}},"20":{"start":{"line":45,"column":6},"end":{"line":45,"column":21}},"21":{"start":{"line":47,"column":6},"end":{"line":47,"column":47}},"22":{"start":{"line":48,"column":22},"end":{"line":48,"column":68}},"23":{"start":{"line":50,"column":6},"end":{"line":55,"column":7}},"24":{"start":{"line":51,"column":8},"end":{"line":51,"column":35}},"25":{"start":{"line":52,"column":8},"end":{"line":52,"column":57}},"26":{"start":{"line":54,"column":8},"end":{"line":54,"column":53}},"27":{"start":{"line":57,"column":27},"end":{"line":57,"column":92}},"28":{"start":{"line":58,"column":6},"end":{"line":58,"column":29}},"29":{"start":{"line":59,"column":6},"end":{"line":59,"column":54}},"30":{"start":{"line":61,"column":6},"end":{"line":65,"column":8}},"31":{"start":{"line":67,"column":6},"end":{"line":67,"column":26}},"32":{"start":{"line":71,"column":26},"end":{"line":99,"column":40}},"33":{"start":{"line":72,"column":4},"end":{"line":72,"column":27}},"34":{"start":{"line":72,"column":20},"end":{"line":72,"column":27}},"35":{"start":{"line":74,"column":4},"end":{"line":98,"column":5}},"36":{"start":{"line":75,"column":6},"end":{"line":75,"column":25}},"37":{"start":{"line":76,"column":6},"end":{"line":76,"column":21}},"38":{"start":{"line":78,"column":6},"end":{"line":78,"column":48}},"39":{"start":{"line":79,"column":20},"end":{"line":79,"column":62}},"40":{"start":{"line":81,"column":6},"end":{"line":81,"column":71}},"41":{"start":{"line":82,"column":6},"end":{"line":82,"column":28}},"42":{"start":{"line":83,"column":6},"end":{"line":83,"column":33}},"43":{"start":{"line":85,"column":6},"end":{"line":85,"column":56}},"44":{"start":{"line":87,"column":27},"end":{"line":87,"column":93}},"45":{"start":{"line":88,"column":6},"end":{"line":88,"column":29}},"46":{"start":{"line":89,"column":6},"end":{"line":89,"column":55}},"47":{"start":{"line":91,"column":6},"end":{"line":95,"column":8}},"48":{"start":{"line":97,"column":6},"end":{"line":97,"column":26}},"49":{"start":{"line":101,"column":24},"end":{"line":116,"column":51}},"50":{"start":{"line":102,"column":23},"end":{"line":102,"column":33}},"51":{"start":{"line":103,"column":4},"end":{"line":103,"column":29}},"52":{"start":{"line":105,"column":4},"end":{"line":115,"column":5}},"53":{"start":{"line":107,"column":6},"end":{"line":109,"column":9}},"54":{"start":{"line":108,"column":8},"end":{"line":108,"column":26}},"55":{"start":{"line":112,"column":6},"end":{"line":112,"column":25}},"56":{"start":{"line":113,"column":6},"end":{"line":113,"column":27}},"57":{"start":{"line":114,"column":6},"end":{"line":114,"column":21}},"58":{"start":{"line":118,"column":28},"end":{"line":120,"column":8}},"59":{"start":{"line":119,"column":4},"end":{"line":119,"column":34}},"60":{"start":{"line":119,"column":27},"end":{"line":119,"column":32}},"61":{"start":{"line":122,"column":26},"end":{"line":152,"column":29}},"62":{"start":{"line":126,"column":4},"end":{"line":151,"column":5}},"63":{"start":{"line":127,"column":6},"end":{"line":127,"column":61}},"64":{"start":{"line":129,"column":22},"end":{"line":134,"column":7}},"65":{"start":{"line":136,"column":6},"end":{"line":144,"column":7}},"66":{"start":{"line":137,"column":8},"end":{"line":141,"column":10}},"67":{"start":{"line":143,"column":8},"end":{"line":143,"column":74}},"68":{"start":{"line":146,"column":6},"end":{"line":146,"column":21}},"69":{"start":{"line":148,"column":6},"end":{"line":148,"column":55}},"70":{"start":{"line":149,"column":6},"end":{"line":149,"column":72}},"71":{"start":{"line":150,"column":6},"end":{"line":150,"column":19}},"72":{"start":{"line":154,"column":2},"end":{"line":166,"column":4}}},"fnMap":{"0":{"name":"(anonymous_0)","decl":{"start":{"line":19,"column":25},"end":{"line":19,"column":26}},"loc":{"start":{"line":19,"column":62},"end":{"line":167,"column":1}},"line":19},"1":{"name":"(anonymous_1)","decl":{"start":{"line":30,"column":12},"end":{"line":30,"column":13}},"loc":{"start":{"line":30,"column":18},"end":{"line":38,"column":3}},"line":30},"2":{"name":"(anonymous_2)","decl":{"start":{"line":33,"column":33},"end":{"line":33,"column":34}},"loc":{"start":{"line":33,"column":39},"end":{"line":35,"column":5}},"line":33},"3":{"name":"(anonymous_3)","decl":{"start":{"line":37,"column":11},"end":{"line":37,"column":12}},"loc":{"start":{"line":37,"column":17},"end":{"line":37,"column":40}},"line":37},"4":{"name":"(anonymous_4)","decl":{"start":{"line":40,"column":38},"end":{"line":40,"column":39}},"loc":{"start":{"line":40,"column":50},"end":{"line":69,"column":3}},"line":40},"5":{"name":"(anonymous_5)","decl":{"start":{"line":71,"column":38},"end":{"line":71,"column":39}},"loc":{"start":{"line":71,"column":50},"end":{"line":99,"column":3}},"line":71},"6":{"name":"(anonymous_6)","decl":{"start":{"line":101,"column":36},"end":{"line":101,"column":37}},"loc":{"start":{"line":101,"column":42},"end":{"line":116,"column":3}},"line":101},"7":{"name":"(anonymous_7)","decl":{"start":{"line":107,"column":29},"end":{"line":107,"column":30}},"loc":{"start":{"line":107,"column":35},"end":{"line":109,"column":7}},"line":107},"8":{"name":"(anonymous_8)","decl":{"start":{"line":118,"column":40},"end":{"line":118,"column":41}},"loc":{"start":{"line":118,"column":46},"end":{"line":120,"column":3}},"line":118},"9":{"name":"(anonymous_9)","decl":{"start":{"line":119,"column":19},"end":{"line":119,"column":20}},"loc":{"start":{"line":119,"column":27},"end":{"line":119,"column":32}},"line":119},"10":{"name":"(anonymous_10)","decl":{"start":{"line":122,"column":38},"end":{"line":122,"column":39}},"loc":{"start":{"line":125,"column":25},"end":{"line":152,"column":3}},"line":125}},"branchMap":{"0":{"loc":{"start":{"line":31,"column":4},"end":{"line":31,"column":43}},"type":"if","locations":[{"start":{"line":31,"column":4},"end":{"line":31,"column":43}},{"start":{},"end":{}}],"line":31},"1":{"loc":{"start":{"line":31,"column":8},"end":{"line":31,"column":34}},"type":"binary-expr","locations":[{"start":{"line":31,"column":8},"end":{"line":31,"column":20}},{"start":{"line":31,"column":24},"end":{"line":31,"column":34}}],"line":31},"2":{"loc":{"start":{"line":41,"column":4},"end":{"line":41,"column":27}},"type":"if","locations":[{"start":{"line":41,"column":4},"end":{"line":41,"column":27}},{"start":{},"end":{}}],"line":41},"3":{"loc":{"start":{"line":50,"column":6},"end":{"line":55,"column":7}},"type":"if","locations":[{"start":{"line":50,"column":6},"end":{"line":55,"column":7}},{"start":{"line":53,"column":13},"end":{"line":55,"column":7}}],"line":50},"4":{"loc":{"start":{"line":57,"column":27},"end":{"line":57,"column":92}},"type":"cond-expr","locations":[{"start":{"line":57,"column":50},"end":{"line":57,"column":61}},{"start":{"line":57,"column":64},"end":{"line":57,"column":92}}],"line":57},"5":{"loc":{"start":{"line":72,"column":4},"end":{"line":72,"column":27}},"type":"if","locations":[{"start":{"line":72,"column":4},"end":{"line":72,"column":27}},{"start":{},"end":{}}],"line":72},"6":{"loc":{"start":{"line":87,"column":27},"end":{"line":87,"column":93}},"type":"cond-expr","locations":[{"start":{"line":87,"column":50},"end":{"line":87,"column":61}},{"start":{"line":87,"column":64},"end":{"line":87,"column":93}}],"line":87},"7":{"loc":{"start":{"line":105,"column":4},"end":{"line":115,"column":5}},"type":"if","locations":[{"start":{"line":105,"column":4},"end":{"line":115,"column":5}},{"start":{"line":110,"column":11},"end":{"line":115,"column":5}}],"line":105},"8":{"loc":{"start":{"line":136,"column":6},"end":{"line":144,"column":7}},"type":"if","locations":[{"start":{"line":136,"column":6},"end":{"line":144,"column":7}},{"start":{"line":142,"column":13},"end":{"line":144,"column":7}}],"line":136}},"s":{"0":1,"1":0,"2":0,"3":0,"4":0,"5":0,"6":0,"7":0,"8":0,"9":0,"10":0,"11":0,"12":0,"13":0,"14":0,"15":0,"16":0,"17":0,"18":0,"19":0,"20":0,"21":0,"22":0,"23":0,"24":0,"25":0,"26":0,"27":0,"28":0,"29":0,"30":0,"31":0,"32":0,"33":0,"34":0,"35":0,"36":0,"37":0,"38":0,"39":0,"40":0,"41":0,"42":0,"43":0,"44":0,"45":0,"46":0,"47":0,"48":0,"49":0,"50":0,"51":0,"52":0,"53":0,"54":0,"55":0,"56":0,"57":0,"58":0,"59":0,"60":0,"61":0,"62":0,"63":0,"64":0,"65":0,"66":0,"67":0,"68":0,"69":0,"70":0,"71":0,"72":0},"f":{"0":0,"1":0,"2":0,"3":0,"4":0,"5":0,"6":0,"7":0,"8":0,"9":0,"10":0},"b":{"0":[0,0],"1":[0,0],"2":[0,0],"3":[0,0],"4":[0,0],"5":[0,0],"6":[0,0],"7":[0,0],"8":[0,0]},"_coverageSchema":"1a1c01bbd47fc00a2c39e90264f33305004495a9","hash":"110c3d1296c6206da32da3ee4c0b37021ea77a14"}
,"C:\\Projects\\Whispr_Mobile_App_Dev\\src\\navigation\\AppNavigator.tsx": {"path":"C:\\Projects\\Whispr_Mobile_App_Dev\\src\\navigation\\AppNavigator.tsx","statementMap":{"0":{"start":{"line":22,"column":22},"end":{"line":101,"column":1}},"1":{"start":{"line":23,"column":30},"end":{"line":23,"column":40}},"2":{"start":{"line":24,"column":44},"end":{"line":24,"column":55}},"3":{"start":{"line":26,"column":26},"end":{"line":32,"column":3}},"4":{"start":{"line":27,"column":4},"end":{"line":27,"column":39}},"5":{"start":{"line":27,"column":29},"end":{"line":27,"column":37}},"6":{"start":{"line":28,"column":4},"end":{"line":31,"column":5}},"7":{"start":{"line":29,"column":6},"end":{"line":29,"column":24}},"8":{"start":{"line":30,"column":6},"end":{"line":30,"column":26}},"9":{"start":{"line":34,"column":2},"end":{"line":100,"column":4}},"10":{"start":{"line":52,"column":29},"end":{"line":52,"column":49}},"11":{"start":{"line":59,"column":29},"end":{"line":59,"column":49}},"12":{"start":{"line":66,"column":29},"end":{"line":66,"column":55}},"13":{"start":{"line":103,"column":28},"end":{"line":198,"column":1}},"14":{"start":{"line":104,"column":42},"end":{"line":104,"column":57}},"15":{"start":{"line":105,"column":50},"end":{"line":105,"column":70}},"16":{"start":{"line":107,"column":16},"end":{"line":118,"column":3}},"17":{"start":{"line":120,"column":27},"end":{"line":158,"column":3}},"18":{"start":{"line":121,"column":4},"end":{"line":157,"column":5}},"19":{"start":{"line":122,"column":6},"end":{"line":122,"column":28}},"20":{"start":{"line":123,"column":6},"end":{"line":123,"column":60}},"21":{"start":{"line":126,"column":41},"end":{"line":126,"column":77}},"22":{"start":{"line":127,"column":25},"end":{"line":127,"column":55}},"23":{"start":{"line":129,"column":6},"end":{"line":132,"column":7}},"24":{"start":{"line":130,"column":8},"end":{"line":130,"column":73}},"25":{"start":{"line":131,"column":8},"end":{"line":131,"column":15}},"26":{"start":{"line":134,"column":6},"end":{"line":134,"column":66}},"27":{"start":{"line":137,"column":38},"end":{"line":137,"column":77}},"28":{"start":{"line":138,"column":38},"end":{"line":138,"column":69}},"29":{"start":{"line":140,"column":26},"end":{"line":140,"column":47}},"30":{"start":{"line":141,"column":22},"end":{"line":144,"column":8}},"31":{"start":{"line":146,"column":6},"end":{"line":148,"column":7}},"32":{"start":{"line":147,"column":8},"end":{"line":147,"column":61}},"33":{"start":{"line":150,"column":6},"end":{"line":150,"column":56}},"34":{"start":{"line":151,"column":6},"end":{"line":151,"column":25}},"35":{"start":{"line":153,"column":6},"end":{"line":153,"column":52}},"36":{"start":{"line":154,"column":6},"end":{"line":154,"column":96}},"37":{"start":{"line":156,"column":6},"end":{"line":156,"column":29}},"38":{"start":{"line":160,"column":2},"end":{"line":197,"column":4}},"39":{"start":{"line":175,"column":14},"end":{"line":183,"column":33}},"40":{"start":{"line":178,"column":31},"end":{"line":178,"column":59}},"41":{"start":{"line":189,"column":27},"end":{"line":189,"column":48}},"42":{"start":{"line":200,"column":21},"end":{"line":368,"column":1}},"43":{"start":{"line":201,"column":44},"end":{"line":201,"column":63}},"44":{"start":{"line":202,"column":44},"end":{"line":202,"column":63}},"45":{"start":{"line":203,"column":52},"end":{"line":203,"column":83}},"46":{"start":{"line":204,"column":66},"end":{"line":204,"column":75}},"47":{"start":{"line":205,"column":26},"end":{"line":205,"column":36}},"48":{"start":{"line":207,"column":19},"end":{"line":219,"column":3}},"49":{"start":{"line":208,"column":4},"end":{"line":208,"column":37}},"50":{"start":{"line":209,"column":4},"end":{"line":209,"column":29}},"51":{"start":{"line":212,"column":4},"end":{"line":218,"column":7}},"52":{"start":{"line":213,"column":25},"end":{"line":213,"column":34}},"53":{"start":{"line":214,"column":6},"end":{"line":216,"column":7}},"54":{"start":{"line":215,"column":8},"end":{"line":215,"column":32}},"55":{"start":{"line":217,"column":6},"end":{"line":217,"column":24}},"56":{"start":{"line":221,"column":17},"end":{"line":232,"column":3}},"57":{"start":{"line":222,"column":4},"end":{"line":231,"column":7}},"58":{"start":{"line":223,"column":6},"end":{"line":229,"column":7}},"59":{"start":{"line":224,"column":27},"end":{"line":224,"column":36}},"60":{"start":{"line":225,"column":8},"end":{"line":225,"column":25}},"61":{"start":{"line":226,"column":31},"end":{"line":226,"column":64}},"62":{"start":{"line":227,"column":8},"end":{"line":227,"column":41}},"63":{"start":{"line":228,"column":8},"end":{"line":228,"column":26}},"64":{"start":{"line":230,"column":6},"end":{"line":230,"column":18}},"65":{"start":{"line":235,"column":2},"end":{"line":258,"column":41}},"66":{"start":{"line":236,"column":23},"end":{"line":253,"column":5}},"67":{"start":{"line":238,"column":6},"end":{"line":252,"column":7}},"68":{"start":{"line":239,"column":8},"end":{"line":239,"column":17}},"69":{"start":{"line":240,"column":8},"end":{"line":240,"column":20}},"70":{"start":{"line":243,"column":8},"end":{"line":250,"column":10}},"71":{"start":{"line":248,"column":65},"end":{"line":248,"column":86}},"72":{"start":{"line":251,"column":8},"end":{"line":251,"column":20}},"73":{"start":{"line":255,"column":24},"end":{"line":255,"column":85}},"74":{"start":{"line":257,"column":4},"end":{"line":257,"column":38}},"75":{"start":{"line":257,"column":17},"end":{"line":257,"column":37}},"76":{"start":{"line":260,"column":2},"end":{"line":260,"column":62}},"77":{"start":{"line":263,"column":2},"end":{"line":270,"column":24}},"78":{"start":{"line":264,"column":4},"end":{"line":269,"column":5}},"79":{"start":{"line":265,"column":26},"end":{"line":265,"column":95}},"80":{"start":{"line":266,"column":6},"end":{"line":268,"column":7}},"81":{"start":{"line":267,"column":8},"end":{"line":267,"column":34}},"82":{"start":{"line":272,"column":2},"end":{"line":278,"column":3}},"83":{"start":{"line":273,"column":4},"end":{"line":277,"column":6}},"84":{"start":{"line":281,"column":2},"end":{"line":283,"column":3}},"85":{"start":{"line":282,"column":4},"end":{"line":282,"column":62}},"86":{"start":{"line":282,"column":38},"end":{"line":282,"column":57}},"87":{"start":{"line":285,"column":2},"end":{"line":298,"column":3}},"88":{"start":{"line":286,"column":4},"end":{"line":286,"column":85}},"89":{"start":{"line":287,"column":4},"end":{"line":287,"column":72}},"90":{"start":{"line":288,"column":4},"end":{"line":297,"column":6}},"91":{"start":{"line":291,"column":10},"end":{"line":291,"column":65}},"92":{"start":{"line":292,"column":10},"end":{"line":292,"column":28}},"93":{"start":{"line":300,"column":2},"end":{"line":367,"column":3}},"94":{"start":{"line":302,"column":6},"end":{"line":302,"column":53}},"95":{"start":{"line":304,"column":6},"end":{"line":309,"column":8}},"96":{"start":{"line":306,"column":33},"end":{"line":306,"column":50}},"97":{"start":{"line":307,"column":33},"end":{"line":307,"column":52}},"98":{"start":{"line":311,"column":6},"end":{"line":316,"column":8}},"99":{"start":{"line":313,"column":33},"end":{"line":313,"column":50}},"100":{"start":{"line":314,"column":33},"end":{"line":314,"column":52}},"101":{"start":{"line":318,"column":6},"end":{"line":318,"column":59}},"102":{"start":{"line":320,"column":6},"end":{"line":326,"column":8}},"103":{"start":{"line":322,"column":28},"end":{"line":322,"column":45}},"104":{"start":{"line":328,"column":6},"end":{"line":328,"column":69}},"105":{"start":{"line":330,"column":6},"end":{"line":330,"column":86}},"106":{"start":{"line":330,"column":27},"end":{"line":330,"column":86}},"107":{"start":{"line":331,"column":6},"end":{"line":331,"column":53}},"108":{"start":{"line":333,"column":6},"end":{"line":340,"column":8}},"109":{"start":{"line":333,"column":27},"end":{"line":340,"column":8}},"110":{"start":{"line":341,"column":6},"end":{"line":341,"column":53}},"111":{"start":{"line":343,"column":6},"end":{"line":343,"column":86}},"112":{"start":{"line":343,"column":27},"end":{"line":343,"column":86}},"113":{"start":{"line":344,"column":6},"end":{"line":344,"column":53}},"114":{"start":{"line":346,"column":6},"end":{"line":346,"column":90}},"115":{"start":{"line":346,"column":27},"end":{"line":346,"column":90}},"116":{"start":{"line":347,"column":6},"end":{"line":347,"column":53}},"117":{"start":{"line":349,"column":6},"end":{"line":349,"column":87}},"118":{"start":{"line":349,"column":27},"end":{"line":349,"column":87}},"119":{"start":{"line":350,"column":6},"end":{"line":350,"column":53}},"120":{"start":{"line":352,"column":6},"end":{"line":352,"column":106}},"121":{"start":{"line":352,"column":27},"end":{"line":352,"column":106}},"122":{"start":{"line":353,"column":6},"end":{"line":353,"column":53}},"123":{"start":{"line":355,"column":6},"end":{"line":355,"column":110}
[...]
,"C:\\Projects\\Whispr_Mobile_App_Dev\\src\\utils\\debugDatabase.ts": {"path":"C:\\Projects\\Whispr_Mobile_App_Dev\\src\\utils\\debugDatabase.ts","statementMap":{"0":{"start":{"line":6,"column":29},"end":{"line":90,"column":1}},"1":{"start":{"line":9,"column":4},"end":{"line":57,"column":5}},"2":{"start":{"line":10,"column":6},"end":{"line":10,"column":57}},"3":{"start":{"line":13,"column":27},"end":{"line":20,"column":8}},"4":{"start":{"line":22,"column":6},"end":{"line":22,"column":87}},"5":{"start":{"line":25,"column":30},"end":{"line":32,"column":8}},"6":{"start":{"line":34,"column":26},"end":{"line":34,"column":54}},"7":{"start":{"line":35,"column":6},"end":{"line":35,"column":84}},"8":{"start":{"line":36,"column":6},"end":{"line":36,"column":56}},"9":{"start":{"line":37,"column":6},"end":{"line":37,"column":51}},"10":{"start":{"line":40,"column":31},"end":{"line":47,"column":8}},"11":{"start":{"line":49,"column":27},"end":{"line":49,"column":56}},"12":{"start":{"line":50,"column":6},"end":{"line":50,"column":86}},"13":{"start":{"line":51,"column":6},"end":{"line":51,"column":58}},"14":{"start":{"line":52,"column":6},"end":{"line":52,"column":54}},"15":{"start":{"line":54,"column":6},"end":{"line":54,"column":58}},"16":{"start":{"line":56,"column":6},"end":{"line":56,"column":63}},"17":{"start":{"line":62,"column":4},"end":{"line":88,"column":5}},"18":{"start":{"line":63,"column":6},"end":{"line":63,"column":50}},"19":{"start":{"line":66,"column":23},"end":{"line":79,"column":8}},"20":{"start":{"line":81,"column":6},"end":{"line":81,"column":66}},"21":{"start":{"line":82,"column":27},"end":{"line":82,"column":48}},"22":{"start":{"line":83,"column":6},"end":{"line":83,"column":68}},"23":{"start":{"line":85,"column":6},"end":{"line":85,"column":51}},"24":{"start":{"line":87,"column":6},"end":{"line":87,"column":56}}},"fnMap":{"0":{"name":"(anonymous_0)","decl":{"start":{"line":8,"column":2},"end":{"line":8,"column":3}},"loc":{"start":{"line":8,"column":40},"end":{"line":58,"column":3}},"line":8},"1":{"name":"(anonymous_1)","decl":{"start":{"line":61,"column":2},"end":{"line":61,"column":3}},"loc":{"start":{"line":61,"column":41},"end":{"line":89,"column":3}},"line":61}},"branchMap":{"0":{"loc":{"start":{"line":22,"column":47},"end":{"line":22,"column":85}},"type":"cond-expr","locations":[{"start":{"line":22,"column":65},"end":{"line":22,"column":74}},{"start":{"line":22,"column":77},"end":{"line":22,"column":85}}],"line":22},"1":{"loc":{"start":{"line":35,"column":41},"end":{"line":35,"column":82}},"type":"cond-expr","locations":[{"start":{"line":35,"column":62},"end":{"line":35,"column":71}},{"start":{"line":35,"column":74},"end":{"line":35,"column":82}}],"line":35},"2":{"loc":{"start":{"line":50,"column":42},"end":{"line":50,"column":84}},"type":"cond-expr","locations":[{"start":{"line":50,"column":64},"end":{"line":50,"column":73}},{"start":{"line":50,"column":76},"end":{"line":50,"column":84}}],"line":50}},"s":{"0":0,"1":0,"2":0,"3":0,"4":0,"5":0,"6":0,"7":0,"8":0,"9":0,"10":0,"11":0,"12":0,"13":0,"14":0,"15":0,"16":0,"17":0,"18":0,"19":0,"20":0,"21":0,"22":0,"23":0,"24":0},"f":{"0":0,"1":0},"b":{"0":[0,0],"1":[0,0],"2":[0,0]}}
,"C:\\Projects\\Whispr_Mobile_App_Dev\\src\\utils\\helpers.ts": {"path":"C:\\Projects\\Whispr_Mobile_App_Dev\\src\\utils\\helpers.ts","statementMap":{"0":{"start":{"line":4,"column":23},"end":{"line":4,"column":47}},"1":{"start":{"line":8,"column":4},"end":{"line":13,"column":5}},"2":{"start":{"line":9,"column":6},"end":{"line":9,"column":67}},"3":{"start":{"line":11,"column":6},"end":{"line":11,"column":48}},"4":{"start":{"line":12,"column":6},"end":{"line":12,"column":18}},"5":{"start":{"line":17,"column":4},"end":{"line":23,"column":5}},"6":{"start":{"line":18,"column":20},"end":{"line":18,"column":71}},"7":{"start":{"line":19,"column":6},"end":{"line":19,"column":47}},"8":{"start":{"line":21,"column":6},"end":{"line":21,"column":48}},"9":{"start":{"line":22,"column":6},"end":{"line":22,"column":27}},"10":{"start":{"line":29,"column":4},"end":{"line":34,"column":5}},"11":{"start":{"line":30,"column":24},"end":{"line":30,"column":45}},"12":{"start":{"line":31,"column":6},"end":{"line":31,"column":49}},"13":{"start":{"line":33,"column":6},"end":{"line":33,"column":49}},"14":{"start":{"line":38,"column":4},"end":{"line":44,"column":5}},"15":{"start":{"line":39,"column":24},"end":{"line":39,"column":55}},"16":{"start":{"line":40,"column":6},"end":{"line":40,"column":62}},"17":{"start":{"line":42,"column":6},"end":{"line":42,"column":49}},"18":{"start":{"line":43,"column":6},"end":{"line":43,"column":18}},"19":{"start":{"line":48,"column":4},"end":{"line":52,"column":5}},"20":{"start":{"line":49,"column":6},"end":{"line":49,"column":41}},"21":{"start":{"line":51,"column":6},"end":{"line":51,"column":52}},"22":{"start":{"line":56,"column":4},"end":{"line":60,"column":5}},"23":{"start":{"line":57,"column":6},"end":{"line":57,"column":33}},"24":{"start":{"line":59,"column":6},"end":{"line":59,"column":51}},"25":{"start":{"line":64,"column":35},"end":{"line":68,"column":1}},"26":{"start":{"line":65,"column":20},"end":{"line":65,"column":43}},"27":{"start":{"line":66,"column":20},"end":{"line":66,"column":63}},"28":{"start":{"line":67,"column":2},"end":{"line":67,"column":42}},"29":{"start":{"line":70,"column":31},"end":{"line":83,"column":1}},"30":{"start":{"line":71,"column":14},"end":{"line":71,"column":24}},"31":{"start":{"line":72,"column":15},"end":{"line":72,"column":50}},"32":{"start":{"line":73,"column":18},"end":{"line":73,"column":42}},"33":{"start":{"line":74,"column":16},"end":{"line":74,"column":42}},"34":{"start":{"line":75,"column":15},"end":{"line":75,"column":42}},"35":{"start":{"line":77,"column":2},"end":{"line":77,"column":37}},"36":{"start":{"line":77,"column":19},"end":{"line":77,"column":37}},"37":{"start":{"line":78,"column":2},"end":{"line":78,"column":45}},"38":{"start":{"line":78,"column":20},"end":{"line":78,"column":45}},"39":{"start":{"line":79,"column":2},"end":{"line":79,"column":41}},"40":{"start":{"line":79,"column":18},"end":{"line":79,"column":41}},"41":{"start":{"line":80,"column":2},"end":{"line":80,"column":38}},"42":{"start":{"line":80,"column":16},"end":{"line":80,"column":38}},"43":{"start":{"line":82,"column":2},"end":{"line":82,"column":40}}},"fnMap":{"0":{"name":"(anonymous_0)","decl":{"start":{"line":7,"column":2},"end":{"line":7,"column":3}},"loc":{"start":{"line":7,"column":39},"end":{"line":14,"column":3}},"line":7},"1":{"name":"(anonymous_1)","decl":{"start":{"line":16,"column":2},"end":{"line":16,"column":3}},"loc":{"start":{"line":16,"column":48},"end":{"line":24,"column":3}},"line":16},"2":{"name":"(anonymous_2)","decl":{"start":{"line":28,"column":2},"end":{"line":28,"column":3}},"loc":{"start":{"line":28,"column":63},"end":{"line":35,"column":3}},"line":28},"3":{"name":"(anonymous_3)","decl":{"start":{"line":37,"column":2},"end":{"line":37,"column":3}},"loc":{"start":{"line":37,"column":58},"end":{"line":45,"column":3}},"line":37},"4":{"name":"(anonymous_4)","decl":{"start":{"line":47,"column":2},"end":{"line":47,"column":3}},"loc":{"start":{"line":47,"column":54},"end":{"line":53,"column":3}},"line":47},"5":{"name":"(anonymous_5)","decl":{"start":{"line":55,"column":2},"end":{"line":55,"column":3}},"loc":{"start":{"line":55,"column":38},"end":{"line":61,"column":3}},"line":55},"6":{"name":"(anonymous_6)","decl":{"start":{"line":64,"column":35},"end":{"line":64,"column":36}},"loc":{"start":{"line":64,"column":49},"end":{"line":68,"column":1}},"line":64},"7":{"name":"(anonymous_7)","decl":{"start":{"line":70,"column":31},"end":{"line":70,"column":32}},"loc":{"start":{"line":70,"column":60},"end":{"line":83,"column":1}},"line":70}},"branchMap":{"0":{"loc":{"start":{"line":40,"column":13},"end":{"line":40,"column":61}},"type":"cond-expr","locations":[{"start":{"line":40,"column":33},"end":{"line":40,"column":54}},{"start":{"line":40,"column":57},"end":{"line":40,"column":61}}],"line":40},"1":{"loc":{"start":{"line":77,"column":2},"end":{"line":77,"column":37}},"type":"if","locations":[{"start":{"line":77,"column":2},"end":{"line":77,"column":37}},{"start":{},"end":{}}],"line":77},"2":{"loc":{"start":{"line":78,"column":2},"end":{"line":78,"column":45}},"type":"if","locations":[{"start":{"line":78,"column":2},"end":{"line":78,"column":45}},{"start":{},"end":{}}],"line":78},"3":{"loc":{"start":{"line":79,"column":2},"end":{"line":79,"column":41}},"type":"if","locations":[{"start":{"line":79,"column":2},"end":{"line":79,"column":41}},{"start":{},"end":{}}],"line":79},"4":{"loc":{"start":{"line":80,"column":2},"end":{"line":80,"column":38}},"type":"if","locations":[{"start":{"line":80,"column":2},"end":{"line":80,"column":38}},{"start":{},"end":{}}],"line":80}},"s":{"0":2,"1":0,"2":0,"3":0,"4":0,"5":0,"6":0,"7":0,"8":0,"9":0,"10":0,"11":0,"12":0,"13":0,"14":3,"15":3,"16":3,"17":0,"18":0,"19":0,"20":0,"21":0,"22":0,"23":0,"24":0,"25":2,"26":0,"27":0,"28":0,"29":2,"30":0,"31":0,"32":0,"33":0,"34":0,"35":0,"36":0,"37":0,"38":0,"39":0,"40":0,"41":0,"42":0,"43":0},"f":{"0":0,"1":0,"2":0,"3":3,"4":0,"5":0,"6":0,"7":0},"b":{"0":[0,3],"1":[0,0],"2":[0,0],"3":[0,0],"4":[0,0]},"_coverageSchema":"1a1c01bbd47fc00a2c39e90264f33305004495a9","hash":"7e591bdfcca10ee33eab29ce5860b43d0866e96a"}
,"C:\\Projects\\Whispr_Mobile_App_Dev\\src\\utils\\safeLog.ts": {"path":"C:\\Projects\\Whispr_Mobile_App_Dev\\src\\utils\\safeLog.ts","statementMap":{"0":{"start":{"line":4,"column":23},"end":{"line":34,"column":1}},"1":{"start":{"line":7,"column":4},"end":{"line":7,"column":51}},"2":{"start":{"line":12,"column":4},"end":{"line":17,"column":5}},"3":{"start":{"line":13,"column":19},"end":{"line":13,"column":35}},"4":{"start":{"line":14,"column":6},"end":{"line":14,"column":52}},"5":{"start":{"line":16,"column":6},"end":{"line":16,"column":36}},"6":{"start":{"line":22,"column":4},"end":{"line":22,"column":60}},"7":{"start":{"line":27,"column":4},"end":{"line":27,"column":75}},"8":{"start":{"line":32,"column":4},"end":{"line":32,"column":89}}},"fnMap":{"0":{"name":"(anonymous_0)","decl":{"start":{"line":6,"column":9},"end":{"line":6,"column":10}},"loc":{"start":{"line":6,"column":42},"end":{"line":8,"column":3}},"line":6},"1":{"name":"(anonymous_1)","decl":{"start":{"line":11,"column":10},"end":{"line":11,"column":11}},"loc":{"start":{"line":11,"column":39},"end":{"line":18,"column":3}},"line":11},"2":{"name":"(anonymous_2)","decl":{"start":{"line":21,"column":10},"end":{"line":21,"column":11}},"loc":{"start":{"line":21,"column":42},"end":{"line":23,"column":3}},"line":21},"3":{"name":"(anonymous_3)","decl":{"start":{"line":26,"column":8},"end":{"line":26,"column":9}},"loc":{"start":{"line":26,"column":38},"end":{"line":28,"column":3}},"line":26},"4":{"name":"(anonymous_4)","decl":{"start":{"line":31,"column":9},"end":{"line":31,"column":10}},"loc":{"start":{"line":31,"column":40},"end":{"line":33,"column":3}},"line":31}},"branchMap":{"0":{"loc":{"start":{"line":12,"column":4},"end":{"line":17,"column":5}},"type":"if","locations":[{"start":{"line":12,"column":4},"end":{"line":17,"column":5}},{"start":{"line":15,"column":11},"end":{"line":17,"column":5}}],"line":12},"1":{"loc":{"start":{"line":12,"column":8},"end":{"line":12,"column":38}},"type":"binary-expr","locations":[{"start":{"line":12,"column":8},"end":{"line":12,"column":11}},{"start":{"line":12,"column":15},"end":{"line":12,"column":38}}],"line":12},"2":{"loc":{"start":{"line":22,"column":29},"end":{"line":22,"column":58}},"type":"cond-expr","locations":[{"start":{"line":22,"column":38},"end":{"line":22,"column":47}},{"start":{"line":22,"column":50},"end":{"line":22,"column":58}}],"line":22},"3":{"loc":{"start":{"line":27,"column":29},"end":{"line":27,"column":73}},"type":"cond-expr","locations":[{"start":{"line":27,"column":40},"end":{"line":27,"column":61}},{"start":{"line":27,"column":64},"end":{"line":27,"column":73}}],"line":27},"4":{"loc":{"start":{"line":32,"column":31},"end":{"line":32,"column":87}},"type":"cond-expr","locations":[{"start":{"line":32,"column":56},"end":{"line":32,"column":69}},{"start":{"line":32,"column":72},"end":{"line":32,"column":87}}],"line":32}},"s":{"0":0,"1":0,"2":0,"3":0,"4":0,"5":0,"6":0,"7":0,"8":0},"f":{"0":0,"1":0,"2":0,"3":0,"4":0},"b":{"0":[0,0],"1":[0,0],"2":[0,0],"3":[0,0],"4":[0,0]}}
,"C:\\Projects\\Whispr_Mobile_App_Dev\\src\\utils\\spacing.ts": {"path":"C:\\Projects\\Whispr_Mobile_App_Dev\\src\\utils\\spacing.ts","statementMap":{"0":{"start":{"line":2,"column":23},"end":{"line":9,"column":1}},"1":{"start":{"line":11,"column":28},"end":{"line":17,"column":1}}},"fnMap":{},"branchMap":{},"s":{"0":0,"1":0},"f":{},"b":{}}
,"C:\\Projects\\Whispr_Mobile_App_Dev\\src\\utils\\testSupabase.ts": {"path":"C:\\Projects\\Whispr_Mobile_App_Dev\\src\\utils\\testSupabase.ts","statementMap":{"0":{"start":{"line":6,"column":38},"end":{"line":89,"column":1}},"1":{"start":{"line":7,"column":2},"end":{"line":7,"column":84}},"2":{"start":{"line":9,"column":2},"end":{"line":88,"column":3}},"3":{"start":{"line":11,"column":4},"end":{"line":11,"column":59}},"4":{"start":{"line":13,"column":4},"end":{"line":15,"column":5}},"5":{"start":{"line":14,"column":6},"end":{"line":14,"column":73}},"6":{"start":{"line":17,"column":4},"end":{"line":17,"column":64}},"7":{"start":{"line":20,"column":4},"end":{"line":20,"column":58}},"8":{"start":{"line":21,"column":4},"end":{"line":38,"column":5}},"9":{"start":{"line":22,"column":23},"end":{"line":29,"column":8}},"10":{"start":{"line":31,"column":6},"end":{"line":35,"column":7}},"11":{"start":{"line":32,"column":8},"end":{"line":32,"column":72}},"12":{"start":{"line":34,"column":8},"end":{"line":34,"column":90}},"13":{"start":{"line":37,"column":6},"end":{"line":37,"column":76}},"14":{"start":{"line":41,"column":4},"end":{"line":41,"column":56}},"15":{"start":{"line":42,"column":21},"end":{"line":42,"column":73}},"16":{"start":{"line":44,"column":4},"end":{"line":44,"column":49}},"17":{"start":{"line":45,"column":4},"end":{"line":51,"column":7}},"18":{"start":{"line":46,"column":6},"end":{"line":50,"column":7}},"19":{"start":{"line":47,"column":8},"end":{"line":47,"column":83}},"20":{"start":{"line":49,"column":8},"end":{"line":49,"column":62}},"21":{"start":{"line":53,"column":4},"end":{"line":53,"column":39}},"22":{"start":{"line":54,"column":4},"end":{"line":54,"column":62}},"23":{"start":{"line":54,"column":44},"end":{"line":54,"column":60}},"24":{"start":{"line":57,"column":4},"end":{"line":57,"column":61}},"25":{"start":{"line":58,"column":27},"end":{"line":58,"column":73}},"26":{"start":{"line":60,"column":4},"end":{"line":68,"column":5}},"27":{"start":{"line":61,"column":6},"end":{"line":61,"column":62}},"28":{"start":{"line":62,"column":6},"end":{"line":67,"column":8}},"29":{"start":{"line":70,"column":4},"end":{"line":70,"column":68}},"30":{"start":{"line":73,"column":25},"end":{"line":73,"column":80}},"31":{"start":{"line":75,"column":4},"end":{"line":80,"column":6}},"32":{"start":{"line":83,"column":4},"end":{"line":83,"column":51}},"33":{"start":{"line":84,"column":4},"end":{"line":87,"column":6}}},"fnMap":{"0":{"name":"(anonymous_0)","decl":{"start":{"line":6,"column":38},"end":{"line":6,"column":39}},"loc":{"start":{"line":6,"column":50},"end":{"line":89,"column":1}},"line":6},"1":{"name":"(anonymous_1)","decl":{"start":{"line":45,"column":28},"end":{"line":45,"column":29}},"loc":{"start":{"line":45,"column":37},"end":{"line":51,"column":5}},"line":45},"2":{"name":"(anonymous_2)","decl":{"start":{"line":54,"column":37},"end":{"line":54,"column":38}},"loc":{"start":{"line":54,"column":44},"end":{"line":54,"column":60}},"line":54}},"branchMap":{"0":{"loc":{"start":{"line":13,"column":4},"end":{"line":15,"column":5}},"type":"if","locations":[{"start":{"line":13,"column":4},"end":{"line":15,"column":5}},{"start":{},"end":{}}],"line":13},"1":{"loc":{"start":{"line":13,"column":8},"end":{"line":13,"column":56}},"type":"binary-expr","locations":[{"start":{"line":13,"column":8},"end":{"line":13,"column":28}},{"start":{"line":13,"column":32},"end":{"line":13,"column":56}}],"line":13},"2":{"loc":{"start":{"line":31,"column":6},"end":{"line":35,"column":7}},"type":"if","locations":[{"start":{"line":31,"column":6},"end":{"line":35,"column":7}},{"start":{"line":33,"column":13},"end":{"line":35,"column":7}}],"line":31},"3":{"loc":{"start":{"line":46,"column":6},"end":{"line":50,"column":7}},"type":"if","locations":[{"start":{"line":46,"column":6},"end":{"line":50,"column":7}},{"start":{"line":48,"column":13},"end":{"line":50,"column":7}}],"line":46},"4":{"loc":{"start":{"line":60,"column":4},"end":{"line":68,"column":5}},"type":"if","locations":[{"start":{"line":60,"column":4},"end":{"line":68,"column":5}},{"start":{},"end":{}}],"line":60},"5":{"loc":{"start":{"line":86,"column":13},"end":{"line":86,"column":69}},"type":"cond-expr","locations":[{"start":{"line":86,"column":38},"end":{"line":86,"column":51}},{"start":{"line":86,"column":54},"end":{"line":86,"column":69}}],"line":86}},"s":{"0":0,"1":0,"2":0,"3":0,"4":0,"5":0,"6":0,"7":0,"8":0,"9":0,"10":0,"11":0,"12":0,"13":0,"14":0,"15":0,"16":0,"17":0,"18":0,"19":0,"20":0,"21":0,"22":0,"23":0,"24":0,"25":0,"26":0,"27":0,"28":0,"29":0,"30":0,"31":0,"32":0,"33":0},"f":{"0":0,"1":0,"2":0},"b":{"0":[0,0],"1":[0,0],"2":[0,0],"3":[0,0],"4":[0,0],"5":[0,0]}}
,"C:\\Projects\\Whispr_Mobile_App_Dev\\src\\utils\\theme.ts": {"path":"C:\\Projects\\Whispr_Mobile_App_Dev\\src\\utils\\theme.ts","statementMap":{},"fnMap":{},"branchMap":{},"s":{},"f":{},"b":{},"_coverageSchema":"1a1c01bbd47fc00a2c39e90264f33305004495a9","hash":"76e768c3be90347f23dcf600c40f760a1bd1dc23"}
,"C:\\Projects\\Whispr_Mobile_App_Dev\\src\\utils\\themes.ts": {"path":"C:\\Projects\\Whispr_Mobile_App_Dev\\src\\utils\\themes.ts","statementMap":{"0":{"start":{"line":5,"column":30},"end":{"line":161,"column":1}},"1":{"start":{"line":164,"column":26},"end":{"line":213,"column":1}},"2":{"start":{"line":216,"column":25},"end":{"line":265,"column":1}},"3":{"start":{"line":268,"column":21},"end":{"line":268,"column":31}},"4":{"start":{"line":270,"column":99},"end":{"line":281,"column":1}},"5":{"start":{"line":284,"column":29},"end":{"line":289,"column":1}},"6":{"start":{"line":285,"column":2},"end":{"line":287,"column":3}},"7":{"start":{"line":286,"column":4},"end":{"line":286,"column":74}},"8":{"start":{"line":288,"column":2},"end":{"line":288,"column":38}},"9":{"start":{"line":291,"column":23},"end":{"line":299,"column":1}},"10":{"start":{"line":301,"column":28},"end":{"line":310,"column":1}}},"fnMap":{"0":{"name":"(anonymous_0)","decl":{"start":{"line":284,"column":29},"end":{"line":284,"column":30}},"loc":{"start":{"line":284,"column":66},"end":{"line":289,"column":1}},"line":284}},"branchMap":{"0":{"loc":{"start":{"line":285,"column":2},"end":{"line":287,"column":3}},"type":"if","locations":[{"start":{"line":285,"column":2},"end":{"line":287,"column":3}},{"start":{},"end":{}}],"line":285},"1":{"loc":{"start":{"line":285,"column":6},"end":{"line":285,"column":44}},"type":"binary-expr","locations":[{"start":{"line":285,"column":6},"end":{"line":285,"column":11}},{"start":{"line":285,"column":15},"end":{"line":285,"column":44}}],"line":285}},"s":{"0":2,"1":2,"2":2,"3":2,"4":2,"5":2,"6":0,"7":0,"8":0,"9":2,"10":2},"f":{"0":0},"b":{"0":[0,0],"1":[0,0]},"_coverageSchema":"1a1c01bbd47fc00a2c39e90264f33305004495a9","hash":"341f2f7374127a428760b03a2b1c6568516a1398"}
}
