TN:
SF:src\components\AdminNotificationPanel.tsx
FN:23,(anonymous_0)
FN:43,(anonymous_1)
FN:47,(anonymous_2)
FN:51,(anonymous_3)
FN:59,(anonymous_4)
FN:70,(anonymous_5)
FN:78,(anonymous_6)
FN:110,(anonymous_7)
FN:129,(anonymous_8)
FN:149,(anonymous_9)
FN:183,(anonymous_10)
FN:196,(anonymous_11)
FN:203,(anonymous_12)
FNF:13
FNH:0
FNDA:0,(anonymous_0)
FNDA:0,(anonymous_1)
FNDA:0,(anonymous_2)
FNDA:0,(anonymous_3)
FNDA:0,(anonymous_4)
FNDA:0,(anonymous_5)
FNDA:0,(anonymous_6)
FNDA:0,(anonymous_7)
FNDA:0,(anonymous_8)
FNDA:0,(anonymous_9)
FNDA:0,(anonymous_10)
FNDA:0,(anonymous_11)
FNDA:0,(anonymous_12)
DA:23,0
DA:38,0
DA:40,0
DA:41,0
DA:43,0
DA:44,0
DA:47,0
DA:48,0
DA:51,0
DA:52,0
DA:53,0
DA:54,0
DA:56,0
DA:59,0
DA:60,0
DA:70,0
DA:71,0
DA:72,0
DA:74,0
DA:78,0
DA:79,0
DA:80,0
DA:88,0
DA:110,0
DA:111,0
DA:112,0
DA:120,0
DA:130,0
DA:149,0
DA:150,0
DA:183,0
DA:184,0
DA:197,0
DA:203,0
DA:227,0
DA:255,0
LF:36
LH:0
BRDA:52,0,0,0
BRDA:52,0,1,0
BRDA:71,1,0,0
BRDA:71,1,1,0
BRDA:79,2,0,0
BRDA:79,2,1,0
BRDA:94,3,0,0
BRDA:94,3,1,0
BRDA:100,4,0,0
BRDA:100,4,1,0
BRDA:103,5,0,0
BRDA:103,5,1,0
BRDA:111,6,0,0
BRDA:111,6,1,0
BRDA:130,7,0,0
BRDA:130,7,1,0
BRDA:132,8,0,0
BRDA:132,8,1,0
BRDA:137,9,0,0
BRDA:137,9,1,0
BRDA:158,10,0,0
BRDA:158,10,1,0
BRDA:166,11,0,0
BRDA:166,11,1,0
BRDA:170,12,0,0
BRDA:170,12,1,0
BRDA:201,13,0,0
BRDA:201,13,1,0
BRDA:208,14,0,0
BRDA:208,14,1,0
BRDA:220,15,0,0
BRDA:220,15,1,0
BRDA:236,16,0,0
BRDA:236,16,1,0
BRF:34
BRH:0
end_of_record
TN:
SF:src\components\BuddyCard.tsx
FN:14,(anonymous_0)
FNF:1
FNH:0
FNDA:0,(anonymous_0)
DA:14,0
DA:21,0
DA:82,0
LF:3
LH:0
BRDA:31,0,0,0
BRDA:31,0,1,0
BRDA:31,0,2,0
BRDA:34,1,0,0
BRDA:34,1,1,0
BRDA:44,2,0,0
BRDA:44,2,1,0
BRDA:48,3,0,0
BRDA:48,3,1,0
BRDA:51,4,0,0
BRDA:51,4,1,0
BRDA:57,5,0,0
BRDA:57,5,1,0
BRDA:63,6,0,0
BRDA:63,6,1,0
BRDA:67,7,0,0
BRDA:67,7,1,0
BRF:17
BRH:0
end_of_record
TN:
SF:src\components\DebugOverlay.tsx
FN:11,(anonymous_0)
FNF:1
FNH:0
FNDA:0,(anonymous_0)
DA:11,1
DA:12,0
DA:13,0
DA:15,0
DA:17,0
DA:48,1
LF:6
LH:2
BRDA:15,0,0,0
BRDA:15,0,1,0
BRDA:22,1,0,0
BRDA:22,1,1,0
BRDA:26,2,0,0
BRDA:26,2,1,0
BRDA:30,3,0,0
BRDA:30,3,1,0
BRDA:31,4,0,0
BRDA:31,4,1,0
BRDA:32,5,0,0
BRDA:32,5,1,0
BRDA:33,6,0,0
BRDA:33,6,1,0
BRF:14
BRH:0
end_of_record
TN:
SF:src\components\NavigationMenu.tsx
FN:12,(anonymous_0)
FN:22,(anonymous_1)
FN:29,(anonymous_2)
FN:30,(anonymous_3)
FN:45,(anonymous_4)
FN:86,(anonymous_5)
FN:110,(anonymous_6)
FNF:7
FNH:0
FNDA:0,(anonymous_0)
FNDA:0,(anonymous_1)
FNDA:0,(anonymous_2)
FNDA:0,(anonymous_3)
FNDA:0,(anonymous_4)
FNDA:0,(anonymous_5)
FNDA:0,(anonymous_6)
DA:12,1
DA:13,0
DA:14,0
DA:21,0
DA:23,0
DA:24,0
DA:29,0
DA:30,0
DA:31,0
DA:32,0
DA:40,0
DA:42,0
DA:46,0
DA:71,0
DA:86,0
DA:110,1
LF:16
LH:2
BRDA:33,0,0,0
BRDA:33,0,1,0
BRDA:82,1,0,0
BRDA:82,1,1,0
BRDA:83,2,0,0
BRDA:83,2,1,0
BRDA:84,3,0,0
BRDA:84,3,1,0
BRDA:92,4,0,0
BRDA:92,4,1,0
BRDA:97,5,0,0
BRDA:97,5,1,0
BRDA:115,6,0,0
BRDA:115,6,1,0
BRDA:119,7,0,0
BRDA:119,7,1,0
BRF:16
BRH:0
end_of_record
TN:
SF:src\components\NetworkDebugger.tsx
FN:5,(anonymous_0)
FN:9,(anonymous_1)
FN:10,(anonymous_2)
FN:13,(anonymous_3)
FN:86,(anonymous_4)
FN:115,(anonymous_5)
FNF:6
FNH:6
FNDA:19,(anonymous_0)
FNDA:48,(anonymous_1)
FNDA:42,(anonymous_2)
FNDA:6,(anonymous_3)
FNDA:1,(anonymous_4)
FNDA:52,(anonymous_5)
DA:5,2
DA:6,19
DA:7,19
DA:9,19
DA:10,48
DA:13,19
DA:14,6
DA:15,6
DA:17,6
DA:19,6
DA:21,6
DA:22,6
DA:31,4
DA:32,3
DA:34,1
DA:37,2
DA:40,6
DA:42,6
DA:43,6
DA:52,6
DA:53,2
DA:55,0
DA:56,0
DA:57,0
DA:60,4
DA:63,6
DA:65,6
DA:66,6
DA:73,6
DA:74,1
DA:76,0
DA:79,5
DA:82,6
DA:83,6
DA:86,19
DA:87,1
DA:90,19
DA:116,52
DA:125,2
LF:39
LH:35
BRDA:31,0,0,3
BRDA:31,0,1,1
BRDA:37,1,0,2
BRDA:37,1,1,0
BRDA:52,2,0,2
BRDA:52,2,1,0
BRDA:60,3,0,4
BRDA:60,3,1,0
BRDA:73,4,0,1
BRDA:73,4,1,0
BRDA:79,5,0,5
BRDA:79,5,1,0
BRDA:97,6,0,19
BRDA:97,6,1,6
BRDA:102,7,0,6
BRDA:102,7,1,13
BRF:16
BRH:11
end_of_record
TN:
SF:src\components\NoteCard.tsx
FN:14,(anonymous_0)
FNF:1
FNH:0
FNDA:0,(anonymous_0)
DA:14,0
DA:21,0
DA:47,0
LF:3
LH:0
BRDA:16,0,0,0
BRDA:17,1,0,0
BRDA:31,2,0,0
BRDA:31,2,1,0
BRF:4
BRH:0
end_of_record
TN:
SF:src\components\UserProfileView.tsx
FN:13,(anonymous_0)
FN:23,(anonymous_1)
FN:29,(anonymous_2)
FN:75,(anonymous_3)
FN:83,(anonymous_4)
FNF:5
FNH:0
FNDA:0,(anonymous_0)
FNDA:0,(anonymous_1)
FNDA:0,(anonymous_2)
FNDA:0,(anonymous_3)
FNDA:0,(anonymous_4)
DA:13,1
DA:19,0
DA:20,0
DA:21,0
DA:23,0
DA:24,0
DA:25,0
DA:29,0
DA:30,0
DA:31,0
DA:33,0
DA:34,0
DA:36,0
DA:37,0
DA:53,0
DA:65,0
DA:68,0
DA:69,0
DA:71,0
DA:75,0
DA:76,0
DA:83,0
DA:84,0
DA:85,0
DA:86,0
DA:87,0
DA:88,0
DA:90,0
DA:91,0
DA:92,0
DA:93,0
DA:94,0
DA:97,0
DA:99,0
DA:206,1
LF:35
LH:2
BRDA:24,0,0,0
BRDA:24,0,1,0
BRDA:24,1,0,0
BRDA:24,1,1,0
BRDA:36,2,0,0
BRDA:36,2,1,0
BRDA:38,3,0,0
BRDA:38,3,1,0
BRDA:38,3,2,0
BRDA:39,4,0,0
BRDA:39,4,1,0
BRDA:39,4,2,0
BRDA:40,5,0,0
BRDA:40,5,1,0
BRDA:41,6,0,0
BRDA:41,6,1,0
BRDA:41,7,0,0
BRDA:41,7,1,0
BRDA:44,8,0,0
BRDA:44,8,1,0
BRDA:44,8,2,0
BRDA:45,9,0,0
BRDA:45,9,1,0
BRDA:46,10,0,0
BRDA:46,10,1,0
BRDA:48,11,0,0
BRDA:48,11,1,0
BRDA:49,12,0,0
BRDA:49,12,1,0
BRDA:54,13,0,0
BRDA:54,13,1,0
BRDA:90,14,0,0
BRDA:90,14,1,0
BRDA:91,15,0,0
BRDA:91,15,1,0
BRDA:92,16,0,0
BRDA:92,16,1,0
BRDA:93,17,0,0
BRDA:93,17,1,0
BRDA:97,18,0,0
BRDA:97,18,1,0
BRDA:110,19,0,0
BRDA:110,19,1,0
BRDA:117,20,0,0
BRDA:117,20,1,0
BRDA:122,21,0,0
BRDA:122,21,1,0
BRDA:129,22,0,0
BRDA:129,22,1,0
BRDA:144,23,0,0
BRDA:144,23,1,0
BRDA:147,24,0,0
BRDA:147,24,1,0
BRDA:148,25,0,0
BRDA:148,25,1,0
BRF:55
BRH:0
end_of_record
TN:
SF:src\config\bkp_env copy.ts
FNF:0
FNH:0
DA:5,0
LF:1
LH:0
BRF:0
BRH:0
end_of_record
TN:
SF:src\config\env.ts
FNF:0
FNH:0
DA:5,4
LF:1
LH:1
BRF:0
BRH:0
end_of_record
TN:
SF:src\config\supabase.ts
FNF:0
FNH:0
DA:6,1
DA:21,1
LF:2
LH:2
BRF:0
BRH:0
end_of_record
TN:
SF:src\modules\nearby\NearbyScreen.tsx
FN:24,(anonymous_0)
FN:43,(anonymous_1)
FN:52,(anonymous_2)
FN:67,(anonymous_3)
FN:78,(anonymous_4)
FN:88,(anonymous_5)
FN:147,(anonymous_6)
FN:158,(anonymous_7)
FN:162,(anonymous_8)
FNF:9
FNH:0
FNDA:0,(anonymous_0)
FNDA:0,(anonymous_1)
FNDA:0,(anonymous_2)
FNDA:0,(anonymous_3)
FNDA:0,(anonymous_4)
FNDA:0,(anonymous_5)
FNDA:0,(anonymous_6)
FNDA:0,(anonymous_7)
FNDA:0,(anonymous_8)
DA:17,1
DA:24,1
DA:37,0
DA:39,0
DA:40,0
DA:41,0
DA:43,0
DA:44,0
DA:45,0
DA:52,0
DA:53,0
DA:55,0
DA:57,0
DA:59,0
DA:60,0
DA:63,0
DA:67,0
DA:68,0
DA:79,0
DA:88,0
DA:89,0
DA:147,0
DA:148,0
DA:159,0
DA:162,0
DA:192,0
DA:214,1
LF:27
LH:3
BRDA:44,0,0,0
BRDA:44,0,1,0
BRDA:59,1,0,0
BRDA:59,1,1,0
BRDA:73,2,0,0
BRDA:73,2,1,0
BRDA:74,3,0,0
BRDA:74,3,1,0
BRDA:98,4,0,0
BRDA:98,4,1,0
BRDA:111,5,0,0
BRDA:111,5,1,0
BRDA:123,6,0,0
BRDA:123,6,1,0
BRDA:132,7,0,0
BRDA:132,7,1,0
BRDA:139,8,0,0
BRDA:139,8,1,0
BRDA:151,9,0,0
BRDA:151,9,1,0
BRDA:156,10,0,0
BRDA:156,10,1,0
BRDA:170,11,0,0
BRDA:170,11,1,0
BRDA:182,12,0,0
BRDA:182,12,1,0
BRDA:205,13,0,0
BRDA:205,13,1,0
BRF:28
BRH:0
end_of_record
TN:
SF:src\modules\nearby\NearbyService.ts
FN:23,(anonymous_0)
FN:33,(anonymous_1)
FN:34,(anonymous_2)
FN:36,(anonymous_3)
FN:46,(anonymous_4)
FN:62,(anonymous_5)
FN:77,(anonymous_6)
FN:125,(anonymous_7)
FN:156,(anonymous_8)
FN:184,(anonymous_9)
FN:185,(anonymous_10)
FN:203,(anonymous_11)
FN:219,(anonymous_12)
FN:234,(anonymous_13)
FN:270,(anonymous_14)
FNF:15
FNH:0
FNDA:0,(anonymous_0)
FNDA:0,(anonymous_1)
FNDA:0,(anonymous_2)
FNDA:0,(anonymous_3)
FNDA:0,(anonymous_4)
FNDA:0,(anonymous_5)
FNDA:0,(anonymous_6)
FNDA:0,(anonymous_7)
FNDA:0,(anonymous_8)
FNDA:0,(anonymous_9)
FNDA:0,(anonymous_10)
FNDA:0,(anonymous_11)
FNDA:0,(anonymous_12)
FNDA:0,(anonymous_13)
FNDA:0,(anonymous_14)
DA:21,0
DA:24,0
DA:25,0
DA:27,0
DA:34,0
DA:35,0
DA:37,0
DA:42,0
DA:43,0
DA:44,0
DA:47,0
DA:48,0
DA:64,0
DA:65,0
DA:68,0
DA:71,0
DA:78,0
DA:79,0
DA:80,0
DA:81,0
DA:82,0
DA:84,0
DA:85,0
DA:86,0
DA:87,0
DA:89,0
DA:90,0
DA:91,0
DA:92,0
DA:93,0
DA:94,0
DA:96,0
DA:99,0
DA:100,0
DA:101,0
DA:102,0
DA:104,0
DA:108,0
DA:110,0
DA:111,0
DA:113,0
DA:114,0
DA:115,0
DA:119,0
DA:126,0
DA:127,0
DA:128,0
DA:130,0
DA:132,0
DA:140,0
DA:141,0
DA:142,0
DA:145,0
DA:146,0
DA:148,0
DA:149,0
DA:157,0
DA:158,0
DA:159,0
DA:162,0
DA:163,0
DA:167,0
DA:169,0
DA:171,0
DA:175,0
DA:176,0
DA:177,0
DA:180,0
DA:183,0
DA:184,0
DA:185,0
DA:192,0
DA:193,0
DA:195,0
DA:196,0
DA:204,0
DA:207,0
DA:219,0
DA:220,0
DA:225,0
DA:228,0
DA:240,0
DA:241,0
DA:243,0
DA:254,0
DA:255,0
DA:256,0
DA:259,0
DA:260,0
DA:262,0
DA:263,0
DA:271,0
LF:92
LH:0
BRDA:24,0,0,0
BRDA:24,0,1,0
BRDA:40,1,0,0
BRDA:40,1,1,0
BRDA:90,2,0,0
BRDA:90,2,1,0
BRDA:92,3,0,0
BRDA:92,3,1,0
BRDA:100,4,0,0
BRDA:100,4,1,0
BRDA:110,5,0,0
BRDA:110,5,1,0
BRDA:140,6,0,0
BRDA:140,6,1,0
BRDA:158,7,0,0
BRDA:158,7,1,0
BRDA:162,8,0,0
BRDA:162,8,1,0
BRDA:175,9,0,0
BRDA:175,9,1,0
BRDA:183,10,0,0
BRDA:183,10,1,0
BRDA:238,11,0,0
BRDA:254,12,0,0
BRDA:254,12,1,0
BRF:25
BRH:0
end_of_record
TN:
SF:src\modules\nearby\index.ts
FNF:0
FNH:0
LF:0
LH:0
BRF:0
BRH:0
end_of_record
TN:
SF:src\modules\nearby\useNearby.ts
FN:19,(anonymous_0)
FN:30,(anonymous_1)
FN:33,(anonymous_2)
FN:37,(anonymous_3)
FN:40,(anonymous_4)
FN:71,(anonymous_5)
FN:101,(anonymous_6)
FN:107,(anonymous_7)
FN:118,(anonymous_8)
FN:119,(anonymous_9)
FN:122,(anonymous_10)
FNF:11
FNH:0
FNDA:0,(anonymous_0)
FNDA:0,(anonymous_1)
FNDA:0,(anonymous_2)
FNDA:0,(anonymous_3)
FNDA:0,(anonymous_4)
FNDA:0,(anonymous_5)
FNDA:0,(anonymous_6)
FNDA:0,(anonymous_7)
FNDA:0,(anonymous_8)
FNDA:0,(anonymous_9)
FNDA:0,(anonymous_10)
DA:19,1
DA:20,0
DA:21,0
DA:22,0
DA:23,0
DA:24,0
DA:25,0
DA:27,0
DA:30,0
DA:31,0
DA:33,0
DA:34,0
DA:37,0
DA:40,0
DA:41,0
DA:43,0
DA:44,0
DA:45,0
DA:47,0
DA:48,0
DA:50,0
DA:51,0
DA:52,0
DA:54,0
DA:57,0
DA:58,0
DA:59,0
DA:61,0
DA:67,0
DA:71,0
DA:72,0
DA:74,0
DA:75,0
DA:76,0
DA:78,0
DA:79,0
DA:81,0
DA:82,0
DA:83,0
DA:85,0
DA:87,0
DA:88,0
DA:89,0
DA:91,0
DA:97,0
DA:101,0
DA:102,0
DA:103,0
DA:105,0
DA:107,0
DA:108,0
DA:112,0
DA:113,0
DA:114,0
DA:118,0
DA:119,0
DA:122,0
DA:126,0
DA:127,0
DA:129,0
DA:136,0
DA:137,0
DA:143,0
DA:146,0
DA:148,0
DA:149,0
DA:150,0
DA:154,0
LF:68
LH:1
BRDA:31,0,0,0
BRDA:31,0,1,0
BRDA:31,1,0,0
BRDA:31,1,1,0
BRDA:41,2,0,0
BRDA:41,2,1,0
BRDA:50,3,0,0
BRDA:50,3,1,0
BRDA:57,4,0,0
BRDA:57,4,1,0
BRDA:72,5,0,0
BRDA:72,5,1,0
BRDA:87,6,0,0
BRDA:87,6,1,0
BRDA:105,7,0,0
BRDA:105,7,1,0
BRDA:136,8,0,0
BRDA:136,8,1,0
BRF:18
BRH:0
end_of_record
TN:
SF:src\navigation\AppNavigator.tsx
FN:22,(anonymous_0)
FN:26,(anonymous_1)
FN:27,(anonymous_2)
FN:52,(anonymous_3)
FN:59,(anonymous_4)
FN:66,(anonymous_5)
FN:103,(anonymous_6)
FN:120,(anonymous_7)
FN:174,(anonymous_8)
FN:178,(anonymous_9)
FN:189,(anonymous_10)
FN:200,(anonymous_11)
FN:207,(anonymous_12)
FN:212,(anonymous_13)
FN:221,(anonymous_14)
FN:222,(anonymous_15)
FN:235,(anonymous_16)
FN:236,(anonymous_17)
FN:248,(anonymous_18)
FN:257,(anonymous_19)
FN:263,(anonymous_20)
FN:282,(anonymous_21)
FN:290,(anonymous_22)
FN:306,(anonymous_23)
FN:307,(anonymous_24)
FN:313,(anonymous_25)
FN:314,(anonymous_26)
FN:322,(anonymous_27)
FNF:28
FNH:5
FNDA:3,(anonymous_0)
FNDA:0,(anonymous_1)
FNDA:0,(anonymous_2)
FNDA:0,(anonymous_3)
FNDA:0,(anonymous_4)
FNDA:0,(anonymous_5)
FNDA:0,(anonymous_6)
FNDA:0,(anonymous_7)
FNDA:0,(anonymous_8)
FNDA:0,(anonymous_9)
FNDA:0,(anonymous_10)
FNDA:6,(anonymous_11)
FNDA:0,(anonymous_12)
FNDA:0,(anonymous_13)
FNDA:0,(anonymous_14)
FNDA:0,(anonymous_15)
FNDA:3,(anonymous_16)
FNDA:0,(anonymous_17)
FNDA:0,(anonymous_18)
FNDA:3,(anonymous_19)
FNDA:3,(anonymous_20)
FNDA:0,(anonymous_21)
FNDA:0,(anonymous_22)
FNDA:0,(anonymous_23)
FNDA:0,(anonymous_24)
FNDA:0,(anonymous_25)
FNDA:0,(anonymous_26)
FNDA:0,(anonymous_27)
DA:22,1
DA:23,3
DA:24,3
DA:26,3
DA:27,0
DA:28,0
DA:29,0
DA:30,0
DA:34,3
DA:52,0
DA:59,0
DA:66,0
DA:103,1
DA:104,0
DA:105,0
DA:107,0
DA:120,0
DA:121,0
DA:122,0
DA:123,0
DA:126,0
DA:127,0
DA:129,0
DA:130,0
DA:131,0
DA:134,0
DA:137,0
DA:138,0
DA:140,0
DA:141,0
DA:146,0
DA:147,0
DA:150,0
DA:151,0
DA:153,0
DA:154,0
DA:156,0
DA:160,0
DA:175,0
DA:178,0
DA:189,0
DA:200,1
DA:201,6
DA:202,6
DA:203,6
DA:204,6
DA:205,6
DA:207,6
DA:208,0
DA:209,0
DA:212,0
DA:213,0
DA:214,0
DA:215,0
DA:217,0
DA:221,6
DA:222,0
DA:223,0
DA:224,0
DA:225,0
DA:226,0
DA:227,0
DA:228,0
DA:230,0
DA:235,6
DA:236,3
DA:238,0
DA:239,0
DA:240,0
DA:243,0
DA:248,0
DA:251,0
DA:255,3
DA:257,3
DA:260,6
DA:263,6
DA:264,3
DA:265,0
DA:266,0
DA:267,0
DA:272,6
DA:273,3
DA:281,3
DA:282,0
DA:285,3
DA:286,0
DA:287,0
DA:288,0
DA:291,0
DA:292,0
DA:300,3
DA:302,3
DA:304,0
DA:306,0
DA:307,0
DA:311,0
DA:313,0
DA:314,0
DA:318,0
DA:320,0
DA:322,0
DA:328,0
DA:330,0
DA:331,0
DA:333,0
DA:341,0
DA:343,0
DA:344,0
DA:346,0
DA:347,0
DA:349,0
DA:350,0
DA:352,0
DA:353,0
DA:355,0
DA:356,0
DA:358,0
DA:359,0
DA:361,0
DA:362,0
DA:364,0
DA:366,0
DA:370,1
LF:123
LH:28
BRDA:28,0,0,0
BRDA:28,0,1,0
BRDA:129,1,0,0
BRDA:129,1,1,0
BRDA:146,2,0,0
BRDA:146,2,1,0
BRDA:154,3,0,0
BRDA:154,3,1,0
BRDA:167,4,0,0
BRDA:167,4,1,0
BRDA:177,5,0,0
BRDA:177,5,1,0
BRDA:208,6,0,0
BRDA:208,6,1,0
BRDA:214,7,0,0
BRDA:214,7,1,0
BRDA:223,8,0,0
BRDA:223,8,1,0
BRDA:238,9,0,0
BRDA:238,9,1,0
BRDA:264,10,0,0
BRDA:264,10,1,3
BRDA:266,11,0,0
BRDA:266,11,1,0
BRDA:272,12,0,3
BRDA:272,12,1,3
BRDA:281,13,0,0
BRDA:281,13,1,3
BRDA:285,14,0,0
BRDA:285,14,1,3
BRDA:285,15,0,3
BRDA:285,15,1,0
BRDA:300,16,0,3
BRDA:300,16,1,0
BRDA:300,16,2,0
BRDA:300,16,3,0
BRDA:300,16,4,0
BRDA:300,16,5,0
BRDA:300,16,6,0
BRDA:300,16,7,0
BRDA:300,16,8,0
BRDA:300,16,9,0
BRDA:300,16,10,0
BRDA:300,16,11,0
BRDA:300,16,12,0
BRDA:300,16,13,0
BRDA:300,16,14,0
BRDA:300,16,15,0
BRDA:300,16,16,0
BRDA:330,17,0,0
BRDA:330,17,1,0
BRDA:333,18,0,0
BRDA:333,18,1,0
BRDA:343,19,0,0
BRDA:343,19,1,0
BRDA:346,20,0,0
BRDA:346,20,1,0
BRDA:349,21,0,0
BRDA:349,21,1,0
BRDA:352,22,0,0
BRDA:352,22,1,0
BRDA:355,23,0,0
BRDA:355,23,1,0
BRDA:358,24,0,0
BRDA:358,24,1,0
BRDA:361,25,0,0
BRDA:361,25,1,0
BRDA:361,26,0,0
BRDA:361,26,1,0
BRF:69
BRH:7
end_of_record
TN:
SF:src\screens\AdminPanel.tsx
FN:22,(anonymous_0)
FN:55,(anonymous_1)
FN:62,(anonymous_2)
FN:68,(anonymous_3)
FN:78,(anonymous_4)
FN:86,(anonymous_5)
FN:94,(anonymous_6)
FN:98,(anonymous_7)
FN:109,(anonymous_8)
FN:119,(anonymous_9)
FN:124,(anonymous_10)
FN:129,(anonymous_11)
FN:143,(anonymous_12)
FN:155,(anonymous_13)
FN:207,(anonymous_14)
FN:301,(anonymous_15)
FN:304,(anonymous_16)
FN:313,(anonymous_17)
FN:356,(anonymous_18)
FN:359,(anonymous_19)
FN:368,(anonymous_20)
FNF:21
FNH:0
FNDA:0,(anonymous_0)
FNDA:0,(anonymous_1)
FNDA:0,(anonymous_2)
FNDA:0,(anonymous_3)
FNDA:0,(anonymous_4)
FNDA:0,(anonymous_5)
FNDA:0,(anonymous_6)
FNDA:0,(anonymous_7)
FNDA:0,(anonymous_8)
FNDA:0,(anonymous_9)
FNDA:0,(anonymous_10)
FNDA:0,(anonymous_11)
FNDA:0,(anonymous_12)
FNDA:0,(anonymous_13)
FNDA:0,(anonymous_14)
FNDA:0,(anonymous_15)
FNDA:0,(anonymous_16)
FNDA:0,(anonymous_17)
FNDA:0,(anonymous_18)
FNDA:0,(anonymous_19)
FNDA:0,(anonymous_20)
DA:22,1
DA:46,0
DA:48,0
DA:49,0
DA:50,0
DA:51,0
DA:52,0
DA:53,0
DA:55,0
DA:56,0
DA:57,0
DA:62,0
DA:63,0
DA:64,0
DA:68,0
DA:69,0
DA:70,0
DA:71,0
DA:72,0
DA:74,0
DA:78,0
DA:79,0
DA:80,0
DA:81,0
DA:82,0
DA:86,0
DA:87,0
DA:88,0
DA:94,0
DA:95,0
DA:98,0
DA:99,0
DA:109,0
DA:110,0
DA:111,0
DA:112,0
DA:114,0
DA:119,0
DA:124,0
DA:125,0
DA:126,0
DA:129,0
DA:130,0
DA:131,0
DA:132,0
DA:135,0
DA:136,0
DA:137,0
DA:140,0
DA:143,0
DA:144,0
DA:155,0
DA:156,0
DA:157,0
DA:158,0
DA:161,0
DA:162,0
DA:163,0
DA:166,0
DA:169,0
DA:170,0
DA:190,0
DA:191,0
DA:208,0
DA:209,0
DA:232,0
DA:302,0
DA:303,0
DA:304,0
DA:305,0
DA:306,0
DA:314,0
DA:357,0
DA:358,0
DA:359,0
DA:360,0
DA:361,0
DA:369,0
DA:451,1
LF:79
LH:2
BRDA:56,0,0,0
BRDA:56,0,1,0
BRDA:56,1,0,0
BRDA:56,1,1,0
BRDA:63,2,0,0
BRDA:63,2,1,0
BRDA:80,3,0,0
BRDA:80,3,1,0
BRDA:90,4,0,0
BRDA:90,4,1,0
BRDA:110,5,0,0
BRDA:110,5,1,0
BRDA:130,6,0,0
BRDA:130,6,1,0
BRDA:130,7,0,0
BRDA:130,7,1,0
BRDA:135,8,0,0
BRDA:135,8,1,0
BRDA:156,9,0,0
BRDA:156,9,1,0
BRDA:161,10,0,0
BRDA:161,10,1,0
BRDA:169,11,0,0
BRDA:169,11,1,0
BRDA:190,12,0,0
BRDA:190,12,1,0
BRDA:219,13,0,0
BRDA:219,13,1,0
BRDA:242,14,0,0
BRDA:242,14,1,0
BRDA:303,15,0,0
BRDA:303,15,1,0
BRDA:305,16,0,0
BRDA:305,16,1,0
BRDA:358,17,0,0
BRDA:358,17,1,0
BRDA:360,18,0,0
BRDA:360,18,1,0
BRDA:399,19,0,0
BRDA:399,19,1,0
BRDA:406,20,0,0
BRDA:406,20,1,0
BRDA:410,21,0,0
BRDA:410,21,1,0
BRDA:413,22,0,0
BRDA:413,22,1,0
BRDA:414,23,0,0
BRDA:414,23,1,0
BRDA:415,24,0,0
BRDA:415,24,1,0
BRDA:419,25,0,0
BRDA:419,25,1,0
BRDA:422,26,0,0
BRDA:422,26,1,0
BRDA:423,27,0,0
BRDA:423,27,1,0
BRDA:424,28,0,0
BRDA:424,28,1,0
BRDA:428,29,0,0
BRDA:428,29,1,0
BRDA:431,30,0,0
BRDA:431,30,1,0
BRDA:432,31,0,0
BRDA:432,31,1,0
BRDA:433,32,0,0
BRDA:433,32,1,0
BRF:66
BRH:0
end_of_record
TN:
SF:src\screens\AuthScreens.tsx
FN:13,(anonymous_0)
FN:24,(anonymous_1)
FN:54,(anonymous_2)
FN:63,(anonymous_3)
FN:178,(anonymous_4)
FN:185,(anonymous_5)
FN:230,(anonymous_6)
FN:237,(anonymous_7)
FN:260,(anonymous_8)
FNF:9
FNH:3
FNDA:0,(anonymous_0)
FNDA:0,(anonymous_1)
FNDA:0,(anonymous_2)
FNDA:0,(anonymous_3)
FNDA:0,(anonymous_4)
FNDA:0,(anonymous_5)
FNDA:18,(anonymous_6)
FNDA:5,(anonymous_7)
FNDA:1,(anonymous_8)
DA:13,2
DA:14,0
DA:15,0
DA:16,0
DA:17,0
DA:18,0
DA:19,0
DA:20,0
DA:21,0
DA:22,0
DA:24,0
DA:25,0
DA:26,0
DA:27,0
DA:30,0
DA:31,0
DA:32,0
DA:40,0
DA:41,0
DA:42,0
DA:44,0
DA:47,0
DA:48,0
DA:50,0
DA:54,0
DA:55,0
DA:56,0
DA:57,0
DA:59,0
DA:63,0
DA:64,0
DA:65,0
DA:66,0
DA:69,0
DA:70,0
DA:71,0
DA:74,0
DA:75,0
DA:76,0
DA:79,0
DA:80,0
DA:81,0
DA:84,0
DA:85,0
DA:86,0
DA:89,0
DA:90,0
DA:91,0
DA:94,0
DA:95,0
DA:96,0
DA:98,0
DA:99,0
DA:100,0
DA:101,0
DA:102,0
DA:105,0
DA:107,0
DA:111,0
DA:113,0
DA:179,0
DA:185,0
DA:230,2
DA:231,18
DA:232,18
DA:233,18
DA:234,18
DA:235,18
DA:237,18
DA:238,5
DA:239,2
DA:240,2
DA:243,3
DA:244,3
DA:245,3
DA:247,3
DA:248,2
DA:249,1
DA:250,1
DA:251,1
DA:254,0
DA:256,3
DA:260,18
DA:261,1
DA:262,0
DA:263,0
DA:266,1
DA:267,1
DA:268,1
DA:270,1
DA:271,1
DA:277,0
DA:280,0
DA:282,1
DA:286,18
DA:351,2
LF:96
LH:30
BRDA:25,0,0,0
BRDA:25,0,1,0
BRDA:40,1,0,0
BRDA:40,1,1,0
BRDA:56,2,0,0
BRDA:56,2,1,0
BRDA:64,3,0,0
BRDA:64,3,1,0
BRDA:64,4,0,0
BRDA:64,4,1,0
BRDA:64,4,2,0
BRDA:64,4,3,0
BRDA:64,4,4,0
BRDA:69,5,0,0
BRDA:69,5,1,0
BRDA:74,6,0,0
BRDA:74,6,1,0
BRDA:79,7,0,0
BRDA:79,7,1,0
BRDA:84,8,0,0
BRDA:84,8,1,0
BRDA:89,9,0,0
BRDA:89,9,1,0
BRDA:98,10,0,0
BRDA:98,10,1,0
BRDA:100,11,0,0
BRDA:100,11,1,0
BRDA:135,12,0,0
BRDA:135,12,1,0
BRDA:136,13,0,0
BRDA:136,13,1,0
BRDA:145,14,0,0
BRDA:145,14,1,0
BRDA:148,15,0,0
BRDA:148,15,1,0
BRDA:151,16,0,0
BRDA:151,16,1,0
BRDA:183,17,0,0
BRDA:183,17,1,0
BRDA:188,18,0,0
BRDA:188,18,1,0
BRDA:192,19,0,0
BRDA:192,19,1,0
BRDA:201,20,0,0
BRDA:201,20,1,0
BRDA:205,21,0,0
BRDA:205,21,1,0
BRDA:238,22,0,2
BRDA:238,22,1,3
BRDA:238,23,0,5
BRDA:238,23,1,4
BRDA:247,24,0,2
BRDA:247,24,1,1
BRDA:249,25,0,1
BRDA:249,25,1,0
BRDA:261,26,0,0
BRDA:261,26,1,1
BRDA:270,27,0,1
BRDA:270,27,1,0
BRDA:277,28,0,0
BRDA:277,28,1,0
BRDA:315,29,0,18
BRDA:315,29,1,0
BRDA:317,30,0,18
BRDA:317,30,1,18
BRDA:319,31,0,0
BRDA:319,31,1,18
BRDA:329,32,0,18
BRDA:329,32,1,18
BRDA:331,33,0,0
BRDA:331,33,1,18
BRDA:341,34,0,18
BRDA:341,34,1,18
BRF:73
BRH:18
end_of_record
TN:
SF:src\screens\BuddiesScreen.tsx
FN:14,(anonymous_0)
FN:28,(anonymous_1)
FN:31,(anonymous_2)
FN:35,(anonymous_3)
FN:40,(anonymous_4)
FN:42,(anonymous_5)
FN:45,(anonymous_6)
FN:49,(anonymous_7)
FN:50,(anonymous_8)
FN:58,(anonymous_9)
FN:62,(anonymous_10)
FN:67,(anonymous_11)
FN:88,(anonymous_12)
FN:97,(anonymous_13)
FN:104,(anonymous_14)
FN:108,(anonymous_15)
FN:141,(anonymous_16)
FN:151,(anonymous_17)
FN:161,(anonymous_18)
FN:166,(anonymous_19)
FN:171,(anonymous_20)
FN:172,(anonymous_21)
FN:179,(anonymous_22)
FN:196,(anonymous_23)
FN:208,(anonymous_24)
FN:210,(anonymous_25)
FN:211,(anonymous_26)
FN:222,(anonymous_27)
FN:230,(anonymous_28)
FN:284,(anonymous_29)
FN:291,(anonymous_30)
FN:313,(anonymous_31)
FN:327,(anonymous_32)
FN:331,(anonymous_33)
FN:332,(anonymous_34)
FN:397,(anonymous_35)
FNF:36
FNH:0
FNDA:0,(anonymous_0)
FNDA:0,(anonymous_1)
FNDA:0,(anonymous_2)
FNDA:0,(anonymous_3)
FNDA:0,(anonymous_4)
FNDA:0,(anonymous_5)
FNDA:0,(anonymous_6)
FNDA:0,(anonymous_7)
FNDA:0,(anonymous_8)
FNDA:0,(anonymous_9)
FNDA:0,(anonymous_10)
FNDA:0,(anonymous_11)
FNDA:0,(anonymous_12)
FNDA:0,(anonymous_13)
FNDA:0,(anonymous_14)
FNDA:0,(anonymous_15)
FNDA:0,(anonymous_16)
FNDA:0,(anonymous_17)
FNDA:0,(anonymous_18)
FNDA:0,(anonymous_19)
FNDA:0,(anonymous_20)
FNDA:0,(anonymous_21)
FNDA:0,(anonymous_22)
FNDA:0,(anonymous_23)
FNDA:0,(anonymous_24)
FNDA:0,(anonymous_25)
FNDA:0,(anonymous_26)
FNDA:0,(anonymous_27)
FNDA:0,(anonymous_28)
FNDA:0,(anonymous_29)
FNDA:0,(anonymous_30)
FNDA:0,(anonymous_31)
FNDA:0,(anonymous_32)
FNDA:0,(anonymous_33)
FNDA:0,(anonymous_34)
FNDA:0,(anonymous_35)
DA:14,1
DA:15,0
DA:16,0
DA:17,0
DA:18,0
DA:19,0
DA:20,0
DA:21,0
DA:22,0
DA:23,0
DA:25,0
DA:28,0
DA:31,0
DA:35,0
DA:36,0
DA:40,0
DA:41,0
DA:42,0
DA:43,0
DA:45,0
DA:49,0
DA:50,0
DA:51,0
DA:52,0
DA:53,0
DA:57,0
DA:58,0
DA:62,0
DA:63,0
DA:67,0
DA:68,0
DA:69,0
DA:71,0
DA:72,0
DA:73,0
DA:77,0
DA:78,0
DA:79,0
DA:81,0
DA:82,0
DA:84,0
DA:88,0
DA:89,0
DA:91,0
DA:92,0
DA:94,0
DA:95,0
DA:97,0
DA:99,0
DA:100,0
DA:104,0
DA:107,0
DA:108,0
DA:109,0
DA:110,0
DA:111,0
DA:112,0
DA:116,0
DA:120,0
DA:121,0
DA:124,0
DA:127,0
DA:130,0
DA:132,0
DA:135,0
DA:136,0
DA:137,0
DA:141,0
DA:147,0
DA:151,0
DA:152,0
DA:153,0
DA:154,0
DA:155,0
DA:156,0
DA:161,0
DA:162,0
DA:166,0
DA:167,0
DA:171,0
DA:172,0
DA:179,0
DA:180,0
DA:181,0
DA:182,0
DA:183,0
DA:185,0
DA:186,0
DA:196,0
DA:197,0
DA:198,0
DA:199,0
DA:200,0
DA:201,0
DA:202,0
DA:203,0
DA:204,0
DA:205,0
DA:208,0
DA:209,0
DA:210,0
DA:211,0
DA:212,0
DA:216,0
DA:222,0
DA:230,0
DA:285,0
DA:291,0
DA:313,0
DA:328,0
DA:331,0
DA:332,0
DA:397,1
LF:113
LH:2
BRDA:31,0,0,0
BRDA:31,0,1,0
BRDA:41,1,0,0
BRDA:41,1,1,0
BRDA:51,2,0,0
BRDA:51,2,1,0
BRDA:51,3,0,0
BRDA:51,3,1,0
BRDA:72,4,0,0
BRDA:72,4,1,0
BRDA:72,5,0,0
BRDA:72,5,1,0
BRDA:88,6,0,0
BRDA:89,7,0,0
BRDA:89,7,1,0
BRDA:91,8,0,0
BRDA:91,8,1,0
BRDA:99,9,0,0
BRDA:99,9,1,0
BRDA:110,10,0,0
BRDA:110,10,1,0
BRDA:116,11,0,0
BRDA:116,11,1,0
BRDA:116,12,0,0
BRDA:116,12,1,0
BRDA:116,12,2,0
BRDA:116,12,3,0
BRDA:127,13,0,0
BRDA:127,13,1,0
BRDA:135,14,0,0
BRDA:135,14,1,0
BRDA:136,15,0,0
BRDA:136,15,1,0
BRDA:152,16,0,0
BRDA:152,16,1,0
BRDA:153,17,0,0
BRDA:153,17,1,0
BRDA:153,17,2,0
BRDA:154,18,0,0
BRDA:154,18,1,0
BRDA:155,19,0,0
BRDA:155,19,1,0
BRDA:197,20,0,0
BRDA:197,20,1,0
BRDA:202,21,0,0
BRDA:202,21,1,0
BRDA:203,22,0,0
BRDA:203,22,1,0
BRDA:204,23,0,0
BRDA:204,23,1,0
BRDA:209,24,0,0
BRDA:209,24,1,0
BRDA:209,24,2,0
BRDA:233,25,0,0
BRDA:233,25,1,0
BRDA:236,26,0,0
BRDA:236,26,1,0
BRDA:244,27,0,0
BRDA:244,27,1,0
BRDA:252,28,0,0
BRDA:252,28,1,0
BRDA:257,29,0,0
BRDA:257,29,1,0
BRDA:261,30,0,0
BRDA:261,30,1,0
BRDA:261,30,2,0
BRDA:263,31,0,0
BRDA:263,31,1,0
BRDA:289,32,0,0
BRDA:289,32,1,0
BRDA:295,33,0,0
BRDA:295,33,1,0
BRDA:304,34,0,0
BRDA:304,34,1,0
BRDA:309,35,0,0
BRDA:309,35,1,0
BRDA:317,36,0,0
BRDA:317,36,1,0
BRDA:320,37,0,0
BRDA:320,37,1,0
BRDA:346,38,0,0
BRDA:346,38,1,0
BRDA:354,39,0,0
BRDA:354,39,1,0
BRDA:357,40,0,0
BRDA:357,40,1,0
BRDA:362,41,0,0
BRDA:362,41,1,0
BRDA:365,42,0,0
BRDA:365,42,1,0
BRDA:383,43,0,0
BRDA:383,43,1,0
BRDA:404,44,0,0
BRDA:404,44,1,0
BRF:94
BRH:0
end_of_record
TN:
SF:src\screens\BuddiesScreen_bkp.tsx
FN:16,(anonymous_0)
FN:25,(anonymous_1)
FN:30,(anonymous_2)
FN:33,(anonymous_3)
FN:37,(anonymous_4)
FN:40,(anonymous_5)
FN:71,(anonymous_6)
FN:75,(anonymous_7)
FN:107,(anonymous_8)
FN:132,(anonymous_9)
FN:144,(anonymous_10)
FN:145,(anonymous_11)
FN:162,(anonymous_12)
FN:166,(anonymous_13)
FN:168,(anonymous_14)
FN:169,(anonymous_15)
FN:181,(anonymous_16)
FN:182,(anonymous_17)
FN:192,(anonymous_18)
FN:201,(anonymous_19)
FN:205,(anonymous_20)
FN:206,(anonymous_21)
FN:224,(anonymous_22)
FN:227,(anonymous_23)
FN:229,(anonymous_24)
FN:231,(anonymous_25)
FN:237,(anonymous_26)
FN:240,(anonymous_27)
FN:241,(anonymous_28)
FN:242,(anonymous_29)
FN:252,(anonymous_30)
FN:297,(anonymous_31)
FN:305,(anonymous_32)
FN:320,(anonymous_33)
FN:336,(anonymous_34)
FN:358,(anonymous_35)
FNF:36
FNH:0
FNDA:0,(anonymous_0)
FNDA:0,(anonymous_1)
FNDA:0,(anonymous_2)
FNDA:0,(anonymous_3)
FNDA:0,(anonymous_4)
FNDA:0,(anonymous_5)
FNDA:0,(anonymous_6)
FNDA:0,(anonymous_7)
FNDA:0,(anonymous_8)
FNDA:0,(anonymous_9)
FNDA:0,(anonymous_10)
FNDA:0,(anonymous_11)
FNDA:0,(anonymous_12)
FNDA:0,(anonymous_13)
FNDA:0,(anonymous_14)
FNDA:0,(anonymous_15)
FNDA:0,(anonymous_16)
FNDA:0,(anonymous_17)
FNDA:0,(anonymous_18)
FNDA:0,(anonymous_19)
FNDA:0,(anonymous_20)
FNDA:0,(anonymous_21)
FNDA:0,(anonymous_22)
FNDA:0,(anonymous_23)
FNDA:0,(anonymous_24)
FNDA:0,(anonymous_25)
FNDA:0,(anonymous_26)
FNDA:0,(anonymous_27)
FNDA:0,(anonymous_28)
FNDA:0,(anonymous_29)
FNDA:0,(anonymous_30)
FNDA:0,(anonymous_31)
FNDA:0,(anonymous_32)
FNDA:0,(anonymous_33)
FNDA:0,(anonymous_34)
FNDA:0,(anonymous_35)
DA:16,0
DA:17,0
DA:18,0
DA:19,0
DA:20,0
DA:21,0
DA:22,0
DA:25,0
DA:26,0
DA:30,0
DA:31,0
DA:33,0
DA:34,0
DA:37,0
DA:40,0
DA:41,0
DA:43,0
DA:44,0
DA:46,0
DA:48,0
DA:50,0
DA:51,0
DA:52,0
DA:54,0
DA:55,0
DA:56,0
DA:58,0
DA:60,0
DA:61,0
DA:63,0
DA:64,0
DA:66,0
DA:71,0
DA:72,0
DA:75,0
DA:76,0
DA:77,0
DA:78,0
DA:81,0
DA:82,0
DA:93,0
DA:95,0
DA:96,0
DA:101,0
DA:103,0
DA:107,0
DA:108,0
DA:119,0
DA:121,0
DA:122,0
DA:126,0
DA:128,0
DA:132,0
DA:133,0
DA:134,0
DA:135,0
DA:140,0
DA:144,0
DA:145,0
DA:146,0
DA:149,0
DA:151,0
DA:153,0
DA:155,0
DA:157,0
DA:162,0
DA:163,0
DA:166,0
DA:168,0
DA:169,0
DA:170,0
DA:176,0
DA:177,0
DA:179,0
DA:181,0
DA:182,0
DA:183,0
DA:188,0
DA:192,0
DA:193,0
DA:202,0
DA:203,0
DA:205,0
DA:206,0
DA:207,0
DA:212,0
DA:214,0
DA:215,0
DA:224,0
DA:225,0
DA:227,0
DA:229,0
DA:231,0
DA:233,0
DA:237,0
DA:238,0
DA:240,0
DA:241,0
DA:242,0
DA:247,0
DA:252,0
DA:297,0
DA:306,0
DA:313,0
DA:320,0
DA:336,0
DA:358,0
DA:382,0
LF:108
LH:0
BRDA:31,0,0,0
BRDA:31,0,1,0
BRDA:40,1,0,0
BRDA:41,2,0,0
BRDA:41,2,1,0
BRDA:43,3,0,0
BRDA:43,3,1,0
BRDA:51,4,0,0
BRDA:51,4,1,0
BRDA:55,5,0,0
BRDA:55,5,1,0
BRDA:61,6,0,0
BRDA:61,6,1,0
BRDA:63,7,0,0
BRDA:63,7,1,0
BRDA:76,8,0,0
BRDA:76,8,1,0
BRDA:99,9,0,0
BRDA:99,9,1,0
BRDA:101,10,0,0
BRDA:101,10,1,0
BRDA:146,11,0,0
BRDA:146,11,1,0
BRDA:149,12,0,0
BRDA:149,12,1,0
BRDA:149,12,2,0
BRDA:149,12,3,0
BRDA:151,13,0,0
BRDA:151,13,1,0
BRDA:153,14,0,0
BRDA:153,14,1,0
BRDA:155,15,0,0
BRDA:155,15,1,0
BRDA:170,16,0,0
BRDA:170,16,1,0
BRDA:183,17,0,0
BRDA:183,17,1,0
BRDA:207,18,0,0
BRDA:207,18,1,0
BRDA:225,19,0,0
BRDA:225,19,1,0
BRDA:225,19,2,0
BRDA:225,19,3,0
BRDA:296,20,0,0
BRDA:296,20,1,0
BRDA:318,21,0,0
BRDA:318,21,1,0
BRDA:325,22,0,0
BRDA:325,22,1,0
BRDA:350,23,0,0
BRDA:350,23,1,0
BRDA:355,24,0,0
BRDA:355,24,1,0
BRDA:366,25,0,0
BRDA:366,25,1,0
BRF:55
BRH:0
end_of_record
TN:
SF:src\screens\BuddiesScreen_bkup.tsx
FN:12,(anonymous_0)
FN:20,(anonymous_1)
FN:25,(anonymous_2)
FN:28,(anonymous_3)
FN:32,(anonymous_4)
FN:35,(anonymous_5)
FN:64,(anonymous_6)
FN:79,(anonymous_7)
FN:83,(anonymous_8)
FN:94,(anonymous_9)
FN:103,(anonymous_10)
FN:123,(anonymous_11)
FN:132,(anonymous_12)
FN:152,(anonymous_13)
FN:161,(anonymous_14)
FN:181,(anonymous_15)
FN:190,(anonymous_16)
FN:195,(anonymous_17)
FN:199,(anonymous_18)
FN:205,(anonymous_19)
FN:219,(anonymous_20)
FN:222,(anonymous_21)
FN:224,(anonymous_22)
FN:226,(anonymous_23)
FN:250,(anonymous_24)
FN:257,(anonymous_25)
FN:292,(anonymous_26)
FN:296,(anonymous_27)
FN:297,(anonymous_28)
FN:326,(anonymous_29)
FN:334,(anonymous_30)
FN:340,(anonymous_31)
FNF:32
FNH:0
FNDA:0,(anonymous_0)
FNDA:0,(anonymous_1)
FNDA:0,(anonymous_2)
FNDA:0,(anonymous_3)
FNDA:0,(anonymous_4)
FNDA:0,(anonymous_5)
FNDA:0,(anonymous_6)
FNDA:0,(anonymous_7)
FNDA:0,(anonymous_8)
FNDA:0,(anonymous_9)
FNDA:0,(anonymous_10)
FNDA:0,(anonymous_11)
FNDA:0,(anonymous_12)
FNDA:0,(anonymous_13)
FNDA:0,(anonymous_14)
FNDA:0,(anonymous_15)
FNDA:0,(anonymous_16)
FNDA:0,(anonymous_17)
FNDA:0,(anonymous_18)
FNDA:0,(anonymous_19)
FNDA:0,(anonymous_20)
FNDA:0,(anonymous_21)
FNDA:0,(anonymous_22)
FNDA:0,(anonymous_23)
FNDA:0,(anonymous_24)
FNDA:0,(anonymous_25)
FNDA:0,(anonymous_26)
FNDA:0,(anonymous_27)
FNDA:0,(anonymous_28)
FNDA:0,(anonymous_29)
FNDA:0,(anonymous_30)
FNDA:0,(anonymous_31)
DA:12,0
DA:13,0
DA:14,0
DA:15,0
DA:16,0
DA:17,0
DA:20,0
DA:21,0
DA:25,0
DA:26,0
DA:28,0
DA:29,0
DA:32,0
DA:35,0
DA:36,0
DA:38,0
DA:39,0
DA:41,0
DA:42,0
DA:43,0
DA:44,0
DA:45,0
DA:47,0
DA:48,0
DA:51,0
DA:60,0
DA:64,0
DA:65,0
DA:67,0
DA:69,0
DA:71,0
DA:73,0
DA:75,0
DA:79,0
DA:80,0
DA:83,0
DA:84,0
DA:85,0
DA:87,0
DA:89,0
DA:90,0
DA:94,0
DA:95,0
DA:104,0
DA:105,0
DA:106,0
DA:109,0
DA:111,0
DA:113,0
DA:114,0
DA:115,0
DA:123,0
DA:124,0
DA:133,0
DA:134,0
DA:135,0
DA:138,0
DA:140,0
DA:142,0
DA:143,0
DA:144,0
DA:152,0
DA:153,0
DA:162,0
DA:163,0
DA:164,0
DA:167,0
DA:169,0
DA:171,0
DA:172,0
DA:173,0
DA:181,0
DA:182,0
DA:190,0
DA:195,0
DA:199,0
DA:205,0
DA:206,0
DA:208,0
DA:209,0
DA:210,0
DA:211,0
DA:213,0
DA:214,0
DA:215,0
DA:216,0
DA:219,0
DA:220,0
DA:222,0
DA:224,0
DA:226,0
DA:228,0
DA:232,0
DA:251,0
DA:257,0
DA:293,0
DA:296,0
DA:297,0
DA:326,0
DA:334,0
DA:340,0
DA:363,0
LF:102
LH:0
BRDA:26,0,0,0
BRDA:26,0,1,0
BRDA:36,1,0,0
BRDA:36,1,1,0
BRDA:48,2,0,0
BRDA:48,2,1,0
BRDA:67,3,0,0
BRDA:67,3,1,0
BRDA:67,3,2,0
BRDA:67,3,3,0
BRDA:69,4,0,0
BRDA:69,4,1,0
BRDA:71,5,0,0
BRDA:71,5,1,0
BRDA:73,6,0,0
BRDA:73,6,1,0
BRDA:114,7,0,0
BRDA:114,7,1,0
BRDA:143,8,0,0
BRDA:143,8,1,0
BRDA:164,9,0,0
BRDA:164,9,1,0
BRDA:172,10,0,0
BRDA:172,10,1,0
BRDA:206,11,0,0
BRDA:206,11,1,0
BRDA:213,12,0,0
BRDA:213,12,1,0
BRDA:214,13,0,0
BRDA:214,13,1,0
BRDA:215,14,0,0
BRDA:215,14,1,0
BRDA:220,15,0,0
BRDA:220,15,1,0
BRDA:220,15,2,0
BRDA:220,15,3,0
BRDA:255,16,0,0
BRDA:255,16,1,0
BRDA:261,17,0,0
BRDA:261,17,1,0
BRDA:270,18,0,0
BRDA:270,18,1,0
BRDA:275,19,0,0
BRDA:275,19,1,0
BRDA:282,20,0,0
BRDA:282,20,1,0
BRDA:285,21,0,0
BRDA:285,21,1,0
BRDA:310,22,0,0
BRDA:310,22,1,0
BRDA:313,23,0,0
BRDA:313,23,1,0
BRDA:319,24,0,0
BRDA:319,24,1,0
BRDA:329,25,0,0
BRDA:329,25,1,0
BRDA:346,26,0,0
BRDA:346,26,1,0
BRDA:370,27,0,0
BRDA:370,27,1,0
BRF:60
BRH:0
end_of_record
TN:
SF:src\screens\ChatScreen.tsx
FN:17,(anonymous_0)
FN:46,(anonymous_1)
FN:53,(anonymous_2)
FN:55,(anonymous_3)
FN:71,(anonymous_4)
FN:76,(anonymous_5)
FN:79,(anonymous_6)
FN:83,(anonymous_7)
FN:86,(anonymous_8)
FN:102,(anonymous_9)
FN:108,(anonymous_10)
FN:109,(anonymous_11)
FN:141,(anonymous_12)
FN:145,(anonymous_13)
FN:151,(anonymous_14)
FN:176,(anonymous_15)
FN:181,(anonymous_16)
FN:195,(anonymous_17)
FN:214,(anonymous_18)
FN:216,(anonymous_19)
FN:222,(anonymous_20)
FN:236,(anonymous_21)
FN:242,(anonymous_22)
FN:254,(anonymous_23)
FN:260,(anonymous_24)
FN:270,(anonymous_25)
FN:285,(anonymous_26)
FN:295,(anonymous_27)
FN:315,(anonymous_28)
FN:325,(anonymous_29)
FN:346,(anonymous_30)
FN:347,(anonymous_31)
FN:372,(anonymous_32)
FN:381,(anonymous_33)
FN:386,(anonymous_34)
FN:393,(anonymous_35)
FN:400,(anonymous_36)
FN:416,(anonymous_37)
FN:429,(anonymous_38)
FN:451,(anonymous_39)
FN:482,(anonymous_40)
FN:492,(anonymous_41)
FN:540,(anonymous_42)
FN:582,(anonymous_43)
FN:593,(anonymous_44)
FN:599,(anonymous_45)
FN:624,(anonymous_46)
FN:636,(anonymous_47)
FNF:48
FNH:0
FNDA:0,(anonymous_0)
FNDA:0,(anonymous_1)
FNDA:0,(anonymous_2)
FNDA:0,(anonymous_3)
FNDA:0,(anonymous_4)
FNDA:0,(anonymous_5)
FNDA:0,(anonymous_6)
FNDA:0,(anonymous_7)
FNDA:0,(anonymous_8)
FNDA:0,(anonymous_9)
FNDA:0,(anonymous_10)
FNDA:0,(anonymous_11)
FNDA:0,(anonymous_12)
FNDA:0,(anonymous_13)
FNDA:0,(anonymous_14)
FNDA:0,(anonymous_15)
FNDA:0,(anonymous_16)
FNDA:0,(anonymous_17)
FNDA:0,(anonymous_18)
FNDA:0,(anonymous_19)
FNDA:0,(anonymous_20)
FNDA:0,(anonymous_21)
FNDA:0,(anonymous_22)
FNDA:0,(anonymous_23)
FNDA:0,(anonymous_24)
FNDA:0,(anonymous_25)
FNDA:0,(anonymous_26)
FNDA:0,(anonymous_27)
FNDA:0,(anonymous_28)
FNDA:0,(anonymous_29)
FNDA:0,(anonymous_30)
FNDA:0,(anonymous_31)
FNDA:0,(anonymous_32)
FNDA:0,(anonymous_33)
FNDA:0,(anonymous_34)
FNDA:0,(anonymous_35)
FNDA:0,(anonymous_36)
FNDA:0,(anonymous_37)
FNDA:0,(anonymous_38)
FNDA:0,(anonymous_39)
FNDA:0,(anonymous_40)
FNDA:0,(anonymous_41)
FNDA:0,(anonymous_42)
FNDA:0,(anonymous_43)
FNDA:0,(anonymous_44)
FNDA:0,(anonymous_45)
FNDA:0,(anonymous_46)
FNDA:0,(anonymous_47)
DA:17,1
DA:18,0
DA:19,0
DA:20,0
DA:21,0
DA:22,0
DA:23,0
DA:24,0
DA:25,0
DA:26,0
DA:28,0
DA:29,0
DA:30,0
DA:31,0
DA:32,0
DA:35,0
DA:38,0
DA:39,0
DA:40,0
DA:43,0
DA:46,0
DA:47,0
DA:48,0
DA:53,0
DA:54,0
DA:55,0
DA:56,0
DA:57,0
DA:58,0
DA:61,0
DA:62,0
DA:65,0
DA:70,0
DA:71,0
DA:76,0
DA:77,0
DA:79,0
DA:80,0
DA:83,0
DA:86,0
DA:87,0
DA:89,0
DA:90,0
DA:91,0
DA:92,0
DA:94,0
DA:96,0
DA:97,0
DA:98,0
DA:99,0
DA:102,0
DA:104,0
DA:107,0
DA:108,0
DA:109,0
DA:110,0
DA:111,0
DA:112,0
DA:116,0
DA:121,0
DA:122,0
DA:125,0
DA:128,0
DA:130,0
DA:131,0
DA:133,0
DA:134,0
DA:135,0
DA:136,0
DA:141,0
DA:142,0
DA:145,0
DA:146,0
DA:147,0
DA:148,0
DA:151,0
DA:152,0
DA:154,0
DA:155,0
DA:156,0
DA:158,0
DA:159,0
DA:162,0
DA:163,0
DA:176,0
DA:177,0
DA:181,0
DA:182,0
DA:186,0
DA:187,0
DA:189,0
DA:191,0
DA:195,0
DA:196,0
DA:198,0
DA:201,0
DA:203,0
DA:204,0
DA:205,0
DA:206,0
DA:208,0
DA:209,0
DA:210,0
DA:211,0
DA:214,0
DA:216,0
DA:217,0
DA:222,0
DA:223,0
DA:236,0
DA:237,0
DA:242,0
DA:243,0
DA:255,0
DA:260,0
DA:261,0
DA:262,0
DA:271,0
DA:272,0
DA:273,0
DA:274,0
DA:276,0
DA:277,0
DA:285,0
DA:286,0
DA:287,0
DA:296,0
DA:297,0
DA:298,0
DA:300,0
DA:301,0
DA:303,0
DA:306,0
DA:307,0
DA:315,0
DA:316,0
DA:317,0
DA:326,0
DA:327,0
DA:328,0
DA:330,0
DA:331,0
DA:333,0
DA:336,0
DA:337,0
DA:346,0
DA:347,0
DA:348,0
DA:365,0
DA:372,0
DA:373,0
DA:381,0
DA:382,0
DA:386,0
DA:387,0
DA:388,0
DA:393,0
DA:394,0
DA:395,0
DA:400,0
DA:401,0
DA:402,0
DA:404,0
DA:408,0
DA:416,0
DA:430,0
DA:431,0
DA:432,0
DA:433,0
DA:451,0
DA:482,0
DA:493,0
DA:540,0
DA:582,0
DA:593,0
DA:599,0
DA:624,0
DA:636,1
LF:178
LH:2
BRDA:47,0,0,0
BRDA:47,0,1,0
BRDA:54,1,0,0
BRDA:54,1,1,0
BRDA:54,2,0,0
BRDA:54,2,1,0
BRDA:61,3,0,0
BRDA:61,3,1,0
BRDA:77,4,0,0
BRDA:77,4,1,0
BRDA:86,5,0,0
BRDA:86,6,0,0
BRDA:87,7,0,0
BRDA:87,7,1,0
BRDA:89,8,0,0
BRDA:89,8,1,0
BRDA:89,9,0,0
BRDA:89,9,1,0
BRDA:91,10,0,0
BRDA:91,10,1,0
BRDA:104,11,0,0
BRDA:104,11,1,0
BRDA:110,12,0,0
BRDA:110,12,1,0
BRDA:116,13,0,0
BRDA:116,13,1,0
BRDA:116,13,2,0
BRDA:116,13,3,0
BRDA:121,14,0,0
BRDA:121,14,1,0
BRDA:122,15,0,0
BRDA:122,15,1,0
BRDA:125,16,0,0
BRDA:125,16,1,0
BRDA:131,17,0,0
BRDA:131,17,1,0
BRDA:133,18,0,0
BRDA:133,18,1,0
BRDA:133,19,0,0
BRDA:133,19,1,0
BRDA:135,20,0,0
BRDA:135,20,1,0
BRDA:148,21,0,0
BRDA:148,21,1,0
BRDA:152,22,0,0
BRDA:152,22,1,0
BRDA:152,23,0,0
BRDA:152,23,1,0
BRDA:162,24,0,0
BRDA:162,24,1,0
BRDA:167,25,0,0
BRDA:167,25,1,0
BRDA:196,26,0,0
BRDA:196,26,1,0
BRDA:198,27,0,0
BRDA:198,27,1,0
BRDA:201,28,0,0
BRDA:201,28,1,0
BRDA:208,29,0,0
BRDA:208,29,1,0
BRDA:209,30,0,0
BRDA:209,30,1,0
BRDA:210,31,0,0
BRDA:210,31,1,0
BRDA:255,32,0,0
BRDA:255,32,1,0
BRDA:297,33,0,0
BRDA:297,33,1,0
BRDA:300,34,0,0
BRDA:300,34,1,0
BRDA:330,35,0,0
BRDA:330,35,1,0
BRDA:387,36,0,0
BRDA:387,36,1,0
BRDA:387,37,0,0
BRDA:387,37,1,0
BRDA:394,38,0,0
BRDA:394,38,1,0
BRDA:394,39,0,0
BRDA:394,39,1,0
BRDA:401,40,0,0
BRDA:401,40,1,0
BRDA:411,41,0,0
BRDA:411,41,1,0
BRDA:416,42,0,0
BRDA:416,42,1,0
BRDA:427,43,0,0
BRDA:427,43,1,0
BRDA:431,44,0,0
BRDA:431,44,1,0
BRDA:439,45,0,0
BRDA:439,45,1,0
BRDA:440,46,0,0
BRDA:440,46,1,0
BRDA:474,47,0,0
BRDA:474,47,1,0
BRDA:478,48,0,0
BRDA:478,48,1,0
BRDA:486,49,0,0
BRDA:486,49,1,0
BRDA:497,50,0,0
BRDA:497,50,1,0
BRDA:502,51,0,0
BRDA:502,51,1,0
BRDA:506,52,0,0
BRDA:506,52,1,0
BRDA:512,53,0,0
BRDA:512,53,1,0
BRDA:521,54,0,0
BRDA:521,54,1,0
BRDA:536,55,0,0
BRDA:536,55,1,0
BRDA:563,56,0,0
BRDA:563,56,1,0
BRDA:563,56,2,0
BRDA:566,57,0,0
BRDA:566,57,1,0
BRDA:570,58,0,0
BRDA:570,58,1,0
BRDA:572,59,0,0
BRDA:572,59,1,0
BRDA:572,60,0,0
BRDA:572,60,1,0
BRDA:579,61,0,0
BRDA:579,61,1,0
BRDA:583,62,0,0
BRDA:583,62,1,0
BRDA:646,63,0,0
BRDA:646,63,1,0
BRDA:837,64,0,0
BRDA:837,64,1,0
BRDA:955,65,0,0
BRDA:955,65,1,0
BRF:133
BRH:0
end_of_record
TN:
SF:src\screens\ConnectionsScreen.tsx
FN:15,(anonymous_0)
FN:19,(anonymous_1)
FN:25,(anonymous_2)
FN:30,(anonymous_3)
FN:35,(anonymous_4)
FN:60,(anonymous_5)
FN:69,(anonymous_6)
FN:79,(anonymous_7)
FN:109,(anonymous_8)
FNF:9
FNH:0
FNDA:0,(anonymous_0)
FNDA:0,(anonymous_1)
FNDA:0,(anonymous_2)
FNDA:0,(anonymous_3)
FNDA:0,(anonymous_4)
FNDA:0,(anonymous_5)
FNDA:0,(anonymous_6)
FNDA:0,(anonymous_7)
FNDA:0,(anonymous_8)
DA:15,0
DA:16,0
DA:17,0
DA:19,0
DA:20,0
DA:25,0
DA:30,0
DA:32,0
DA:35,0
DA:36,0
DA:38,0
DA:60,0
DA:69,0
DA:70,0
DA:79,0
DA:80,0
DA:81,0
DA:82,0
DA:84,0
DA:85,0
DA:86,0
DA:87,0
DA:88,0
DA:89,0
DA:92,0
DA:109,0
DA:119,0
LF:27
LH:0
BRDA:36,0,0,0
BRDA:36,0,1,0
BRDA:84,1,0,0
BRDA:84,1,1,0
BRDA:85,2,0,0
BRDA:85,2,1,0
BRDA:87,3,0,0
BRDA:87,3,1,0
BRDA:103,4,0,0
BRDA:103,4,1,0
BRDA:103,5,0,0
BRDA:103,5,1,0
BRDA:103,6,0,0
BRDA:103,6,1,0
BRDA:112,7,0,0
BRDA:112,7,1,0
BRF:16
BRH:0
end_of_record
TN:
SF:src\screens\HomeScreen.tsx
FN:15,(anonymous_0)
FN:22,(anonymous_1)
FN:25,(anonymous_2)
FN:28,(anonymous_3)
FN:33,(anonymous_4)
FN:38,(anonymous_5)
FN:141,(anonymous_6)
FNF:7
FNH:0
FNDA:0,(anonymous_0)
FNDA:0,(anonymous_1)
FNDA:0,(anonymous_2)
FNDA:0,(anonymous_3)
FNDA:0,(anonymous_4)
FNDA:0,(anonymous_5)
FNDA:0,(anonymous_6)
DA:15,0
DA:16,0
DA:17,0
DA:18,0
DA:20,0
DA:22,0
DA:23,0
DA:25,0
DA:28,0
DA:30,0
DA:33,0
DA:35,0
DA:38,0
DA:40,0
DA:43,0
DA:44,0
DA:51,0
DA:53,0
DA:141,0
LF:19
LH:0
BRDA:43,0,0,0
BRDA:43,0,1,0
BRDA:51,1,0,0
BRDA:51,1,1,0
BRF:4
BRH:0
end_of_record
TN:
SF:src\screens\MessagesScreen.tsx
FN:14,(anonymous_0)
FN:17,(anonymous_1)
FN:18,(anonymous_2)
FN:52,(anonymous_3)
FN:73,(anonymous_4)
FNF:5
FNH:0
FNDA:0,(anonymous_0)
FNDA:0,(anonymous_1)
FNDA:0,(anonymous_2)
FNDA:0,(anonymous_3)
FNDA:0,(anonymous_4)
DA:14,0
DA:15,0
DA:17,0
DA:18,0
DA:20,0
DA:23,0
DA:52,0
DA:53,0
DA:62,0
DA:73,0
DA:83,0
LF:11
LH:0
BRDA:27,0,0,0
BRDA:27,0,1,0
BRDA:36,1,0,0
BRDA:36,1,1,0
BRDA:40,2,0,0
BRDA:40,2,1,0
BRDA:43,3,0,0
BRDA:43,3,1,0
BRDA:76,4,0,0
BRDA:76,4,1,0
BRF:10
BRH:0
end_of_record
TN:
SF:src\screens\MoodSelectionScreen.tsx
FN:15,(anonymous_0)
FN:20,(anonymous_1)
FN:24,(anonymous_2)
FN:54,(anonymous_3)
FN:61,(anonymous_4)
FNF:5
FNH:0
FNDA:0,(anonymous_0)
FNDA:0,(anonymous_1)
FNDA:0,(anonymous_2)
FNDA:0,(anonymous_3)
FNDA:0,(anonymous_4)
DA:15,0
DA:16,0
DA:17,0
DA:18,0
DA:20,0
DA:21,0
DA:24,0
DA:25,0
DA:26,0
DA:27,0
DA:30,0
DA:31,0
DA:32,0
DA:35,0
DA:37,0
DA:41,0
DA:43,0
DA:55,0
DA:61,0
DA:100,0
LF:20
LH:0
BRDA:25,0,0,0
BRDA:25,0,1,0
BRDA:59,1,0,0
BRDA:59,1,1,0
BRDA:66,2,0,0
BRDA:66,2,1,0
BRDA:72,3,0,0
BRDA:72,3,1,0
BRDA:83,4,0,0
BRDA:83,4,1,0
BRDA:83,4,2,0
BRDA:86,5,0,0
BRDA:86,5,1,0
BRDA:90,6,0,0
BRDA:90,6,1,0
BRDA:90,6,2,0
BRDA:92,7,0,0
BRDA:92,7,1,0
BRF:18
BRH:0
end_of_record
TN:
SF:src\screens\NotificationsScreen.tsx
FN:32,(anonymous_0)
FN:37,(anonymous_1)
FN:41,(anonymous_2)
FN:56,(anonymous_3)
FN:62,(anonymous_4)
FN:65,(anonymous_5)
FN:66,(anonymous_6)
FN:75,(anonymous_7)
FN:88,(anonymous_8)
FN:101,(anonymous_9)
FN:120,(anonymous_10)
FN:126,(anonymous_11)
FN:164,(anonymous_12)
FN:171,(anonymous_13)
FN:185,(anonymous_14)
FNF:15
FNH:0
FNDA:0,(anonymous_0)
FNDA:0,(anonymous_1)
FNDA:0,(anonymous_2)
FNDA:0,(anonymous_3)
FNDA:0,(anonymous_4)
FNDA:0,(anonymous_5)
FNDA:0,(anonymous_6)
FNDA:0,(anonymous_7)
FNDA:0,(anonymous_8)
FNDA:0,(anonymous_9)
FNDA:0,(anonymous_10)
FNDA:0,(anonymous_11)
FNDA:0,(anonymous_12)
FNDA:0,(anonymous_13)
FNDA:0,(anonymous_14)
DA:32,1
DA:33,0
DA:34,0
DA:35,0
DA:37,0
DA:38,0
DA:41,0
DA:42,0
DA:44,0
DA:45,0
DA:46,0
DA:47,0
DA:49,0
DA:50,0
DA:52,0
DA:56,0
DA:57,0
DA:58,0
DA:59,0
DA:62,0
DA:63,0
DA:64,0
DA:65,0
DA:66,0
DA:67,0
DA:71,0
DA:75,0
DA:76,0
DA:78,0
DA:80,0
DA:82,0
DA:84,0
DA:88,0
DA:89,0
DA:91,0
DA:93,0
DA:95,0
DA:97,0
DA:101,0
DA:102,0
DA:103,0
DA:104,0
DA:106,0
DA:107,0
DA:108,0
DA:109,0
DA:111,0
DA:120,0
DA:121,0
DA:126,0
DA:155,0
DA:156,0
DA:164,0
DA:166,0
DA:171,0
DA:185,0
DA:206,1
LF:57
LH:2
BRDA:42,0,0,0
BRDA:42,0,1,0
BRDA:67,1,0,0
BRDA:67,1,1,0
BRDA:76,2,0,0
BRDA:76,2,1,0
BRDA:76,2,2,0
BRDA:76,2,3,0
BRDA:89,3,0,0
BRDA:89,3,1,0
BRDA:89,3,2,0
BRDA:89,3,3,0
BRDA:106,4,0,0
BRDA:106,4,1,0
BRDA:108,5,0,0
BRDA:108,5,1,0
BRDA:124,6,0,0
BRDA:124,6,1,0
BRDA:138,7,0,0
BRDA:138,7,1,0
BRDA:146,8,0,0
BRDA:146,8,1,0
BRDA:155,9,0,0
BRDA:155,9,1,0
BRDA:171,10,0,0
BRDA:171,10,1,0
BRDA:178,11,0,0
BRDA:178,11,1,0
BRDA:215,12,0,1
BRDA:215,12,1,0
BRF:30
BRH:1
end_of_record
TN:
SF:src\screens\PasswordResetScreen.tsx
FN:19,(anonymous_0)
FN:27,(anonymous_1)
FN:50,(anonymous_2)
FN:70,(anonymous_3)
FNF:4
FNH:0
FNDA:0,(anonymous_0)
FNDA:0,(anonymous_1)
FNDA:0,(anonymous_2)
FNDA:0,(anonymous_3)
DA:19,0
DA:23,0
DA:24,0
DA:25,0
DA:27,0
DA:28,0
DA:29,0
DA:30,0
DA:33,0
DA:34,0
DA:35,0
DA:38,0
DA:39,0
DA:40,0
DA:42,0
DA:43,0
DA:44,0
DA:51,0
DA:52,0
DA:54,0
DA:61,0
DA:64,0
DA:66,0
DA:70,0
DA:71,0
DA:72,0
DA:75,0
DA:76,0
DA:110,0
DA:156,0
LF:30
LH:0
BRDA:28,0,0,0
BRDA:28,0,1,0
BRDA:33,1,0,0
BRDA:33,1,1,0
BRDA:42,2,0,0
BRDA:42,2,1,0
BRDA:51,3,0,0
BRDA:51,3,1,0
BRDA:61,4,0,0
BRDA:61,4,1,0
BRDA:75,5,0,0
BRDA:75,5,1,0
BRDA:132,6,0,0
BRDA:132,6,1,0
BRDA:136,7,0,0
BRDA:136,7,1,0
BRF:16
BRH:0
end_of_record
TN:
SF:src\screens\ProfileCompletionScreen.tsx
FN:60,(anonymous_0)
FN:83,(anonymous_1)
FN:102,(anonymous_2)
FN:106,(anonymous_3)
FN:109,(anonymous_4)
FN:113,(anonymous_5)
FN:117,(anonymous_6)
FN:184,(anonymous_7)
FN:190,(anonymous_8)
FN:195,(anonymous_9)
FN:201,(anonymous_10)
FN:226,(anonymous_11)
FN:230,(anonymous_12)
FN:251,(anonymous_13)
FN:255,(anonymous_14)
FN:268,(anonymous_15)
FN:272,(anonymous_16)
FN:289,(anonymous_17)
FN:293,(anonymous_18)
FN:363,(anonymous_19)
FN:385,(anonymous_20)
FN:395,(anonymous_21)
FNF:22
FNH:0
FNDA:0,(anonymous_0)
FNDA:0,(anonymous_1)
FNDA:0,(anonymous_2)
FNDA:0,(anonymous_3)
FNDA:0,(anonymous_4)
FNDA:0,(anonymous_5)
FNDA:0,(anonymous_6)
FNDA:0,(anonymous_7)
FNDA:0,(anonymous_8)
FNDA:0,(anonymous_9)
FNDA:0,(anonymous_10)
FNDA:0,(anonymous_11)
FNDA:0,(anonymous_12)
FNDA:0,(anonymous_13)
FNDA:0,(anonymous_14)
FNDA:0,(anonymous_15)
FNDA:0,(anonymous_16)
FNDA:0,(anonymous_17)
FNDA:0,(anonymous_18)
FNDA:0,(anonymous_19)
FNDA:0,(anonymous_20)
FNDA:0,(anonymous_21)
DA:33,1
DA:60,1
DA:64,0
DA:65,0
DA:66,0
DA:67,0
DA:68,0
DA:69,0
DA:70,0
DA:71,0
DA:72,0
DA:73,0
DA:75,0
DA:82,0
DA:83,0
DA:86,0
DA:102,0
DA:103,0
DA:106,0
DA:107,0
DA:108,0
DA:109,0
DA:113,0
DA:114,0
DA:117,0
DA:118,0
DA:119,0
DA:120,0
DA:124,0
DA:125,0
DA:126,0
DA:128,0
DA:129,0
DA:130,0
DA:133,0
DA:134,0
DA:135,0
DA:136,0
DA:139,0
DA:140,0
DA:141,0
DA:148,0
DA:149,0
DA:152,0
DA:153,0
DA:155,0
DA:156,0
DA:157,0
DA:160,0
DA:169,0
DA:170,0
DA:171,0
DA:174,0
DA:175,0
DA:177,0
DA:178,0
DA:180,0
DA:184,0
DA:185,0
DA:186,0
DA:187,0
DA:190,0
DA:191,0
DA:192,0
DA:195,0
DA:196,0
DA:201,0
DA:212,0
DA:226,0
DA:231,0
DA:251,0
DA:256,0
DA:268,0
DA:273,0
DA:289,0
DA:294,0
DA:363,0
DA:385,0
DA:395,0
DA:418,1
LF:80
LH:3
BRDA:107,0,0,0
BRDA:107,0,1,0
BRDA:107,1,0,0
BRDA:107,1,1,0
BRDA:118,2,0,0
BRDA:118,2,1,0
BRDA:118,3,0,0
BRDA:118,3,1,0
BRDA:118,3,2,0
BRDA:118,3,3,0
BRDA:118,3,4,0
BRDA:128,4,0,0
BRDA:128,4,1,0
BRDA:134,5,0,0
BRDA:134,5,1,0
BRDA:152,6,0,0
BRDA:152,6,1,0
BRDA:152,6,2,0
BRDA:155,7,0,0
BRDA:155,7,1,0
BRDA:170,8,0,0
BRDA:170,8,1,0
BRDA:199,9,0,0
BRDA:199,9,1,0
BRDA:205,10,0,0
BRDA:205,10,1,0
BRDA:312,11,0,0
BRDA:312,11,1,0
BRDA:314,12,0,0
BRDA:314,12,1,0
BRDA:343,13,0,0
BRDA:343,13,1,0
BRDA:382,14,0,0
BRDA:382,14,1,0
BRDA:392,15,0,0
BRDA:392,15,1,0
BRDA:408,16,0,0
BRDA:408,16,1,0
BRF:38
BRH:0
end_of_record
TN:
SF:src\screens\ProfileScreen.tsx
FN:16,(anonymous_0)
FN:52,(anonymous_1)
FN:72,(anonymous_2)
FN:126,(anonymous_3)
FN:136,(anonymous_4)
FN:140,(anonymous_5)
FN:145,(anonymous_6)
FN:149,(anonymous_7)
FN:168,(anonymous_8)
FN:177,(anonymous_9)
FN:190,(anonymous_10)
FN:201,(anonymous_11)
FN:253,(anonymous_12)
FN:262,(anonymous_13)
FN:263,(anonymous_14)
FN:266,(anonymous_15)
FN:267,(anonymous_16)
FN:271,(anonymous_17)
FN:274,(anonymous_18)
FN:283,(anonymous_19)
FN:313,(anonymous_20)
FN:321,(anonymous_21)
FN:352,(anonymous_22)
FN:377,(anonymous_23)
FN:432,(anonymous_24)
FN:476,(anonymous_25)
FN:508,(anonymous_26)
FN:516,(anonymous_27)
FN:523,(anonymous_28)
FN:530,(anonymous_29)
FN:531,(anonymous_30)
FN:549,(anonymous_31)
FN:570,(anonymous_32)
FN:583,(anonymous_33)
FN:624,(anonymous_34)
FN:631,(anonymous_35)
FN:645,(anonymous_36)
FN:700,(anonymous_37)
FN:708,(anonymous_38)
FN:719,(anonymous_39)
FN:723,(anonymous_40)
FN:738,(anonymous_41)
FN:759,(anonymous_42)
FNF:43
FNH:0
FNDA:0,(anonymous_0)
FNDA:0,(anonymous_1)
FNDA:0,(anonymous_2)
FNDA:0,(anonymous_3)
FNDA:0,(anonymous_4)
FNDA:0,(anonymous_5)
FNDA:0,(anonymous_6)
FNDA:0,(anonymous_7)
FNDA:0,(anonymous_8)
FNDA:0,(anonymous_9)
FNDA:0,(anonymous_10)
FNDA:0,(anonymous_11)
FNDA:0,(anonymous_12)
FNDA:0,(anonymous_13)
FNDA:0,(anonymous_14)
FNDA:0,(anonymous_15)
FNDA:0,(anonymous_16)
FNDA:0,(anonymous_17)
FNDA:0,(anonymous_18)
FNDA:0,(anonymous_19)
FNDA:0,(anonymous_20)
FNDA:0,(anonymous_21)
FNDA:0,(anonymous_22)
FNDA:0,(anonymous_23)
FNDA:0,(anonymous_24)
FNDA:0,(anonymous_25)
FNDA:0,(anonymous_26)
FNDA:0,(anonymous_27)
FNDA:0,(anonymous_28)
FNDA:0,(anonymous_29)
FNDA:0,(anonymous_30)
FNDA:0,(anonymous_31)
FNDA:0,(anonymous_32)
FNDA:0,(anonymous_33)
FNDA:0,(anonymous_34)
FNDA:0,(anonymous_35)
FNDA:0,(anonymous_36)
FNDA:0,(anonymous_37)
FNDA:0,(anonymous_38)
FNDA:0,(anonymous_39)
FNDA:0,(anonymous_40)
FNDA:0,(anonymous_41)
FNDA:0,(anonymous_42)
DA:16,1
DA:17,0
DA:18,0
DA:19,0
DA:20,0
DA:23,0
DA:25,0
DA:28,0
DA:29,0
DA:40,0
DA:45,0
DA:46,0
DA:47,0
DA:48,0
DA:49,0
DA:50,0
DA:52,0
DA:54,0
DA:67,0
DA:68,0
DA:72,0
DA:73,0
DA:74,0
DA:75,0
DA:76,0
DA:78,0
DA:79,0
DA:80,0
DA:82,0
DA:94,0
DA:101,0
DA:113,0
DA:120,0
DA:122,0
DA:126,0
DA:127,0
DA:132,0
DA:136,0
DA:137,0
DA:140,0
DA:141,0
DA:145,0
DA:150,0
DA:151,0
DA:152,0
DA:153,0
DA:154,0
DA:156,0
DA:157,0
DA:159,0
DA:160,0
DA:168,0
DA:169,0
DA:177,0
DA:178,0
DA:179,0
DA:180,0
DA:182,0
DA:183,0
DA:185,0
DA:190,0
DA:191,0
DA:193,0
DA:194,0
DA:196,0
DA:198,0
DA:201,0
DA:202,0
DA:203,0
DA:205,0
DA:211,0
DA:214,0
DA:215,0
DA:217,0
DA:218,0
DA:222,0
DA:223,0
DA:226,0
DA:227,0
DA:229,0
DA:231,0
DA:236,0
DA:239,0
DA:240,0
DA:242,0
DA:243,0
DA:244,0
DA:246,0
DA:247,0
DA:249,0
DA:253,0
DA:254,0
DA:255,0
DA:257,0
DA:258,0
DA:259,0
DA:262,0
DA:263,0
DA:266,0
DA:267,0
DA:268,0
DA:271,0
DA:272,0
DA:273,0
DA:274,0
DA:280,0
DA:283,0
DA:284,0
DA:287,0
DA:293,0
DA:294,0
DA:299,0
DA:313,0
DA:334,0
DA:352,0
DA:377,0
DA:433,0
DA:476,0
DA:508,0
DA:516,0
DA:524,0
DA:531,0
DA:532,0
DA:549,0
DA:570,0
DA:583,0
DA:625,0
DA:631,0
DA:645,0
DA:700,0
DA:708,0
DA:720,0
DA:721,0
DA:723,0
DA:724,0
DA:726,0
DA:727,0
DA:738,0
DA:759,1
LF:139
LH:2
BRDA:67,0,0,0
BRDA:67,0,1,0
BRDA:78,1,0,0
BRDA:78,1,1,0
BRDA:79,2,0,0
BRDA:79,2,1,0
BRDA:80,3,0,0
BRDA:80,3,1,0
BRDA:83,4,0,0
BRDA:83,4,1,0
BRDA:83,4,2,0
BRDA:83,4,3,0
BRDA:84,5,0,0
BRDA:84,5,1,0
BRDA:84,5,2,0
BRDA:85,6,0,0
BRDA:85,6,1,0
BRDA:87,7,0,0
BRDA:87,7,1,0
BRDA:87,7,2,0
BRDA:89,8,0,0
BRDA:89,8,1,0
BRDA:89,8,2,0
BRDA:90,9,0,0
BRDA:90,9,1,0
BRDA:91,10,0,0
BRDA:91,10,1,0
BRDA:95,11,0,0
BRDA:95,11,1,0
BRDA:96,12,0,0
BRDA:96,12,1,0
BRDA:97,13,0,0
BRDA:97,13,1,0
BRDA:102,14,0,0
BRDA:102,14,1,0
BRDA:103,15,0,0
BRDA:103,15,1,0
BRDA:108,16,0,0
BRDA:108,16,1,0
BRDA:132,17,0,0
BRDA:132,17,1,0
BRDA:182,18,0,0
BRDA:182,18,1,0
BRDA:182,19,0,0
BRDA:182,19,1,0
BRDA:182,19,2,0
BRDA:193,20,0,0
BRDA:193,20,1,0
BRDA:193,21,0,0
BRDA:193,21,1,0
BRDA:193,21,2,0
BRDA:211,22,0,0
BRDA:211,22,1,0
BRDA:214,23,0,0
BRDA:214,23,1,0
BRDA:214,24,0,0
BRDA:214,24,1,0
BRDA:217,25,0,0
BRDA:217,25,1,0
BRDA:217,26,0,0
BRDA:217,26,1,0
BRDA:222,27,0,0
BRDA:222,27,1,0
BRDA:222,28,0,0
BRDA:222,28,1,0
BRDA:222,28,2,0
BRDA:226,29,0,0
BRDA:226,29,1,0
BRDA:226,30,0,0
BRDA:226,30,1,0
BRDA:229,31,0,0
BRDA:229,31,1,0
BRDA:229,32,0,0
BRDA:229,32,1,0
BRDA:236,33,0,0
BRDA:236,33,1,0
BRDA:254,34,0,0
BRDA:254,34,1,0
BRDA:272,35,0,0
BRDA:272,35,1,0
BRDA:272,36,0,0
BRDA:272,36,1,0
BRDA:272,36,2,0
BRDA:437,37,0,0
BRDA:437,37,1,0
BRDA:463,38,0,0
BRDA:463,38,1,0
BRDA:463,38,2,0
BRDA:486,39,0,0
BRDA:486,39,1,0
BRDA:528,40,0,0
BRDA:528,40,1,0
BRDA:586,41,0,0
BRDA:586,41,1,0
BRDA:593,42,0,0
BRDA:593,42,1,0
BRDA:606,43,0,0
BRDA:606,43,1,0
BRDA:622,44,0,0
BRDA:622,44,1,0
BRDA:629,45,0,0
BRDA:629,45,1,0
BRDA:635,46,0,0
BRDA:635,46,1,0
BRDA:648,47,0,0
BRDA:648,47,1,0
BRDA:687,48,0,0
BRDA:687,48,1,0
BRDA:720,49,0,0
BRDA:720,49,1,0
BRDA:720,50,0,0
BRDA:720,50,1,0
BRDA:726,51,0,0
BRDA:726,51,1,0
BRDA:768,52,0,0
BRDA:768,52,1,0
BRDA:775,53,0,0
BRDA:775,53,1,0
BRF:118
BRH:0
end_of_record
TN:
SF:src\screens\SendNoteScreen.tsx
FN:27,(anonymous_0)
FN:33,(anonymous_1)
FN:64,(anonymous_2)
FN:101,(anonymous_3)
FN:120,(anonymous_4)
FN:134,(anonymous_5)
FN:137,(anonymous_6)
FN:141,(anonymous_7)
FN:159,(anonymous_8)
FN:166,(anonymous_9)
FN:220,(anonymous_10)
FNF:11
FNH:0
FNDA:0,(anonymous_0)
FNDA:0,(anonymous_1)
FNDA:0,(anonymous_2)
FNDA:0,(anonymous_3)
FNDA:0,(anonymous_4)
FNDA:0,(anonymous_5)
FNDA:0,(anonymous_6)
FNDA:0,(anonymous_7)
FNDA:0,(anonymous_8)
FNDA:0,(anonymous_9)
FNDA:0,(anonymous_10)
DA:27,1
DA:28,0
DA:29,0
DA:30,0
DA:31,0
DA:33,0
DA:34,0
DA:35,0
DA:36,0
DA:39,0
DA:40,0
DA:41,0
DA:44,0
DA:45,0
DA:46,0
DA:49,0
DA:51,0
DA:52,0
DA:54,0
DA:56,0
DA:58,0
DA:66,0
DA:67,0
DA:69,0
DA:70,0
DA:72,0
DA:79,0
DA:80,0
DA:86,0
DA:90,0
DA:92,0
DA:101,0
DA:139,0
DA:143,0
DA:160,0
DA:166,0
DA:220,1
LF:37
LH:2
BRDA:34,0,0,0
BRDA:34,0,1,0
BRDA:39,1,0,0
BRDA:39,1,1,0
BRDA:44,2,0,0
BRDA:44,2,1,0
BRDA:69,3,0,0
BRDA:69,3,1,0
BRDA:95,4,0,0
BRDA:95,4,1,0
BRDA:101,5,0,0
BRDA:101,5,1,0
BRDA:164,6,0,0
BRDA:164,6,1,0
BRDA:189,7,0,0
BRDA:189,7,1,0
BRDA:189,7,2,0
BRDA:189,7,3,0
BRDA:192,8,0,0
BRDA:192,8,1,0
BRDA:192,8,2,0
BRDA:194,9,0,0
BRDA:194,9,1,0
BRDA:201,10,0,0
BRDA:201,10,1,0
BRDA:201,11,0,0
BRDA:201,11,1,0
BRDA:206,12,0,0
BRDA:206,12,1,0
BRDA:206,12,2,0
BRDA:208,13,0,0
BRDA:208,13,1,0
BRDA:208,14,0,0
BRDA:208,14,1,0
BRDA:230,15,0,0
BRDA:230,15,1,0
BRF:36
BRH:0
end_of_record
TN:
SF:src\screens\SentNotesScreen.tsx
FN:47,(anonymous_0)
FN:55,(anonymous_1)
FN:59,(anonymous_2)
FN:74,(anonymous_3)
FN:87,(anonymous_4)
FN:93,(anonymous_5)
FN:98,(anonymous_6)
FN:108,(anonymous_7)
FN:118,(anonymous_8)
FN:127,(anonymous_9)
FN:139,(anonymous_10)
FN:161,(anonymous_11)
FN:164,(anonymous_12)
FN:211,(anonymous_13)
FN:238,(anonymous_14)
FN:266,(anonymous_15)
FN:288,(anonymous_16)
FN:313,(anonymous_17)
FN:323,(anonymous_18)
FNF:19
FNH:0
FNDA:0,(anonymous_0)
FNDA:0,(anonymous_1)
FNDA:0,(anonymous_2)
FNDA:0,(anonymous_3)
FNDA:0,(anonymous_4)
FNDA:0,(anonymous_5)
FNDA:0,(anonymous_6)
FNDA:0,(anonymous_7)
FNDA:0,(anonymous_8)
FNDA:0,(anonymous_9)
FNDA:0,(anonymous_10)
FNDA:0,(anonymous_11)
FNDA:0,(anonymous_12)
FNDA:0,(anonymous_13)
FNDA:0,(anonymous_14)
FNDA:0,(anonymous_15)
FNDA:0,(anonymous_16)
FNDA:0,(anonymous_17)
FNDA:0,(anonymous_18)
DA:47,1
DA:48,0
DA:49,0
DA:50,0
DA:51,0
DA:52,0
DA:53,0
DA:55,0
DA:56,0
DA:59,0
DA:60,0
DA:62,0
DA:63,0
DA:64,0
DA:65,0
DA:67,0
DA:68,0
DA:70,0
DA:74,0
DA:75,0
DA:76,0
DA:77,0
DA:78,0
DA:80,0
DA:81,0
DA:83,0
DA:87,0
DA:88,0
DA:89,0
DA:90,0
DA:93,0
DA:94,0
DA:95,0
DA:98,0
DA:99,0
DA:100,0
DA:101,0
DA:102,0
DA:103,0
DA:104,0
DA:108,0
DA:109,0
DA:110,0
DA:111,0
DA:112,0
DA:113,0
DA:114,0
DA:118,0
DA:119,0
DA:127,0
DA:128,0
DA:140,0
DA:142,0
DA:145,0
DA:146,0
DA:147,0
DA:150,0
DA:152,0
DA:153,0
DA:161,0
DA:162,0
DA:164,0
DA:211,0
DA:212,0
DA:239,0
DA:240,0
DA:251,0
DA:252,0
DA:260,0
DA:266,0
DA:288,0
DA:313,0
DA:323,0
DA:345,1
LF:74
LH:2
BRDA:60,0,0,0
BRDA:60,0,1,0
BRDA:99,1,0,0
BRDA:99,1,1,0
BRDA:99,1,2,0
BRDA:99,1,3,0
BRDA:99,1,4,0
BRDA:109,2,0,0
BRDA:109,2,1,0
BRDA:109,2,2,0
BRDA:109,2,3,0
BRDA:109,2,4,0
BRDA:219,3,0,0
BRDA:219,3,1,0
BRDA:251,4,0,0
BRDA:251,4,1,0
BRDA:266,5,0,0
BRDA:266,5,1,0
BRDA:272,6,0,0
BRDA:272,6,1,0
BRDA:283,7,0,0
BRDA:283,7,1,0
BRDA:305,8,0,0
BRDA:305,8,1,0
BRDA:355,9,0,1
BRDA:355,9,1,0
BRF:26
BRH:1
end_of_record
TN:
SF:src\screens\SettingsHubScreen.tsx
FN:23,(anonymous_0)
FN:31,(anonymous_1)
FN:47,(anonymous_2)
FN:56,(anonymous_3)
FN:71,(anonymous_4)
FN:79,(anonymous_5)
FN:110,(anonymous_6)
FN:146,(anonymous_7)
FN:196,(anonymous_8)
FNF:9
FNH:0
FNDA:0,(anonymous_0)
FNDA:0,(anonymous_1)
FNDA:0,(anonymous_2)
FNDA:0,(anonymous_3)
FNDA:0,(anonymous_4)
FNDA:0,(anonymous_5)
FNDA:0,(anonymous_6)
FNDA:0,(anonymous_7)
FNDA:0,(anonymous_8)
DA:23,1
DA:24,0
DA:25,0
DA:26,0
DA:27,0
DA:29,0
DA:31,0
DA:33,0
DA:47,0
DA:48,0
DA:57,0
DA:58,0
DA:65,0
DA:71,0
DA:79,0
DA:92,0
DA:110,0
DA:147,0
DA:196,1
LF:19
LH:2
BRDA:128,0,0,0
BRDA:128,0,1,0
BRDA:128,0,2,0
BRDA:132,1,0,0
BRDA:132,1,1,0
BRDA:132,1,2,0
BRDA:151,2,0,0
BRDA:151,2,1,0
BRDA:205,3,0,0
BRDA:205,3,1,0
BRDA:212,4,0,0
BRDA:212,4,1,0
BRF:12
BRH:0
end_of_record
TN:
SF:src\screens\SettingsScreen.tsx
FN:16,(anonymous_0)
FN:26,(anonymous_1)
FN:45,(anonymous_2)
FN:57,(anonymous_3)
FN:75,(anonymous_4)
FN:93,(anonymous_5)
FN:98,(anonymous_6)
FN:110,(anonymous_7)
FN:120,(anonymous_8)
FN:160,(anonymous_9)
FN:176,(anonymous_10)
FN:215,(anonymous_11)
FN:231,(anonymous_12)
FN:285,(anonymous_13)
FNF:14
FNH:0
FNDA:0,(anonymous_0)
FNDA:0,(anonymous_1)
FNDA:0,(anonymous_2)
FNDA:0,(anonymous_3)
FNDA:0,(anonymous_4)
FNDA:0,(anonymous_5)
FNDA:0,(anonymous_6)
FNDA:0,(anonymous_7)
FNDA:0,(anonymous_8)
FNDA:0,(anonymous_9)
FNDA:0,(anonymous_10)
FNDA:0,(anonymous_11)
FNDA:0,(anonymous_12)
FNDA:0,(anonymous_13)
DA:16,1
DA:17,0
DA:18,0
DA:19,0
DA:20,0
DA:21,0
DA:22,0
DA:24,0
DA:26,0
DA:28,0
DA:42,0
DA:45,0
DA:46,0
DA:47,0
DA:49,0
DA:51,0
DA:53,0
DA:57,0
DA:58,0
DA:59,0
DA:60,0
DA:61,0
DA:62,0
DA:64,0
DA:68,0
DA:69,0
DA:71,0
DA:75,0
DA:76,0
DA:77,0
DA:78,0
DA:79,0
DA:80,0
DA:82,0
DA:86,0
DA:87,0
DA:89,0
DA:93,0
DA:94,0
DA:98,0
DA:99,0
DA:101,0
DA:102,0
DA:103,0
DA:104,0
DA:106,0
DA:110,0
DA:111,0
DA:114,0
DA:120,0
DA:160,0
DA:176,0
DA:197,0
DA:215,0
DA:232,0
DA:285,1
LF:56
LH:2
BRDA:60,0,0,0
BRDA:60,0,1,0
BRDA:62,1,0,0
BRDA:62,1,1,0
BRDA:78,2,0,0
BRDA:78,2,1,0
BRDA:80,3,0,0
BRDA:80,3,1,0
BRDA:101,4,0,0
BRDA:101,4,1,0
BRDA:126,5,0,0
BRDA:126,5,1,0
BRDA:134,6,0,0
BRDA:134,6,1,0
BRDA:142,7,0,0
BRDA:142,7,1,0
BRDA:166,8,0,0
BRDA:166,8,1,0
BRDA:182,9,0,0
BRDA:182,9,1,0
BRDA:236,10,0,0
BRDA:236,10,1,0
BRDA:253,11,0,0
BRDA:253,11,1,0
BRDA:294,12,0,0
BRDA:294,12,1,0
BRDA:301,13,0,0
BRDA:301,13,1,0
BRF:28
BRH:0
end_of_record
TN:
SF:src\screens\WelcomeScreen.tsx
FN:19,(anonymous_0)
FN:23,(anonymous_1)
FN:98,(anonymous_2)
FN:106,(anonymous_3)
FNF:4
FNH:0
FNDA:0,(anonymous_0)
FNDA:0,(anonymous_1)
FNDA:0,(anonymous_2)
FNDA:0,(anonymous_3)
DA:13,0
DA:19,0
DA:20,0
DA:21,0
DA:23,0
DA:24,0
DA:38,0
DA:98,0
DA:106,0
DA:125,0
LF:10
LH:0
BRF:0
BRH:0
end_of_record
TN:
SF:src\screens\WhisprComposeScreen.tsx
FN:15,(anonymous_0)
FN:21,(anonymous_1)
FN:52,(anonymous_2)
FN:84,(anonymous_3)
FN:101,(anonymous_4)
FN:108,(anonymous_5)
FNF:6
FNH:0
FNDA:0,(anonymous_0)
FNDA:0,(anonymous_1)
FNDA:0,(anonymous_2)
FNDA:0,(anonymous_3)
FNDA:0,(anonymous_4)
FNDA:0,(anonymous_5)
DA:15,0
DA:16,0
DA:17,0
DA:18,0
DA:19,0
DA:21,0
DA:22,0
DA:23,0
DA:24,0
DA:27,0
DA:28,0
DA:29,0
DA:32,0
DA:33,0
DA:34,0
DA:37,0
DA:39,0
DA:40,0
DA:42,0
DA:44,0
DA:46,0
DA:54,0
DA:55,0
DA:57,0
DA:63,0
DA:64,0
DA:70,0
DA:74,0
DA:84,0
DA:102,0
DA:108,0
DA:185,0
LF:32
LH:0
BRDA:22,0,0,0
BRDA:22,0,1,0
BRDA:27,1,0,0
BRDA:27,1,1,0
BRDA:32,2,0,0
BRDA:32,2,1,0
BRDA:77,3,0,0
BRDA:77,3,1,0
BRDA:106,4,0,0
BRDA:106,4,1,0
BRDA:114,5,0,0
BRDA:114,5,1,0
BRDA:140,6,0,0
BRDA:140,6,1,0
BRDA:159,7,0,0
BRDA:159,7,1,0
BRDA:159,7,2,0
BRDA:159,7,3,0
BRDA:162,8,0,0
BRDA:162,8,1,0
BRDA:162,8,2,0
BRDA:164,9,0,0
BRDA:164,9,1,0
BRF:23
BRH:0
end_of_record
TN:
SF:src\screens\WhisprNotesScreen.tsx
FN:18,(anonymous_0)
FN:30,(anonymous_1)
FN:34,(anonymous_2)
FN:37,(anonymous_3)
FN:41,(anonymous_4)
FN:42,(anonymous_5)
FN:49,(anonymous_6)
FN:56,(anonymous_7)
FN:60,(anonymous_8)
FN:63,(anonymous_9)
FN:74,(anonymous_10)
FN:91,(anonymous_11)
FN:95,(anonymous_12)
FN:115,(anonymous_13)
FN:117,(anonymous_14)
FN:133,(anonymous_15)
FN:141,(anonymous_16)
FN:143,(anonymous_17)
FN:159,(anonymous_18)
FN:167,(anonymous_19)
FN:177,(anonymous_20)
FN:178,(anonymous_21)
FN:185,(anonymous_22)
FN:207,(anonymous_23)
FN:215,(anonymous_24)
FN:289,(anonymous_25)
FN:326,(anonymous_26)
FN:333,(anonymous_27)
FN:351,(anonymous_28)
FN:362,(anonymous_29)
FN:389,(anonymous_30)
FNF:31
FNH:0
FNDA:0,(anonymous_0)
FNDA:0,(anonymous_1)
FNDA:0,(anonymous_2)
FNDA:0,(anonymous_3)
FNDA:0,(anonymous_4)
FNDA:0,(anonymous_5)
FNDA:0,(anonymous_6)
FNDA:0,(anonymous_7)
FNDA:0,(anonymous_8)
FNDA:0,(anonymous_9)
FNDA:0,(anonymous_10)
FNDA:0,(anonymous_11)
FNDA:0,(anonymous_12)
FNDA:0,(anonymous_13)
FNDA:0,(anonymous_14)
FNDA:0,(anonymous_15)
FNDA:0,(anonymous_16)
FNDA:0,(anonymous_17)
FNDA:0,(anonymous_18)
FNDA:0,(anonymous_19)
FNDA:0,(anonymous_20)
FNDA:0,(anonymous_21)
FNDA:0,(anonymous_22)
FNDA:0,(anonymous_23)
FNDA:0,(anonymous_24)
FNDA:0,(anonymous_25)
FNDA:0,(anonymous_26)
FNDA:0,(anonymous_27)
FNDA:0,(anonymous_28)
FNDA:0,(anonymous_29)
FNDA:0,(anonymous_30)
DA:18,1
DA:19,0
DA:20,0
DA:21,0
DA:22,0
DA:23,0
DA:24,0
DA:25,0
DA:26,0
DA:27,0
DA:30,0
DA:31,0
DA:34,0
DA:35,0
DA:36,0
DA:37,0
DA:41,0
DA:42,0
DA:44,0
DA:49,0
DA:52,0
DA:55,0
DA:56,0
DA:60,0
DA:63,0
DA:65,0
DA:66,0
DA:67,0
DA:68,0
DA:70,0
DA:74,0
DA:75,0
DA:76,0
DA:79,0
DA:80,0
DA:81,0
DA:83,0
DA:84,0
DA:86,0
DA:91,0
DA:92,0
DA:95,0
DA:96,0
DA:97,0
DA:98,0
DA:99,0
DA:100,0
DA:101,0
DA:102,0
DA:103,0
DA:106,0
DA:108,0
DA:110,0
DA:115,0
DA:116,0
DA:117,0
DA:118,0
DA:119,0
DA:120,0
DA:121,0
DA:122,0
DA:123,0
DA:125,0
DA:126,0
DA:129,0
DA:130,0
DA:131,0
DA:133,0
DA:134,0
DA:135,0
DA:136,0
DA:141,0
DA:142,0
DA:143,0
DA:144,0
DA:145,0
DA:146,0
DA:147,0
DA:148,0
DA:149,0
DA:151,0
DA:152,0
DA:155,0
DA:156,0
DA:157,0
DA:159,0
DA:160,0
DA:161,0
DA:162,0
DA:167,0
DA:168,0
DA:169,0
DA:170,0
DA:171,0
DA:172,0
DA:173,0
DA:174,0
DA:177,0
DA:178,0
DA:179,0
DA:180,0
DA:181,0
DA:185,0
DA:187,0
DA:188,0
DA:189,0
DA:193,0
DA:194,0
DA:195,0
DA:198,0
DA:201,0
DA:207,0
DA:215,0
DA:289,0
DA:327,0
DA:328,0
DA:333,0
DA:351,0
DA:362,0
DA:389,0
DA:405,1
LF:121
LH:2
BRDA:31,0,0,0
BRDA:31,0,1,0
BRDA:35,1,0,0
BRDA:35,1,1,0
BRDA:96,2,0,0
BRDA:96,2,1,0
BRDA:101,3,0,0
BRDA:101,3,1,0
BRDA:103,4,0,0
BRDA:103,4,1,0
BRDA:108,5,0,0
BRDA:108,5,1,0
BRDA:121,6,0,0
BRDA:121,6,1,0
BRDA:130,7,0,0
BRDA:130,7,1,0
BRDA:147,8,0,0
BRDA:147,8,1,0
BRDA:156,9,0,0
BRDA:156,9,1,0
BRDA:168,10,0,0
BRDA:168,10,1,0
BRDA:171,11,0,0
BRDA:171,11,1,0
BRDA:172,12,0,0
BRDA:172,12,1,0
BRDA:173,13,0,0
BRDA:173,13,1,0
BRDA:180,14,0,0
BRDA:180,14,1,0
BRDA:188,15,0,0
BRDA:188,15,1,0
BRDA:194,16,0,0
BRDA:194,16,1,0
BRDA:202,17,0,0
BRDA:202,17,1,0
BRDA:218,18,0,0
BRDA:218,18,1,0
BRDA:221,19,0,0
BRDA:221,19,1,0
BRDA:229,20,0,0
BRDA:229,20,1,0
BRDA:240,21,0,0
BRDA:240,21,1,0
BRDA:263,22,0,0
BRDA:263,22,1,0
BRDA:267,23,0,0
BRDA:267,23,1,0
BRDA:267,23,2,0
BRDA:269,24,0,0
BRDA:269,24,1,0
BRDA:277,25,0,0
BRDA:277,25,1,0
BRDA:307,26,0,0
BRDA:307,26,1,0
BRDA:312,27,0,0
BRDA:312,27,1,0
BRDA:319,28,0,0
BRDA:319,28,1,0
BRDA:337,29,0,0
BRDA:337,29,1,0
BRDA:338,30,0,0
BRDA:338,30,1,0
BRDA:342,31,0,0
BRDA:342,31,1,0
BRDA:343,32,0,0
BRDA:343,32,1,0
BRDA:345,33,0,0
BRDA:345,33,1,0
BRDA:345,33,2,0
BRDA:345,33,3,0
BRDA:350,34,0,0
BRDA:350,34,1,0
BRDA:354,35,0,0
BRDA:354,35,1,0
BRDA:361,36,0,0
BRDA:361,36,1,0
BRDA:365,37,0,0
BRDA:365,37,1,0
BRDA:412,38,0,1
BRDA:412,38,1,0
BRF:81
BRH:1
end_of_record
TN:
SF:src\services\api.ts
FN:9,(anonymous_0)
FN:14,(anonymous_1)
FN:27,(anonymous_2)
FN:41,(anonymous_3)
FN:53,(anonymous_4)
FN:68,(anonymous_5)
FN:80,(anonymous_6)
FN:90,(anonymous_7)
FN:104,(anonymous_8)
FN:110,(anonymous_9)
FNF:10
FNH:0
FNDA:0,(anonymous_0)
FNDA:0,(anonymous_1)
FNDA:0,(anonymous_2)
FNDA:0,(anonymous_3)
FNDA:0,(anonymous_4)
FNDA:0,(anonymous_5)
FNDA:0,(anonymous_6)
FNDA:0,(anonymous_7)
FNDA:0,(anonymous_8)
FNDA:0,(anonymous_9)
DA:4,0
DA:10,0
DA:15,0
DA:16,0
DA:20,0
DA:22,0
DA:23,0
DA:28,0
DA:29,0
DA:33,0
DA:35,0
DA:36,0
DA:42,0
DA:43,0
DA:46,0
DA:48,0
DA:49,0
DA:54,0
DA:55,0
DA:60,0
DA:62,0
DA:63,0
DA:69,0
DA:70,0
DA:73,0
DA:75,0
DA:76,0
DA:81,0
DA:82,0
DA:83,0
DA:85,0
DA:86,0
DA:91,0
DA:92,0
DA:96,0
DA:98,0
DA:99,0
DA:105,0
DA:106,0
DA:111,0
DA:112,0
DA:113,0
DA:115,0
DA:116,0
DA:121,0
LF:45
LH:0
BRF:0
BRH:0
end_of_record
TN:
SF:src\services\authService.ts
FN:6,(anonymous_0)
FN:16,(anonymous_1)
FN:185,(anonymous_2)
FN:195,(anonymous_3)
FN:290,(anonymous_4)
FN:302,(anonymous_5)
FN:312,(anonymous_6)
FN:320,(anonymous_7)
FN:338,(anonymous_8)
FN:359,(anonymous_9)
FN:376,(anonymous_10)
FN:450,(anonymous_11)
FN:462,(anonymous_12)
FN:481,(anonymous_13)
FN:500,(anonymous_14)
FN:542,(anonymous_15)
FN:582,(anonymous_16)
FNF:17
FNH:0
FNDA:0,(anonymous_0)
FNDA:0,(anonymous_1)
FNDA:0,(anonymous_2)
FNDA:0,(anonymous_3)
FNDA:0,(anonymous_4)
FNDA:0,(anonymous_5)
FNDA:0,(anonymous_6)
FNDA:0,(anonymous_7)
FNDA:0,(anonymous_8)
FNDA:0,(anonymous_9)
FNDA:0,(anonymous_10)
FNDA:0,(anonymous_11)
FNDA:0,(anonymous_12)
FNDA:0,(anonymous_13)
FNDA:0,(anonymous_14)
FNDA:0,(anonymous_15)
FNDA:0,(anonymous_16)
DA:7,0
DA:17,0
DA:19,0
DA:24,0
DA:25,0
DA:26,0
DA:27,0
DA:32,0
DA:37,0
DA:38,0
DA:39,0
DA:41,0
DA:47,0
DA:48,0
DA:49,0
DA:52,0
DA:54,0
DA:70,0
DA:72,0
DA:75,0
DA:80,0
DA:84,0
DA:97,0
DA:98,0
DA:99,0
DA:104,0
DA:107,0
DA:108,0
DA:112,0
DA:114,0
DA:115,0
DA:116,0
DA:118,0
DA:119,0
DA:121,0
DA:122,0
DA:126,0
DA:127,0
DA:128,0
DA:132,0
DA:134,0
DA:147,0
DA:149,0
DA:150,0
DA:152,0
DA:155,0
DA:158,0
DA:159,0
DA:160,0
DA:161,0
DA:164,0
DA:165,0
DA:167,0
DA:177,0
DA:179,0
DA:180,0
DA:186,0
DA:188,0
DA:190,0
DA:196,0
DA:197,0
DA:198,0
DA:201,0
DA:206,0
DA:207,0
DA:208,0
DA:209,0
DA:212,0
DA:218,0
DA:219,0
DA:225,0
DA:226,0
DA:227,0
DA:229,0
DA:232,0
DA:234,0
DA:235,0
DA:238,0
DA:239,0
DA:241,0
DA:245,0
DA:246,0
DA:247,0
DA:249,0
DA:250,0
DA:254,0
DA:259,0
DA:260,0
DA:262,0
DA:263,0
DA:269,0
DA:270,0
DA:272,0
DA:273,0
DA:277,0
DA:278,0
DA:280,0
DA:282,0
DA:283,0
DA:285,0
DA:287,0
DA:288,0
DA:289,0
DA:290,0
DA:291,0
DA:295,0
DA:297,0
DA:298,0
DA:302,0
DA:305,0
DA:307,0
DA:308,0
DA:312,0
DA:316,0
DA:321,0
DA:322,0
DA:327,0
DA:328,0
DA:330,0
DA:333,0
DA:339,0
DA:341,0
DA:347,0
DA:352,0
DA:354,0
DA:360,0
DA:362,0
DA:364,0
DA:365,0
DA:367,0
DA:370,0
DA:371,0
DA:377,0
DA:378,0
DA:391,0
DA:392,0
DA:393,0
DA:396,0
DA:399,0
DA:400,0
DA:403,0
DA:404,0
DA:407,0
DA:408,0
DA:410,0
DA:414,0
DA:419,0
DA:420,0
DA:423,0
DA:425,0
DA:426,0
DA:429,0
DA:440,0
DA:442,0
DA:444,0
DA:445,0
DA:451,0
DA:454,0
DA:456,0
DA:457,0
DA:463,0
DA:464,0
DA:473,0
DA:475,0
DA:476,0
DA:482,0
DA:483,0
DA:492,0
DA:494,0
DA:495,0
DA:501,0
DA:502,0
DA:504,0
DA:516,0
DA:517,0
DA:518,0
DA:519,0
DA:525,0
DA:526,0
DA:528,0
DA:533,0
DA:534,0
DA:543,0
DA:544,0
DA:546,0
DA:558,0
DA:559,0
DA:560,0
DA:561,0
DA:567,0
DA:568,0
DA:573,0
DA:574,0
DA:583,0
DA:584,0
DA:592,0
DA:594,0
DA:595,0
LF:198
LH:0
BRDA:9,0,0,0
BRDA:9,0,1,0
BRDA:24,1,0,0
BRDA:24,1,1,0
BRDA:26,2,0,0
BRDA:26,2,1,0
BRDA:26,3,0,0
BRDA:26,3,1,0
BRDA:37,4,0,0
BRDA:37,4,1,0
BRDA:39,5,0,0
BRDA:39,5,1,0
BRDA:39,6,0,0
BRDA:39,6,1,0
BRDA:49,7,0,0
BRDA:49,7,1,0
BRDA:70,8,0,0
BRDA:70,8,1,0
BRDA:97,9,0,0
BRDA:97,9,1,0
BRDA:104,10,0,0
BRDA:104,10,1,0
BRDA:112,11,0,0
BRDA:112,11,1,0
BRDA:116,12,0,0
BRDA:116,12,1,0
BRDA:126,13,0,0
BRDA:126,13,1,0
BRDA:126,14,0,0
BRDA:126,14,1,0
BRDA:147,15,0,0
BRDA:147,15,1,0
BRDA:155,16,0,0
BRDA:155,16,1,0
BRDA:160,17,0,0
BRDA:160,17,1,0
BRDA:164,18,0,0
BRDA:164,18,1,0
BRDA:172,19,0,0
BRDA:172,19,1,0
BRDA:180,20,0,0
BRDA:180,20,1,0
BRDA:195,21,0,0
BRDA:206,22,0,0
BRDA:206,22,1,0
BRDA:208,23,0,0
BRDA:208,23,1,0
BRDA:208,24,0,0
BRDA:208,24,1,0
BRDA:226,25,0,0
BRDA:226,25,1,0
BRDA:227,26,0,0
BRDA:227,26,1,0
BRDA:232,27,0,0
BRDA:232,27,1,0
BRDA:238,28,0,0
BRDA:238,28,1,0
BRDA:238,29,0,0
BRDA:238,29,1,0
BRDA:270,30,0,0
BRDA:270,30,1,0
BRDA:273,31,0,0
BRDA:273,31,1,0
BRDA:277,32,0,0
BRDA:277,32,1,0
BRDA:280,33,0,0
BRDA:280,33,1,0
BRDA:287,34,0,0
BRDA:287,34,1,0
BRDA:289,35,0,0
BRDA:289,35,1,0
BRDA:297,36,0,0
BRDA:297,36,1,0
BRDA:298,37,0,0
BRDA:298,37,1,0
BRDA:307,38,0,0
BRDA:307,38,1,0
BRDA:308,39,0,0
BRDA:308,39,1,0
BRDA:327,40,0,0
BRDA:327,40,1,0
BRDA:364,41,0,0
BRDA:364,41,1,0
BRDA:391,42,0,0
BRDA:391,42,1,0
BRDA:393,43,0,0
BRDA:393,43,1,0
BRDA:399,44,0,0
BRDA:399,44,1,0
BRDA:400,45,0,0
BRDA:400,45,1,0
BRDA:403,46,0,0
BRDA:403,46,1,0
BRDA:408,47,0,0
BRDA:408,47,1,0
BRDA:419,48,0,0
BRDA:419,48,1,0
BRDA:425,49,0,0
BRDA:425,49,1,0
BRDA:431,50,0,0
BRDA:431,50,1,0
BRDA:445,51,0,0
BRDA:445,51,1,0
BRDA:457,52,0,0
BRDA:457,52,1,0
BRDA:516,53,0,0
BRDA:516,53,1,0
BRDA:521,54,0,0
BRDA:521,54,1,0
BRDA:521,54,2,0
BRDA:558,55,0,0
BRDA:558,55,1,0
BRDA:563,56,0,0
BRDA:563,56,1,0
BRDA:563,56,2,0
BRF:115
BRH:0
end_of_record
TN:
SF:src\services\autoPermissionManager.ts
FN:9,(anonymous_0)
FN:11,(anonymous_1)
FN:23,(anonymous_2)
FN:40,(anonymous_3)
FN:53,(anonymous_4)
FN:72,(anonymous_5)
FN:73,(anonymous_6)
FN:76,(anonymous_7)
FN:84,(anonymous_8)
FN:91,(anonymous_9)
FN:114,(anonymous_10)
FN:120,(anonymous_11)
FN:128,(anonymous_12)
FNF:13
FNH:0
FNDA:0,(anonymous_0)
FNDA:0,(anonymous_1)
FNDA:0,(anonymous_2)
FNDA:0,(anonymous_3)
FNDA:0,(anonymous_4)
FNDA:0,(anonymous_5)
FNDA:0,(anonymous_6)
FNDA:0,(anonymous_7)
FNDA:0,(anonymous_8)
FNDA:0,(anonymous_9)
FNDA:0,(anonymous_10)
FNDA:0,(anonymous_11)
FNDA:0,(anonymous_12)
DA:6,0
DA:7,0
DA:12,0
DA:13,0
DA:15,0
DA:24,0
DA:25,0
DA:26,0
DA:29,0
DA:30,0
DA:32,0
DA:33,0
DA:34,0
DA:41,0
DA:42,0
DA:43,0
DA:46,0
DA:47,0
DA:48,0
DA:50,0
DA:52,0
DA:53,0
DA:56,0
DA:57,0
DA:58,0
DA:60,0
DA:61,0
DA:63,0
DA:65,0
DA:73,0
DA:74,0
DA:76,0
DA:77,0
DA:85,0
DA:86,0
DA:92,0
DA:93,0
DA:94,0
DA:95,0
DA:96,0
DA:98,0
DA:101,0
DA:115,0
DA:120,0
DA:129,0
DA:130,0
DA:131,0
DA:132,0
LF:48
LH:0
BRDA:12,0,0,0
BRDA:12,0,1,0
BRDA:24,1,0,0
BRDA:24,1,1,0
BRDA:24,2,0,0
BRDA:24,2,1,0
BRDA:41,3,0,0
BRDA:41,3,1,0
BRDA:56,4,0,0
BRDA:56,4,1,0
BRDA:95,5,0,0
BRDA:95,5,1,0
BRF:12
BRH:0
end_of_record
TN:
SF:src\services\buddiesService.ts
FN:53,(anonymous_0)
FN:73,(anonymous_1)
FN:115,(anonymous_2)
FN:148,(anonymous_3)
FN:162,(anonymous_4)
FN:188,(anonymous_5)
FN:199,(anonymous_6)
FN:212,(anonymous_7)
FN:225,(anonymous_8)
FN:249,(anonymous_9)
FN:261,(anonymous_10)
FN:273,(anonymous_11)
FN:304,(anonymous_12)
FN:323,(anonymous_13)
FN:344,(anonymous_14)
FN:374,(anonymous_15)
FN:385,(anonymous_16)
FN:409,(anonymous_17)
FN:434,(anonymous_18)
FN:453,(anonymous_19)
FN:455,(anonymous_20)
FN:485,(anonymous_21)
FN:491,(anonymous_22)
FN:499,(anonymous_23)
FN:510,(anonymous_24)
FN:529,(anonymous_25)
FN:546,(anonymous_26)
FN:563,(anonymous_27)
FN:629,(anonymous_28)
FN:641,(anonymous_29)
FN:722,(anonymous_30)
FN:740,(anonymous_31)
FN:755,(anonymous_32)
FN:789,(anonymous_33)
FN:916,(anonymous_34)
FN:957,(anonymous_35)
FN:996,(anonymous_36)
FN:1008,(anonymous_37)
FN:1024,(anonymous_38)
FN:1102,(anonymous_39)
FN:1131,(anonymous_40)
FN:1207,(anonymous_41)
FN:1225,(anonymous_42)
FN:1251,(anonymous_43)
FN:1309,(anonymous_44)
FN:1380,(anonymous_45)
FN:1407,(anonymous_46)
FN:1435,(anonymous_47)
FN:1452,(anonymous_48)
FN:1465,(anonymous_49)
FN:1495,(anonymous_50)
FNF:51
FNH:0
FNDA:0,(anonymous_0)
FNDA:0,(anonymous_1)
FNDA:0,(anonymous_2)
FNDA:0,(anonymous_3)
FNDA:0,(anonymous_4)
FNDA:0,(anonymous_5)
FNDA:0,(anonymous_6)
FNDA:0,(anonymous_7)
FNDA:0,(anonymous_8)
FNDA:0,(anonymous_9)
FNDA:0,(anonymous_10)
FNDA:0,(anonymous_11)
FNDA:0,(anonymous_12)
FNDA:0,(anonymous_13)
FNDA:0,(anonymous_14)
FNDA:0,(anonymous_15)
FNDA:0,(anonymous_16)
FNDA:0,(anonymous_17)
FNDA:0,(anonymous_18)
FNDA:0,(anonymous_19)
FNDA:0,(anonymous_20)
FNDA:0,(anonymous_21)
FNDA:0,(anonymous_22)
FNDA:0,(anonymous_23)
FNDA:0,(anonymous_24)
FNDA:0,(anonymous_25)
FNDA:0,(anonymous_26)
FNDA:0,(anonymous_27)
FNDA:0,(anonymous_28)
FNDA:0,(anonymous_29)
FNDA:0,(anonymous_30)
FNDA:0,(anonymous_31)
FNDA:0,(anonymous_32)
FNDA:0,(anonymous_33)
FNDA:0,(anonymous_34)
FNDA:0,(anonymous_35)
FNDA:0,(anonymous_36)
FNDA:0,(anonymous_37)
FNDA:0,(anonymous_38)
FNDA:0,(anonymous_39)
FNDA:0,(anonymous_40)
FNDA:0,(anonymous_41)
FNDA:0,(anonymous_42)
FNDA:0,(anonymous_43)
FNDA:0,(anonymous_44)
FNDA:0,(anonymous_45)
FNDA:0,(anonymous_46)
FNDA:0,(anonymous_47)
FNDA:0,(anonymous_48)
FNDA:0,(anonymous_49)
FNDA:0,(anonymous_50)
DA:4,2
DA:5,2
DA:54,0
DA:55,0
DA:56,0
DA:65,0
DA:66,0
DA:68,0
DA:69,0
DA:79,0
DA:80,0
DA:88,0
DA:94,0
DA:96,0
DA:98,0
DA:99,0
DA:100,0
DA:103,0
DA:104,0
DA:107,0
DA:108,0
DA:110,0
DA:111,0
DA:119,0
DA:120,0
DA:127,0
DA:128,0
DA:134,0
DA:135,0
DA:136,0
DA:139,0
DA:140,0
DA:142,0
DA:143,0
DA:149,0
DA:151,0
DA:152,0
DA:157,0
DA:158,0
DA:162,0
DA:163,0
DA:179,0
DA:182,0
DA:185,0
DA:186,0
DA:187,0
DA:188,0
DA:189,0
DA:193,0
DA:200,0
DA:201,0
DA:204,0
DA:206,0
DA:207,0
DA:213,0
DA:214,0
DA:217,0
DA:219,0
DA:220,0
DA:226,0
DA:227,0
DA:229,0
DA:233,0
DA:236,0
DA:237,0
DA:240,0
DA:241,0
DA:243,0
DA:244,0
DA:250,0
DA:251,0
DA:252,0
DA:254,0
DA:255,0
DA:262,0
DA:263,0
DA:268,0
DA:269,0
DA:279,0
DA:280,0
DA:281,0
DA:284,0
DA:292,0
DA:293,0
DA:296,0
DA:298,0
DA:299,0
DA:305,0
DA:306,0
DA:307,0
DA:310,0
DA:316,0
DA:317,0
DA:320,0
DA:323,0
DA:336,0
DA:338,0
DA:339,0
DA:345,0
DA:346,0
DA:348,0
DA:349,0
DA:352,0
DA:357,0
DA:360,0
DA:361,0
DA:364,0
DA:366,0
DA:367,0
DA:375,0
DA:376,0
DA:377,0
DA:379,0
DA:380,0
DA:386,0
DA:387,0
DA:390,0
DA:394,0
DA:396,0
DA:397,0
DA:398,0
DA:400,0
DA:403,0
DA:404,0
DA:410,0
DA:412,0
DA:413,0
DA:417,0
DA:419,0
DA:421,0
DA:422,0
DA:426,0
DA:429,0
DA:432,0
DA:434,0
DA:447,0
DA:448,0
DA:455,0
DA:456,0
DA:457,0
DA:460,0
DA:461,0
DA:464,0
DA:465,0
DA:466,0
DA:469,0
DA:470,0
DA:473,0
DA:474,0
DA:477,0
DA:478,0
DA:480,0
DA:486,0
DA:487,0
DA:488,0
DA:489,0
DA:491,0
DA:493,0
DA:494,0
DA:500,0
DA:502,0
DA:506,0
DA:507,0
DA:510,0
DA:523,0
DA:524,0
DA:530,0
DA:531,0
DA:532,0
DA:537,0
DA:538,0
DA:540,0
DA:541,0
DA:547,0
DA:548,0
DA:549,0
DA:554,0
DA:555,0
DA:557,0
DA:558,0
DA:569,0
DA:571,0
DA:577,0
DA:578,0
DA:580,0
DA:581,0
DA:582,0
DA:585,0
DA:589,0
DA:590,0
DA:595,0
DA:596,0
DA:598,0
DA:599,0
DA:600,0
DA:603,0
DA:607,0
DA:608,0
DA:612,0
DA:613,0
DA:615,0
DA:616,0
DA:617,0
DA:620,0
DA:624,0
DA:625,0
DA:630,0
DA:632,0
DA:633,0
DA:635,0
DA:636,0
DA:642,0
DA:643,0
DA:646,0
DA:655,0
DA:658,0
DA:659,0
DA:667,0
DA:669,0
DA:673,0
DA:674,0
DA:675,0
DA:677,0
DA:681,0
DA:682,0
DA:683,0
DA:685,0
DA:689,0
DA:690,0
DA:691,0
DA:693,0
DA:697,0
DA:698,0
DA:706,0
DA:707,0
DA:708,0
DA:709,0
DA:712,0
DA:715,0
DA:717,0
DA:723,0
DA:725,0
DA:726,0
DA:727,0
DA:729,0
DA:730,0
DA:732,0
DA:734,0
DA:735,0
DA:741,0
DA:743,0
DA:744,0
DA:745,0
DA:747,0
DA:749,0
DA:750,0
DA:760,0
DA:762,0
DA:763,0
DA:766,0
DA:767,0
DA:770,0
DA:771,0
DA:773,0
DA:779,0
DA:780,0
DA:790,0
DA:791,0
DA:792,0
DA:794,0
DA:795,0
DA:799,0
DA:800,0
DA:801,0
DA:802,0
DA:803,0
DA:804,0
DA:806,0
DA:809,0
DA:813,0
DA:814,0
DA:815,0
DA:816,0
DA:817,0
DA:819,0
DA:824,0
DA:825,0
DA:827,0
DA:828,0
DA:829,0
DA:831,0
DA:832,0
DA:833,0
DA:836,0
DA:837,0
DA:838,0
DA:840,0
DA:843,0
DA:848,0
DA:849,0
DA:850,0
DA:851,0
DA:852,0
DA:854,0
DA:859,0
DA:860,0
DA:861,0
DA:862,0
DA:863,0
DA:865,0
DA:866,0
DA:870,0
DA:871,0
DA:872,0
DA:873,0
DA:874,0
DA:876,0
DA:880,0
DA:881,0
DA:882,0
DA:883,0
DA:884,0
DA:885,0
DA:889,0
DA:893,0
DA:894,0
DA:895,0
DA:896,0
DA:897,0
DA:899,0
DA:902,0
DA:903,0
DA:906,0
DA:907,0
DA:909,0
DA:910,0
DA:911,0
DA:917,0
DA:919,0
DA:920,0
DA:921,0
DA:925,0
DA:934,0
DA:935,0
DA:936,0
DA:938,0
DA:939,0
DA:942,0
DA:943,0
DA:944,0
DA:945,0
DA:946,0
DA:948,0
DA:951,0
DA:952,0
DA:958,0
DA:959,0
DA:961,0
DA:973,0
DA:974,0
DA:975,0
DA:977,0
DA:978,0
DA:979,0
DA:981,0
DA:982,0
DA:985,0
DA:986,0
DA:987,0
DA:990,0
DA:991,0
DA:997,0
DA:998,0
DA:999,0
DA:1001,0
DA:1002,0
DA:1004,0
DA:1005,0
DA:1008,0
DA:1009,0
DA:1010,0
DA:1011,0
DA:1013,0
DA:1017,0
DA:1019,0
DA:1025,0
DA:1026,0
DA:1027,0
DA:1030,0
DA:1031,0
DA:1039,0
DA:1040,0
DA:1041,0
DA:1042,0
DA:1044,0
DA:1045,0
DA:1048,0
DA:1052,0
DA:1053,0
DA:1061,0
DA:1062,0
DA:1063,0
DA:1064,0
DA:1066,0
DA:1067,0
DA:1070,0
DA:1074,0
DA:1075,0
DA:1083,0
DA:1084,0
DA:1085,0
DA:1086,0
DA:1088,0
DA:1089,0
DA:1092,0
DA:1095,0
DA:1097,0
DA:1103,0
DA:1104,0
DA:1107,0
DA:1116,0
DA:1117,0
DA:1118,0
DA:1119,0
DA:1121,0
DA:1122,0
DA:1125,0
DA:1126,0
DA:1137,0
DA:1138,0
DA:1139,0
DA:1141,0
DA:1149,0
DA:1150,0
DA:1151,0
DA:1152,0
DA:1153,0
DA:1154,0
DA:1155,0
DA:1157,0
DA:1160,0
DA:1164,0
DA:1165,0
DA:1174,0
DA:1175,0
DA:1176,0
DA:1177,0
DA:1178,0
DA:1179,0
DA:1180,0
DA:1182,0
DA:1185,0
DA:1188,0
DA:1191,0
DA:1192,0
DA:1194,0
DA:1196,0
DA:1197,0
DA:1208,0
DA:1209,0
DA:1213,0
DA:1214,0
DA:1215,0
DA:1217,0
DA:1219,0
DA:1220,0
DA:1226,0
DA:1227,0
DA:1228,0
DA:1230,0
DA:1234,0
DA:1236,0
DA:1237,0
DA:1238,0
DA:1239,0
DA:1241,0
DA:1242,0
DA:1245,0
DA:1246,0
DA:1252,0
DA:1253,0
DA:1254,0
DA:1256,0
DA:1257,0
DA:1261,0
DA:1262,0
DA:1263,0
DA:1264,0
DA:1265,0
DA:1266,0
DA:1267,0
DA:1268,0
DA:1270,0
DA:1273,0
DA:1277,0
DA:1278,0
DA:1279,0
DA:1284,0
DA:1286,0
DA:1287,0
DA:1288,0
DA:1289,0
DA:1291,0
DA:1292,0
DA:1295,0
DA:1296,0
DA:1299,0
DA:1302,0
DA:1303,0
DA:1304,0
DA:1310,0
DA:1311,0
DA:1312,0
DA:1315,0
DA:1316,0
DA:1317,0
DA:1318,0
DA:1319,0
DA:1320,0
DA:1323,0
DA:1324,0
DA:1325,0
DA:1328,0
DA:1329,0
DA:1332,0
DA:1333,0
DA:1337,0
DA:1338,0
DA:1339,0
DA:1340,0
DA:1341,0
DA:1342,0
DA:1344,0
DA:1347,0
DA:1351,0
DA:1352,0
DA:1353,0
DA:1354,0
DA:1355,0
DA:1356,0
DA:1358,0
DA:1362,0
DA:1363,0
DA:1364,0
DA:1367,0
DA:1370,0
DA:1372,0
DA:1381,0
DA:1382,0
DA:1385,0
DA:1390,0
DA:1392,0
DA:1393,0
DA:1394,0
DA:1396,0
DA:1399,0
DA:1400,0
DA:1408,0
DA:1409,0
DA:1412,0
DA:1415,0
DA:1422,0
DA:1423,0
DA:1425,0
DA:1427,0
DA:1428,0
DA:1436,0
DA:1437,0
DA:1439,0
DA:1440,0
DA:1442,0
DA:1444,0
DA:1445,0
DA:1453,0
DA:1454,0
DA:1455,0
DA:1457,0
DA:1458,0
DA:1466,0
DA:1467,0
DA:1470,0
DA:1471,0
DA:1472,0
DA:1475,0
DA:1476,0
DA:1479,0
DA:1483,0
DA:1484,0
DA:1486,0
DA:1487,0
DA:1496,0
DA:1497,0
DA:1499,0
DA:1504,0
DA:1506,0
DA:1507,0
DA:1510,0
DA:1512,0
DA:1513,0
LF:599
LH:2
BRDA:91,0,0,0
BRDA:91,0,1,0
BRDA:98,1,0,0
BRDA:98,1,1,0
BRDA:103,2,0,0
BRDA:103,2,1,0
BRDA:117,3,0,0
BRDA:134,4,0,0
BRDA:134,4,1,0
BRDA:148,5,0,0
BRDA:157,6,0,0
BRDA:157,6,1,0
BRDA:166,7,0,0
BRDA:166,7,1,0
BRDA:168,8,0,0
BRDA:168,8,1,0
BRDA:169,9,0,0
BRDA:169,9,1,0
BRDA:170,10,0,0
BRDA:170,10,1,0
BRDA:171,11,0,0
BRDA:171,11,1,0
BRDA:172,12,0,0
BRDA:172,12,1,0
BRDA:173,13,0,0
BRDA:173,13,1,0
BRDA:174,14,0,0
BRDA:174,14,1,0
BRDA:177,15,0,0
BRDA:177,15,1,0
BRDA:177,15,2,0
BRDA:185,16,0,0
BRDA:185,16,1,0
BRDA:185,17,0,0
BRDA:185,17,1,0
BRDA:185,17,2,0
BRDA:186,18,0,0
BRDA:186,18,1,0
BRDA:236,19,0,0
BRDA:236,19,1,0
BRDA:236,20,0,0
BRDA:236,20,1,0
BRDA:236,20,2,0
BRDA:237,21,0,0
BRDA:237,21,1,0
BRDA:240,22,0,0
BRDA:240,22,1,0
BRDA:276,23,0,0
BRDA:280,24,0,0
BRDA:280,24,1,0
BRDA:292,25,0,0
BRDA:292,25,1,0
BRDA:292,26,0,0
BRDA:292,26,1,0
BRDA:292,26,2,0
BRDA:293,27,0,0
BRDA:293,27,1,0
BRDA:296,28,0,0
BRDA:296,28,1,0
BRDA:296,28,2,0
BRDA:299,29,0,0
BRDA:299,29,1,0
BRDA:306,30,0,0
BRDA:306,30,1,0
BRDA:316,31,0,0
BRDA:316,31,1,0
BRDA:316,32,0,0
BRDA:316,32,1,0
BRDA:316,32,2,0
BRDA:317,33,0,0
BRDA:317,33,1,0
BRDA:320,34,0,0
BRDA:320,34,1,0
BRDA:327,35,0,0
BRDA:327,35,1,0
BRDA:329,36,0,0
BRDA:329,36,1,0
BRDA:331,37,0,0
BRDA:331,37,1,0
BRDA:333,38,0,0
BRDA:333,38,1,0
BRDA:348,39,0,0
BRDA:348,39,1,0
BRDA:360,40,0,0
BRDA:360,40,1,0
BRDA:360,41,0,0
BRDA:360,41,1,0
BRDA:360,41,2,0
BRDA:361,42,0,0
BRDA:361,42,1,0
BRDA:377,43,0,0
BRDA:377,43,1,0
BRDA:396,44,0,0
BRDA:396,44,1,0
BRDA:396,45,0,0
BRDA:396,45,1,0
BRDA:400,46,0,0
BRDA:400,46,1,0
BRDA:413,47,0,0
BRDA:413,47,1,0
BRDA:421,48,0,0
BRDA:421,48,1,0
BRDA:440,49,0,0
BRDA:440,49,1,0
BRDA:441,50,0,0
BRDA:441,50,1,0
BRDA:442,51,0,0
BRDA:442,51,1,0
BRDA:460,52,0,0
BRDA:460,52,1,0
BRDA:461,53,0,0
BRDA:461,53,1,0
BRDA:469,54,0,0
BRDA:469,54,1,0
BRDA:470,55,0,0
BRDA:470,55,1,0
BRDA:473,56,0,0
BRDA:473,56,1,0
BRDA:474,57,0,0
BRDA:474,57,1,0
BRDA:488,58,0,0
BRDA:488,58,1,0
BRDA:488,59,0,0
BRDA:488,59,1,0
BRDA:499,60,0,0
BRDA:506,61,0,0
BRDA:506,61,1,0
BRDA:516,62,0,0
BRDA:516,62,1,0
BRDA:517,63,0,0
BRDA:517,63,1,0
BRDA:518,64,0,0
BRDA:518,64,1,0
BRDA:580,65,0,0
BRDA:580,65,1,0
BRDA:580,66,0,0
BRDA:580,66,1,0
BRDA:598,67,0,0
BRDA:598,67,1,0
BRDA:598,68,0,0
BRDA:598,68,1,0
BRDA:615,69,0,0
BRDA:615,69,1,0
BRDA:615,70,0,0
BRDA:615,70,1,0
BRDA:655,71,0,0
BRDA:655,71,1,0
BRDA:707,72,0,0
BRDA:707,72,1,0
BRDA:726,73,0,0
BRDA:726,73,1,0
BRDA:726,74,0,0
BRDA:726,74,1,0
BRDA:729,75,0,0
BRDA:729,75,1,0
BRDA:729,76,0,0
BRDA:729,76,1,0
BRDA:744,77,0,0
BRDA:744,77,1,0
BRDA:763,78,0,0
BRDA:763,78,1,0
BRDA:767,79,0,0
BRDA:767,79,1,0
BRDA:771,80,0,0
BRDA:771,80,1,0
BRDA:794,81,0,0
BRDA:794,81,1,0
BRDA:803,82,0,0
BRDA:803,82,1,0
BRDA:803,83,0,0
BRDA:803,83,1,0
BRDA:831,84,0,0
BRDA:831,84,1,0
BRDA:831,85,0,0
BRDA:831,85,1,0
BRDA:873,86,0,0
BRDA:873,86,1,0
BRDA:873,87,0,0
BRDA:873,87,1,0
BRDA:880,88,0,0
BRDA:880,88,1,0
BRDA:880,89,0,0
BRDA:880,89,1,0
BRDA:880,89,2,0
BRDA:882,90,0,0
BRDA:882,90,1,0
BRDA:896,91,0,0
BRDA:896,91,1,0
BRDA:920,92,0,0
BRDA:920,92,1,0
BRDA:934,93,0,0
BRDA:934,93,1,0
BRDA:973,94,0,0
BRDA:973,94,1,0
BRDA:977,95,0,0
BRDA:977,95,1,0
BRDA:1040,96,0,0
BRDA:1040,96,1,0
BRDA:1062,97,0,0
BRDA:1062,97,1,0
BRDA:1084,98,0,0
BRDA:1084,98,1,0
BRDA:1116,99,0,0
BRDA:1116,99,1,0
BRDA:1119,100,0,0
BRDA:1119,100,1,0
BRDA:1152,101,0,0
BRDA:1152,101,1,0
BRDA:1152,102,0,0
BRDA:1152,102,1,0
BRDA:1174,103,0,0
BRDA:1174,103,1,0
BRDA:1177,104,0,0
BRDA:1177,104,1,0
BRDA:1177,105,0,0
BRDA:1177,105,1,0
BRDA:1236,106,0,0
BRDA:1236,106,1,0
BRDA:1236,107,0,0
BRDA:1236,107,1,0
BRDA:1241,108,0,0
BRDA:1241,108,1,0
BRDA:1242,109,0,0
BRDA:1242,109,1,0
BRDA:1256,110,0,0
BRDA:1256,110,1,0
BRDA:1266,111,0,0
BRDA:1266,111,1,0
BRDA:1266,112,0,0
BRDA:1266,112,1,0
BRDA:1286,113,0,0
BRDA:1286,113,1,0
BRDA:1286,114,0,0
BRDA:1286,114,1,0
BRDA:1291,115,0,0
BRDA:1291,115,1,0
BRDA:1292,116,0,0
BRDA:1292,116,1,0
BRDA:1319,117,0,0
BRDA:1319,117,1,0
BRDA:1319,118,0,0
BRDA:1319,118,1,0
BRDA:1323,119,0,0
BRDA:1323,119,1,0
BRDA:1341,120,0,0
BRDA:1341,120,1,0
BRDA:1355,121,0,0
BRDA:1355,121,1,0
BRDA:1355,122,0,0
BRDA:1355,122,1,0
BRDA:1362,123,0,0
BRDA:1362,123,1,0
BRDA:1362,124,0,0
BRDA:1362,124,1,0
BRDA:1362,124,2,0
BRDA:1392,125,0,0
BRDA:1392,125,1,0
BRDA:1392,126,0,0
BRDA:1392,126,1,0
BRDA:1396,127,0,0
BRDA:1396,127,1,0
BRDA:1455,128,0,0
BRDA:1455,128,1,0
BRDA:1471,129,0,0
BRDA:1471,129,1,0
BRDA:1471,130,0,0
BRDA:1471,130,1,0
BRDA:1475,131,0,0
BRDA:1475,131,1,0
BRDA:1506,132,0,0
BRDA:1506,132,1,0
BRDA:1506,133,0,0
BRDA:1506,133,1,0
BRDA:1506,133,2,0
BRDA:1507,134,0,0
BRDA:1507,134,1,0
BRF:276
BRH:0
end_of_record
TN:
SF:src\services\cachedBuddiesService.ts
FN:17,(anonymous_0)
FN:39,(anonymous_1)
FN:61,(anonymous_2)
FN:83,(anonymous_3)
FN:105,(anonymous_4)
FN:128,(anonymous_5)
FN:146,(anonymous_6)
FN:180,(anonymous_7)
FN:200,(anonymous_8)
FN:223,(anonymous_9)
FN:240,(anonymous_10)
FN:257,(anonymous_11)
FN:281,(anonymous_12)
FN:295,(anonymous_13)
FN:309,(anonymous_14)
FN:323,(anonymous_15)
FN:335,(anonymous_16)
FN:342,(anonymous_17)
FN:355,(anonymous_18)
FN:368,(anonymous_19)
FN:375,(anonymous_20)
FN:382,(anonymous_21)
FN:389,(anonymous_22)
FNF:23
FNH:0
FNDA:0,(anonymous_0)
FNDA:0,(anonymous_1)
FNDA:0,(anonymous_2)
FNDA:0,(anonymous_3)
FNDA:0,(anonymous_4)
FNDA:0,(anonymous_5)
FNDA:0,(anonymous_6)
FNDA:0,(anonymous_7)
FNDA:0,(anonymous_8)
FNDA:0,(anonymous_9)
FNDA:0,(anonymous_10)
FNDA:0,(anonymous_11)
FNDA:0,(anonymous_12)
FNDA:0,(anonymous_13)
FNDA:0,(anonymous_14)
FNDA:0,(anonymous_15)
FNDA:0,(anonymous_16)
FNDA:0,(anonymous_17)
FNDA:0,(anonymous_18)
FNDA:0,(anonymous_19)
FNDA:0,(anonymous_20)
FNDA:0,(anonymous_21)
FNDA:0,(anonymous_22)
DA:19,0
DA:20,0
DA:21,0
DA:22,0
DA:25,0
DA:28,0
DA:31,0
DA:33,0
DA:41,0
DA:42,0
DA:43,0
DA:44,0
DA:47,0
DA:50,0
DA:53,0
DA:55,0
DA:63,0
DA:64,0
DA:65,0
DA:66,0
DA:69,0
DA:72,0
DA:75,0
DA:77,0
DA:85,0
DA:86,0
DA:87,0
DA:88,0
DA:91,0
DA:94,0
DA:97,0
DA:99,0
DA:112,0
DA:115,0
DA:118,0
DA:119,0
DA:122,0
DA:129,0
DA:132,0
DA:135,0
DA:136,0
DA:139,0
DA:155,0
DA:158,0
DA:159,0
DA:161,0
DA:163,0
DA:183,0
DA:186,0
DA:187,0
DA:190,0
DA:206,0
DA:207,0
DA:208,0
DA:209,0
DA:211,0
DA:215,0
DA:217,0
DA:224,0
DA:225,0
DA:226,0
DA:229,0
DA:232,0
DA:234,0
DA:241,0
DA:242,0
DA:243,0
DA:246,0
DA:249,0
DA:251,0
DA:265,0
DA:266,0
DA:267,0
DA:270,0
DA:273,0
DA:275,0
DA:282,0
DA:285,0
DA:286,0
DA:289,0
DA:296,0
DA:299,0
DA:300,0
DA:303,0
DA:310,0
DA:313,0
DA:314,0
DA:317,0
DA:324,0
DA:327,0
DA:329,0
DA:336,0
DA:343,0
DA:346,0
DA:347,0
DA:349,0
DA:356,0
DA:360,0
DA:362,0
DA:369,0
DA:376,0
DA:383,0
DA:390,0
DA:392,0
DA:394,0
DA:400,0
DA:402,0
LF:107
LH:0
BRDA:20,0,0,0
BRDA:20,0,1,0
BRDA:42,1,0,0
BRDA:42,1,1,0
BRDA:64,2,0,0
BRDA:64,2,1,0
BRDA:86,3,0,0
BRDA:86,3,1,0
BRDA:108,4,0,0
BRDA:118,5,0,0
BRDA:118,5,1,0
BRDA:135,6,0,0
BRDA:135,6,1,0
BRDA:158,7,0,0
BRDA:158,7,1,0
BRDA:186,8,0,0
BRDA:186,8,1,0
BRDA:206,9,0,0
BRDA:206,9,1,0
BRDA:207,10,0,0
BRDA:207,10,1,0
BRDA:224,11,0,0
BRDA:224,11,1,0
BRDA:234,12,0,0
BRDA:234,12,1,0
BRDA:241,13,0,0
BRDA:241,13,1,0
BRDA:251,14,0,0
BRDA:251,14,1,0
BRDA:265,15,0,0
BRDA:265,15,1,0
BRDA:282,16,0,0
BRDA:282,16,1,0
BRDA:285,17,0,0
BRDA:285,17,1,0
BRDA:296,18,0,0
BRDA:296,18,1,0
BRDA:299,19,0,0
BRDA:299,19,1,0
BRDA:310,20,0,0
BRDA:310,20,1,0
BRDA:313,21,0,0
BRDA:313,21,1,0
BRF:43
BRH:0
end_of_record
TN:
[...]
DA:60,0
DA:62,0
DA:63,0
DA:64,0
DA:65,0
DA:66,0
DA:67,0
DA:68,0
DA:69,0
DA:70,0
DA:71,0
DA:73,0
DA:74,0
DA:75,0
DA:76,0
DA:80,0
DA:82,0
DA:86,0
DA:89,0
DA:91,0
DA:92,0
DA:94,0
DA:95,0
DA:98,0
DA:99,0
DA:104,0
DA:105,0
DA:106,0
DA:111,0
DA:113,0
DA:118,0
DA:119,0
DA:121,0
DA:125,0
DA:130,0
DA:132,0
DA:137,0
DA:140,0
DA:143,0
DA:144,0
DA:149,0
DA:150,0
DA:151,0
DA:155,0
DA:157,0
DA:162,0
DA:164,0
DA:170,0
DA:171,0
DA:172,0
DA:177,0
LF:79
LH:0
BRDA:23,0,0,0
BRDA:23,0,1,0
BRDA:44,1,0,0
BRDA:44,1,1,0
BRDA:58,2,0,0
BRDA:58,2,1,0
BRDA:63,3,0,0
BRDA:63,3,1,0
BRDA:66,4,0,0
BRDA:66,4,1,0
BRDA:69,5,0,0
BRDA:69,5,1,0
BRDA:74,6,0,0
BRDA:74,6,1,0
BRDA:95,7,0,0
BRDA:95,7,1,0
BRDA:99,8,0,0
BRDA:99,8,1,0
BRDA:108,9,0,0
BRDA:108,9,1,0
BRDA:109,10,0,0
BRDA:109,10,1,0
BRDA:109,10,2,0
BRDA:130,11,0,0
BRDA:130,11,1,0
BRDA:144,12,0,0
BRDA:144,12,1,0
BRDA:153,13,0,0
BRDA:153,13,1,0
BRDA:170,14,0,0
BRDA:170,14,1,0
BRF:31
BRH:0
end_of_record
TN:
SF:src\services\notificationService.ts
FN:14,(anonymous_0)
FN:18,(anonymous_1)
FN:21,(anonymous_2)
FN:26,(anonymous_3)
FN:49,(anonymous_4)
FN:62,(anonymous_5)
FN:67,(anonymous_6)
FN:91,(anonymous_7)
FN:115,(anonymous_8)
FN:139,(anonymous_9)
FN:150,(anonymous_10)
FNF:11
FNH:2
FNDA:1,(anonymous_0)
FNDA:1,(anonymous_1)
FNDA:0,(anonymous_2)
FNDA:0,(anonymous_3)
FNDA:0,(anonymous_4)
FNDA:0,(anonymous_5)
FNDA:0,(anonymous_6)
FNDA:0,(anonymous_7)
FNDA:0,(anonymous_8)
FNDA:0,(anonymous_9)
FNDA:0,(anonymous_10)
DA:15,1
DA:19,1
DA:22,0
DA:27,0
DA:38,1
DA:39,0
DA:49,0
DA:52,0
DA:62,0
DA:68,0
DA:69,0
DA:83,0
DA:84,0
DA:86,0
DA:87,0
DA:92,0
DA:93,0
DA:107,0
DA:108,0
DA:110,0
DA:111,0
DA:116,0
DA:117,0
DA:131,0
DA:132,0
DA:134,0
DA:135,0
DA:140,0
DA:141,0
DA:142,0
DA:143,0
DA:145,0
DA:146,0
DA:151,0
DA:152,0
DA:166,0
DA:167,0
DA:168,0
DA:170,0
DA:171,0
DA:172,0
DA:177,1
LF:42
LH:4
BRDA:38,0,0,0
BRDA:38,0,1,1
BRF:2
BRH:1
end_of_record
TN:
SF:src\services\permissionInitializer.ts
FN:18,(anonymous_0)
FN:29,(anonymous_1)
FN:53,(anonymous_2)
FN:77,(anonymous_3)
FN:88,(anonymous_4)
FN:91,(anonymous_5)
FN:99,(anonymous_6)
FN:106,(anonymous_7)
FN:121,(anonymous_8)
FN:155,(anonymous_9)
FN:166,(anonymous_10)
FN:173,(anonymous_11)
FNF:12
FNH:1
FNDA:1,(anonymous_0)
FNDA:0,(anonymous_1)
FNDA:0,(anonymous_2)
FNDA:0,(anonymous_3)
FNDA:0,(anonymous_4)
FNDA:0,(anonymous_5)
FNDA:0,(anonymous_6)
FNDA:0,(anonymous_7)
FNDA:0,(anonymous_8)
FNDA:0,(anonymous_9)
FNDA:0,(anonymous_10)
FNDA:0,(anonymous_11)
DA:16,1
DA:19,1
DA:20,1
DA:22,1
DA:30,0
DA:31,0
DA:34,0
DA:35,0
DA:38,0
DA:39,0
DA:41,0
DA:42,0
DA:43,0
DA:44,0
DA:48,0
DA:49,0
DA:52,0
DA:53,0
DA:55,0
DA:56,0
DA:57,0
DA:58,0
DA:59,0
DA:63,0
DA:66,0
DA:67,0
DA:70,0
DA:78,0
DA:87,0
DA:88,0
DA:91,0
DA:92,0
DA:100,0
DA:101,0
DA:107,0
DA:108,0
DA:109,0
DA:122,0
DA:123,0
DA:124,0
DA:126,0
DA:127,0
DA:129,0
DA:130,0
DA:132,0
DA:133,0
DA:135,0
DA:136,0
DA:138,0
DA:139,0
DA:141,0
DA:142,0
DA:144,0
DA:145,0
DA:148,0
DA:149,0
DA:151,0
DA:155,0
DA:158,0
DA:167,0
DA:174,0
LF:61
LH:4
BRDA:19,0,0,1
BRDA:19,0,1,0
BRDA:30,1,0,0
BRDA:30,1,1,0
BRDA:41,2,0,0
BRDA:41,2,1,0
BRDA:55,3,0,0
BRDA:55,3,1,0
BRDA:94,4,0,0
BRDA:94,4,1,0
BRDA:127,5,0,0
BRDA:127,5,1,0
BRDA:127,5,2,0
BRDA:127,5,3,0
BRDA:127,5,4,0
BRDA:127,5,5,0
BRDA:148,6,0,0
BRDA:148,6,1,0
BRF:18
BRH:1
end_of_record
TN:
SF:src\services\permissionService.ts
FN:19,(anonymous_0)
FN:51,(anonymous_1)
FN:64,(anonymous_2)
FN:77,(anonymous_3)
FN:90,(anonymous_4)
FN:103,(anonymous_5)
FN:116,(anonymous_6)
FN:129,(anonymous_7)
FN:184,(anonymous_8)
FN:202,(anonymous_9)
FN:220,(anonymous_10)
FN:238,(anonymous_11)
FN:256,(anonymous_12)
FN:274,(anonymous_13)
FN:287,(anonymous_14)
FN:299,(anonymous_15)
FN:307,(anonymous_16)
FN:311,(anonymous_17)
FN:360,(anonymous_18)
FN:377,(anonymous_19)
FN:393,(anonymous_20)
FNF:21
FNH:0
FNDA:0,(anonymous_0)
FNDA:0,(anonymous_1)
FNDA:0,(anonymous_2)
FNDA:0,(anonymous_3)
FNDA:0,(anonymous_4)
FNDA:0,(anonymous_5)
FNDA:0,(anonymous_6)
FNDA:0,(anonymous_7)
FNDA:0,(anonymous_8)
FNDA:0,(anonymous_9)
FNDA:0,(anonymous_10)
FNDA:0,(anonymous_11)
FNDA:0,(anonymous_12)
FNDA:0,(anonymous_13)
FNDA:0,(anonymous_14)
FNDA:0,(anonymous_15)
FNDA:0,(anonymous_16)
FNDA:0,(anonymous_17)
FNDA:0,(anonymous_18)
FNDA:0,(anonymous_19)
FNDA:0,(anonymous_20)
DA:4,1
DA:20,0
DA:21,0
DA:22,0
DA:23,0
DA:33,0
DA:34,0
DA:36,0
DA:37,0
DA:52,0
DA:53,0
DA:54,0
DA:56,0
DA:57,0
DA:65,0
DA:66,0
DA:67,0
DA:69,0
DA:70,0
DA:78,0
DA:79,0
DA:80,0
DA:82,0
DA:83,0
DA:91,0
DA:92,0
DA:93,0
DA:95,0
DA:96,0
DA:104,0
DA:105,0
DA:106,0
DA:108,0
DA:109,0
DA:117,0
DA:118,0
DA:119,0
DA:121,0
DA:122,0
DA:130,0
DA:131,0
DA:134,0
DA:136,0
DA:138,0
DA:140,0
DA:142,0
DA:143,0
DA:145,0
DA:146,0
DA:149,0
DA:150,0
DA:153,0
DA:155,0
DA:156,0
DA:160,0
DA:161,0
DA:165,0
DA:166,0
DA:167,0
DA:168,0
DA:169,0
DA:171,0
DA:172,0
DA:176,0
DA:177,0
DA:185,0
DA:186,0
DA:187,0
DA:188,0
DA:191,0
DA:193,0
DA:194,0
DA:195,0
DA:203,0
DA:204,0
DA:205,0
DA:206,0
DA:209,0
DA:211,0
DA:212,0
DA:213,0
DA:221,0
DA:222,0
DA:223,0
DA:224,0
DA:227,0
DA:229,0
DA:230,0
DA:231,0
DA:239,0
DA:240,0
DA:241,0
DA:242,0
DA:245,0
DA:247,0
DA:248,0
DA:249,0
DA:257,0
DA:258,0
DA:259,0
DA:260,0
DA:263,0
DA:265,0
DA:266,0
DA:267,0
DA:275,0
DA:276,0
DA:277,0
DA:279,0
DA:280,0
DA:288,0
DA:297,0
DA:299,0
DA:300,0
DA:307,0
DA:312,0
DA:313,0
DA:314,0
DA:316,0
DA:317,0
DA:319,0
DA:320,0
DA:322,0
DA:323,0
DA:325,0
DA:326,0
DA:328,0
DA:329,0
DA:331,0
DA:332,0
DA:334,0
DA:335,0
DA:336,0
DA:339,0
DA:340,0
DA:342,0
DA:344,0
DA:346,0
DA:347,0
DA:348,0
DA:361,0
DA:362,0
DA:367,0
DA:369,0
DA:370,0
DA:378,0
DA:395,0
LF:147
LH:1
BRDA:21,0,0,0
BRDA:21,0,1,0
BRDA:53,1,0,0
BRDA:53,1,1,0
BRDA:66,2,0,0
BRDA:66,2,1,0
BRDA:79,3,0,0
BRDA:79,3,1,0
BRDA:92,4,0,0
BRDA:92,4,1,0
BRDA:105,5,0,0
BRDA:105,5,1,0
BRDA:118,6,0,0
BRDA:118,6,1,0
BRDA:131,7,0,0
BRDA:131,7,1,0
BRDA:136,8,0,0
BRDA:136,8,1,0
BRDA:145,9,0,0
BRDA:145,9,1,0
BRDA:169,10,0,0
BRDA:169,10,1,0
BRDA:186,11,0,0
BRDA:186,11,1,0
BRDA:204,12,0,0
BRDA:204,12,1,0
BRDA:222,13,0,0
BRDA:222,13,1,0
BRDA:240,14,0,0
BRDA:240,14,1,0
BRDA:258,15,0,0
BRDA:258,15,1,0
BRDA:276,16,0,0
BRDA:276,16,1,0
BRDA:297,17,0,0
BRDA:297,17,1,0
BRDA:314,18,0,0
BRDA:314,18,1,0
BRDA:314,18,2,0
BRDA:314,18,3,0
BRDA:314,18,4,0
BRDA:314,18,5,0
BRDA:314,18,6,0
BRDA:339,19,0,0
BRDA:339,19,1,0
BRDA:362,20,0,0
BRDA:362,20,1,0
BRF:47
BRH:0
end_of_record
TN:
SF:src\services\queryCache.ts
FN:30,(anonymous_0)
FN:50,(anonymous_1)
FN:63,(anonymous_2)
FN:70,(anonymous_3)
FN:77,(anonymous_4)
FN:89,(anonymous_5)
FN:113,(anonymous_6)
FN:123,(anonymous_7)
FN:131,(anonymous_8)
FN:135,(anonymous_9)
FN:142,(anonymous_10)
FN:146,(anonymous_11)
FN:153,(anonymous_12)
FN:157,(anonymous_13)
FN:164,(anonymous_14)
FN:168,(anonymous_15)
FN:175,(anonymous_16)
FN:179,(anonymous_17)
FN:183,(anonymous_18)
FN:187,(anonymous_19)
FN:194,(anonymous_20)
FN:201,(anonymous_21)
FNF:22
FNH:0
FNDA:0,(anonymous_0)
FNDA:0,(anonymous_1)
FNDA:0,(anonymous_2)
FNDA:0,(anonymous_3)
FNDA:0,(anonymous_4)
FNDA:0,(anonymous_5)
FNDA:0,(anonymous_6)
FNDA:0,(anonymous_7)
FNDA:0,(anonymous_8)
FNDA:0,(anonymous_9)
FNDA:0,(anonymous_10)
FNDA:0,(anonymous_11)
FNDA:0,(anonymous_12)
FNDA:0,(anonymous_13)
FNDA:0,(anonymous_14)
FNDA:0,(anonymous_15)
FNDA:0,(anonymous_16)
FNDA:0,(anonymous_17)
FNDA:0,(anonymous_18)
FNDA:0,(anonymous_19)
FNDA:0,(anonymous_20)
FNDA:0,(anonymous_21)
DA:17,1
DA:20,1
DA:31,0
DA:33,0
DA:34,0
DA:37,0
DA:38,0
DA:40,0
DA:41,0
DA:44,0
DA:51,0
DA:57,0
DA:64,0
DA:71,0
DA:78,0
DA:79,0
DA:80,0
DA:81,0
DA:94,0
DA:95,0
DA:97,0
DA:98,0
DA:99,0
DA:103,0
DA:114,0
DA:115,0
DA:117,0
DA:118,0
DA:119,0
DA:123,0
DA:132,0
DA:136,0
DA:143,0
DA:147,0
DA:154,0
DA:158,0
DA:165,0
DA:169,0
DA:176,0
DA:180,0
DA:184,0
DA:188,0
DA:195,0
DA:200,1
DA:201,1
DA:202,0
LF:46
LH:4
BRDA:33,0,0,0
BRDA:33,0,1,0
BRDA:38,1,0,0
BRDA:38,1,1,0
BRDA:54,2,0,0
BRDA:54,2,1,0
BRDA:80,3,0,0
BRDA:80,3,1,0
BRDA:98,4,0,0
BRDA:98,4,1,0
BRDA:118,5,0,0
BRDA:118,5,1,0
BRDA:200,6,0,1
BRDA:200,6,1,0
BRF:14
BRH:1
end_of_record
TN:
SF:src\services\realtimeService.ts
FN:13,(anonymous_0)
FN:31,(anonymous_1)
FN:47,(anonymous_2)
FN:73,(anonymous_3)
FN:79,(anonymous_4)
FN:89,(anonymous_5)
FN:105,(anonymous_6)
FN:121,(anonymous_7)
FN:127,(anonymous_8)
FN:137,(anonymous_9)
FN:140,(anonymous_10)
FN:151,(anonymous_11)
FN:156,(anonymous_12)
FN:178,(anonymous_13)
FNF:14
FNH:0
FNDA:0,(anonymous_0)
FNDA:0,(anonymous_1)
FNDA:0,(anonymous_2)
FNDA:0,(anonymous_3)
FNDA:0,(anonymous_4)
FNDA:0,(anonymous_5)
FNDA:0,(anonymous_6)
FNDA:0,(anonymous_7)
FNDA:0,(anonymous_8)
FNDA:0,(anonymous_9)
FNDA:0,(anonymous_10)
FNDA:0,(anonymous_11)
FNDA:0,(anonymous_12)
FNDA:0,(anonymous_13)
DA:9,0
DA:10,0
DA:11,0
DA:14,0
DA:15,0
DA:17,0
DA:19,0
DA:22,0
DA:23,0
DA:25,0
DA:32,0
DA:34,0
DA:36,0
DA:37,0
DA:48,0
DA:50,0
DA:52,0
DA:58,0
DA:61,0
DA:67,0
DA:69,0
DA:74,0
DA:77,0
DA:80,0
DA:81,0
DA:85,0
DA:90,0
DA:92,0
DA:94,0
DA:95,0
DA:106,0
DA:108,0
DA:110,0
DA:115,0
DA:117,0
DA:122,0
DA:125,0
DA:128,0
DA:129,0
DA:133,0
DA:138,0
DA:140,0
DA:141,0
DA:144,0
DA:145,0
DA:146,0
DA:148,0
DA:152,0
DA:157,0
DA:158,0
DA:159,0
DA:164,0
DA:165,0
DA:166,0
DA:169,0
DA:170,0
DA:172,0
DA:173,0
DA:179,0
DA:187,0
LF:60
LH:0
BRDA:32,0,0,0
BRDA:32,0,1,0
BRDA:32,1,0,0
BRDA:32,1,1,0
BRDA:58,2,0,0
BRDA:58,2,1,0
BRDA:58,2,2,0
BRDA:90,3,0,0
BRDA:90,3,1,0
BRDA:90,4,0,0
BRDA:90,4,1,0
BRDA:164,5,0,0
BRDA:164,5,1,0
BRF:13
BRH:0
end_of_record
TN:
SF:src\store\AdminContext.tsx
FN:66,(anonymous_0)
FN:125,(anonymous_1)
FN:128,(anonymous_2)
FN:132,(anonymous_3)
FN:136,(anonymous_4)
FN:154,(anonymous_5)
FN:158,(anonymous_6)
FN:162,(anonymous_7)
FN:166,(anonymous_8)
FN:190,(anonymous_9)
FN:195,(anonymous_10)
FN:211,(anonymous_11)
FN:224,(anonymous_12)
FN:237,(anonymous_13)
FN:249,(anonymous_14)
FN:261,(anonymous_15)
FN:277,(anonymous_16)
FN:294,(anonymous_17)
FN:320,(anonymous_18)
FN:347,(anonymous_19)
FN:360,(anonymous_20)
FN:364,(anonymous_21)
FN:368,(anonymous_22)
FN:400,(anonymous_23)
FNF:24
FNH:2
FNDA:0,(anonymous_0)
FNDA:3,(anonymous_1)
FNDA:0,(anonymous_2)
FNDA:0,(anonymous_3)
FNDA:0,(anonymous_4)
FNDA:0,(anonymous_5)
FNDA:0,(anonymous_6)
FNDA:0,(anonymous_7)
FNDA:0,(anonymous_8)
FNDA:0,(anonymous_9)
FNDA:0,(anonymous_10)
FNDA:0,(anonymous_11)
FNDA:0,(anonymous_12)
FNDA:0,(anonymous_13)
FNDA:0,(anonymous_14)
FNDA:0,(anonymous_15)
FNDA:0,(anonymous_16)
FNDA:0,(anonymous_17)
FNDA:0,(anonymous_18)
FNDA:0,(anonymous_19)
FNDA:0,(anonymous_20)
FNDA:0,(anonymous_21)
FNDA:0,(anonymous_22)
FNDA:9,(anonymous_23)
DA:47,1
DA:66,1
DA:67,0
DA:69,0
DA:71,0
DA:73,0
DA:75,0
DA:77,0
DA:79,0
DA:81,0
DA:83,0
DA:85,0
DA:87,0
DA:89,0
DA:91,0
DA:93,0
DA:95,0
DA:97,0
DA:99,0
DA:103,1
DA:119,1
DA:125,1
DA:126,3
DA:128,3
DA:129,0
DA:132,3
DA:133,0
DA:136,3
DA:137,0
DA:138,0
DA:140,0
DA:141,0
DA:142,0
DA:143,0
DA:145,0
DA:146,0
DA:149,0
DA:150,0
DA:154,3
DA:155,0
DA:158,3
DA:159,0
DA:162,3
DA:163,0
DA:166,3
DA:167,0
DA:168,0
DA:171,0
DA:172,0
DA:175,0
DA:176,0
DA:179,0
DA:180,0
DA:183,0
DA:184,0
DA:186,0
DA:190,3
DA:191,0
DA:195,3
DA:196,0
DA:197,0
DA:198,0
DA:199,0
DA:200,0
DA:202,0
DA:204,0
DA:205,0
DA:207,0
DA:211,3
DA:212,0
DA:213,0
DA:214,0
DA:215,0
DA:216,0
DA:218,0
DA:220,0
DA:224,3
DA:225,0
DA:226,0
DA:227,0
DA:228,0
DA:229,0
DA:231,0
DA:233,0
DA:237,3
DA:238,0
DA:239,0
DA:240,0
DA:241,0
DA:243,0
DA:245,0
DA:249,3
DA:250,0
DA:251,0
DA:252,0
DA:253,0
DA:255,0
DA:257,0
DA:261,3
DA:262,0
DA:263,0
DA:265,0
DA:266,0
DA:267,0
DA:269,0
DA:270,0
DA:272,0
DA:277,3
DA:278,0
DA:280,0
DA:287,0
DA:289,0
DA:290,0
DA:294,3
DA:295,0
DA:296,0
DA:299,0
DA:306,0
DA:308,0
DA:314,0
DA:316,0
DA:320,3
DA:321,0
DA:322,0
DA:325,0
DA:332,0
DA:333,0
DA:335,0
DA:341,0
DA:343,0
DA:347,3
DA:348,0
DA:349,0
DA:352,0
DA:354,0
DA:356,0
DA:360,3
DA:361,0
DA:364,3
DA:365,0
DA:368,3
DA:369,0
DA:372,3
DA:397,3
DA:400,1
DA:401,9
DA:402,9
DA:403,0
DA:405,9
LF:149
LH:33
BRDA:67,0,0,0
BRDA:67,0,1,0
BRDA:67,0,2,0
BRDA:67,0,3,0
BRDA:67,0,4,0
BRDA:67,0,5,0
BRDA:67,0,6,0
BRDA:67,0,7,0
BRDA:67,0,8,0
BRDA:67,0,9,0
BRDA:67,0,10,0
BRDA:67,0,11,0
BRDA:67,0,12,0
BRDA:67,0,13,0
BRDA:67,0,14,0
BRDA:67,0,15,0
BRDA:140,1,0,0
BRDA:140,1,1,0
BRDA:199,2,0,0
BRDA:199,2,1,0
BRDA:312,3,0,0
BRDA:312,3,1,0
BRDA:339,4,0,0
BRDA:339,4,1,0
BRDA:402,5,0,0
BRDA:402,5,1,9
BRF:26
BRH:1
end_of_record
TN:
SF:src\store\AuthContext.tsx
FN:26,(anonymous_0)
FN:64,(anonymous_1)
FN:68,(anonymous_2)
FN:73,(anonymous_3)
FN:74,(anonymous_4)
FN:96,(anonymous_5)
FN:102,(anonymous_6)
FN:124,(anonymous_7)
FN:142,(anonymous_8)
FN:180,(anonymous_9)
FN:212,(anonymous_10)
FN:226,(anonymous_11)
FN:248,(anonymous_12)
FN:266,(anonymous_13)
FN:283,(anonymous_14)
FN:289,(anonymous_15)
FNF:16
FNH:7
FNDA:3,(anonymous_0)
FNDA:6,(anonymous_1)
FNDA:3,(anonymous_2)
FNDA:3,(anonymous_3)
FNDA:0,(anonymous_4)
FNDA:3,(anonymous_5)
FNDA:0,(anonymous_6)
FNDA:0,(anonymous_7)
FNDA:3,(anonymous_8)
FNDA:0,(anonymous_9)
FNDA:0,(anonymous_10)
FNDA:0,(anonymous_11)
FNDA:0,(anonymous_12)
FNDA:0,(anonymous_13)
FNDA:0,(anonymous_14)
FNDA:24,(anonymous_15)
DA:18,2
DA:26,2
DA:27,3
DA:29,3
DA:31,0
DA:38,0
DA:45,0
DA:50,0
DA:54,2
DA:64,2
DA:65,6
DA:66,6
DA:68,6
DA:69,3
DA:73,6
DA:74,3
DA:75,0
DA:77,0
DA:78,0
DA:80,0
DA:81,0
DA:82,0
DA:83,0
DA:84,0
DA:86,0
DA:87,0
DA:88,0
DA:90,0
DA:94,3
DA:96,3
DA:97,3
DA:102,6
DA:103,0
DA:104,0
DA:107,0
DA:108,0
DA:111,0
DA:114,0
DA:116,0
DA:118,0
DA:124,6
DA:125,0
DA:126,0
DA:129,0
DA:130,0
DA:133,0
DA:134,0
DA:136,0
DA:138,0
DA:142,6
DA:143,3
DA:144,3
DA:147,3
DA:148,3
DA:150,3
DA:152,0
DA:153,0
DA:155,0
DA:157,0
DA:158,0
DA:160,0
DA:161,0
DA:164,0
DA:167,0
DA:168,0
DA:171,3
DA:172,3
DA:175,0
DA:176,0
DA:180,6
DA:181,0
DA:182,0
DA:184,0
DA:187,0
DA:192,0
DA:193,0
DA:197,0
DA:198,0
DA:201,0
DA:203,0
DA:205,0
DA:206,0
DA:207,0
DA:212,6
DA:213,0
DA:214,0
DA:215,0
DA:216,0
DA:217,0
DA:220,0
DA:222,0
DA:226,6
DA:227,0
DA:229,0
DA:231,0
DA:233,0
DA:235,0
DA:239,0
DA:240,0
DA:242,0
DA:244,0
DA:248,6
DA:249,0
DA:250,0
DA:252,0
DA:254,0
DA:256,0
DA:257,0
DA:258,0
DA:262,0
DA:266,6
DA:267,0
DA:268,0
DA:270,0
DA:271,0
DA:275,6
DA:283,0
DA:286,6
DA:289,2
DA:290,24
DA:291,24
DA:292,0
DA:294,24
LF:123
LH:36
BRDA:27,0,0,3
BRDA:27,0,1,0
BRDA:27,0,2,0
BRDA:27,0,3,0
BRDA:27,0,4,0
BRDA:47,1,0,0
BRDA:47,1,1,0
BRDA:77,2,0,0
BRDA:77,2,1,0
BRDA:77,3,0,0
BRDA:77,3,1,0
BRDA:77,3,2,0
BRDA:83,4,0,0
BRDA:83,4,1,0
BRDA:83,5,0,0
BRDA:83,5,1,0
BRDA:86,6,0,0
BRDA:86,6,1,0
BRDA:86,7,0,0
BRDA:86,7,1,0
BRDA:150,8,0,0
BRDA:150,8,1,3
BRDA:153,9,0,0
BRDA:153,9,1,0
BRDA:192,10,0,0
BRDA:192,10,1,0
BRDA:231,11,0,0
BRDA:231,11,1,0
BRDA:250,12,0,0
BRDA:250,12,1,0
BRDA:254,13,0,0
BRDA:254,13,1,0
BRDA:291,14,0,0
BRDA:291,14,1,24
BRF:34
BRH:3
end_of_record
TN:
SF:src\store\ThemeContext.tsx
FN:24,(anonymous_0)
FN:29,(anonymous_1)
FN:33,(anonymous_2)
FN:45,(anonymous_3)
FN:55,(anonymous_4)
FN:65,(anonymous_5)
FN:88,(anonymous_6)
FNF:7
FNH:3
FNDA:3,(anonymous_0)
FNDA:3,(anonymous_1)
FNDA:3,(anonymous_2)
FNDA:0,(anonymous_3)
FNDA:0,(anonymous_4)
FNDA:0,(anonymous_5)
FNDA:0,(anonymous_6)
DA:16,1
DA:18,1
DA:24,1
DA:25,3
DA:26,3
DA:29,3
DA:30,3
DA:33,3
DA:34,3
DA:35,3
DA:36,3
DA:37,0
DA:38,0
DA:41,0
DA:45,3
DA:46,0
DA:49,0
DA:51,0
DA:55,3
DA:56,0
DA:57,0
DA:58,0
DA:59,0
DA:61,0
DA:65,3
DA:66,0
DA:67,0
DA:70,3
DA:72,3
DA:81,3
DA:88,1
DA:89,0
DA:90,0
DA:91,0
DA:93,0
LF:35
LH:18
BRDA:36,0,0,0
BRDA:36,0,1,3
BRDA:36,1,0,3
BRDA:36,1,1,0
BRDA:46,2,0,0
BRDA:46,2,1,0
BRDA:66,3,0,0
BRDA:66,3,1,0
BRDA:70,4,0,0
BRDA:70,4,1,3
BRDA:90,5,0,0
BRDA:90,5,1,0
BRF:12
BRH:3
end_of_record
TN:
SF:src\utils\databaseDiscovery.ts
FN:5,(anonymous_0)
FN:33,(anonymous_1)
FN:74,(anonymous_2)
FN:122,(anonymous_3)
FN:131,(anonymous_4)
FNF:5
FNH:0
FNDA:0,(anonymous_0)
FNDA:0,(anonymous_1)
FNDA:0,(anonymous_2)
FNDA:0,(anonymous_3)
FNDA:0,(anonymous_4)
DA:6,0
DA:7,0
DA:16,0
DA:17,0
DA:21,0
DA:22,0
DA:25,0
DA:27,0
DA:28,0
DA:38,0
DA:40,0
DA:49,0
DA:50,0
DA:56,0
DA:57,0
DA:59,0
DA:65,0
DA:66,0
DA:83,0
DA:84,0
DA:85,0
DA:87,0
DA:89,0
DA:90,0
DA:91,0
DA:96,0
DA:97,0
DA:100,0
DA:101,0
DA:102,0
DA:104,0
DA:107,0
DA:108,0
DA:110,0
DA:114,0
DA:118,0
DA:129,0
DA:131,0
DA:133,0
DA:134,0
DA:136,0
DA:138,0
DA:139,0
DA:141,0
DA:142,0
DA:144,0
DA:145,0
DA:147,0
DA:148,0
DA:151,0
DA:152,0
DA:154,0
DA:158,0
DA:159,0
DA:160,0
DA:161,0
DA:164,0
DA:165,0
DA:167,0
DA:168,0
DA:169,0
DA:170,0
DA:172,0
DA:173,0
DA:175,0
DA:176,0
DA:178,0
DA:179,0
DA:181,0
DA:182,0
DA:185,0
LF:71
LH:0
BRDA:16,0,0,0
BRDA:16,0,1,0
BRDA:49,1,0,0
BRDA:49,1,1,0
BRDA:57,2,0,0
BRDA:57,2,1,0
BRDA:62,3,0,0
BRDA:62,3,1,0
BRDA:96,4,0,0
BRDA:96,4,1,0
BRDA:100,5,0,0
BRDA:100,5,1,0
BRDA:100,6,0,0
BRDA:100,6,1,0
BRDA:101,7,0,0
BRDA:101,7,1,0
BRDA:107,8,0,0
BRDA:107,8,1,0
BRDA:131,9,0,0
BRDA:131,9,1,0
BRDA:131,9,2,0
BRDA:133,10,0,0
BRDA:133,10,1,0
BRDA:138,11,0,0
BRDA:138,11,1,0
BRDA:141,12,0,0
BRDA:141,12,1,0
BRDA:144,13,0,0
BRDA:144,13,1,0
BRDA:147,14,0,0
BRDA:147,14,1,0
BRDA:151,15,0,0
BRDA:151,15,1,0
BRF:33
BRH:0
end_of_record
TN:
SF:src\utils\date.ts
FN:1,(anonymous_0)
FN:15,(anonymous_1)
FNF:2
FNH:0
FNDA:0,(anonymous_0)
FNDA:0,(anonymous_1)
DA:1,0
DA:2,0
DA:4,0
DA:5,0
DA:6,0
DA:7,0
DA:9,0
DA:10,0
DA:11,0
DA:12,0
DA:15,0
DA:16,0
DA:17,0
DA:18,0
DA:19,0
DA:21,0
DA:22,0
DA:23,0
DA:24,0
LF:19
LH:0
BRDA:2,0,0,0
BRDA:2,0,1,0
BRDA:9,1,0,0
BRDA:9,1,1,0
BRDA:10,2,0,0
BRDA:10,2,1,0
BRDA:11,3,0,0
BRDA:11,3,1,0
BRDA:21,4,0,0
BRDA:21,4,1,0
BRDA:22,5,0,0
BRDA:22,5,1,0
BRDA:23,6,0,0
BRDA:23,6,1,0
BRF:14
BRH:0
end_of_record
TN:
SF:src\utils\debugDatabase.ts
FN:8,(anonymous_0)
FN:61,(anonymous_1)
FNF:2
FNH:0
FNDA:0,(anonymous_0)
FNDA:0,(anonymous_1)
DA:6,0
DA:9,0
DA:10,0
DA:13,0
DA:22,0
DA:25,0
DA:34,0
DA:35,0
DA:36,0
DA:37,0
DA:40,0
DA:49,0
DA:50,0
DA:51,0
DA:52,0
DA:54,0
DA:56,0
DA:62,0
DA:63,0
DA:66,0
DA:81,0
DA:82,0
DA:83,0
DA:85,0
DA:87,0
LF:25
LH:0
BRDA:22,0,0,0
BRDA:22,0,1,0
BRDA:35,1,0,0
BRDA:35,1,1,0
BRDA:50,2,0,0
BRDA:50,2,1,0
BRF:6
BRH:0
end_of_record
TN:
SF:src\utils\helpers.ts
FN:7,(anonymous_0)
FN:16,(anonymous_1)
FN:28,(anonymous_2)
FN:37,(anonymous_3)
FN:47,(anonymous_4)
FN:55,(anonymous_5)
FN:64,(anonymous_6)
FN:70,(anonymous_7)
FNF:8
FNH:1
FNDA:0,(anonymous_0)
FNDA:0,(anonymous_1)
FNDA:0,(anonymous_2)
FNDA:3,(anonymous_3)
FNDA:0,(anonymous_4)
FNDA:0,(anonymous_5)
FNDA:0,(anonymous_6)
FNDA:0,(anonymous_7)
DA:4,2
DA:8,0
DA:9,0
DA:11,0
DA:12,0
DA:17,0
DA:18,0
DA:19,0
DA:21,0
DA:22,0
DA:29,0
DA:30,0
DA:31,0
DA:33,0
DA:38,3
DA:39,3
DA:40,3
DA:42,0
DA:43,0
DA:48,0
DA:49,0
DA:51,0
DA:56,0
DA:57,0
DA:59,0
DA:64,2
DA:65,0
DA:66,0
DA:67,0
DA:70,2
DA:71,0
DA:72,0
DA:73,0
DA:74,0
DA:75,0
DA:77,0
DA:78,0
DA:79,0
DA:80,0
DA:82,0
LF:40
LH:6
BRDA:40,0,0,0
BRDA:40,0,1,3
BRDA:77,1,0,0
BRDA:77,1,1,0
BRDA:78,2,0,0
BRDA:78,2,1,0
BRDA:79,3,0,0
BRDA:79,3,1,0
BRDA:80,4,0,0
BRDA:80,4,1,0
BRF:10
BRH:1
end_of_record
TN:
SF:src\utils\safeLog.ts
FN:6,(anonymous_0)
FN:11,(anonymous_1)
FN:21,(anonymous_2)
FN:26,(anonymous_3)
FN:31,(anonymous_4)
FNF:5
FNH:0
FNDA:0,(anonymous_0)
FNDA:0,(anonymous_1)
FNDA:0,(anonymous_2)
FNDA:0,(anonymous_3)
FNDA:0,(anonymous_4)
DA:4,0
DA:7,0
DA:12,0
DA:13,0
DA:14,0
DA:16,0
DA:22,0
DA:27,0
DA:32,0
LF:9
LH:0
BRDA:12,0,0,0
BRDA:12,0,1,0
BRDA:12,1,0,0
BRDA:12,1,1,0
BRDA:22,2,0,0
BRDA:22,2,1,0
BRDA:27,3,0,0
BRDA:27,3,1,0
BRDA:32,4,0,0
BRDA:32,4,1,0
BRF:10
BRH:0
end_of_record
TN:
SF:src\utils\spacing.ts
FNF:0
FNH:0
DA:2,0
DA:11,0
LF:2
LH:0
BRF:0
BRH:0
end_of_record
TN:
SF:src\utils\testSupabase.ts
FN:6,(anonymous_0)
FN:45,(anonymous_1)
FN:54,(anonymous_2)
FNF:3
FNH:0
FNDA:0,(anonymous_0)
FNDA:0,(anonymous_1)
FNDA:0,(anonymous_2)
DA:6,0
DA:7,0
DA:9,0
DA:11,0
DA:13,0
DA:14,0
DA:17,0
DA:20,0
DA:21,0
DA:22,0
DA:31,0
DA:32,0
DA:34,0
DA:37,0
DA:41,0
DA:42,0
DA:44,0
DA:45,0
DA:46,0
DA:47,0
DA:49,0
DA:53,0
DA:54,0
DA:57,0
DA:58,0
DA:60,0
DA:61,0
DA:62,0
DA:70,0
DA:73,0
DA:75,0
DA:83,0
DA:84,0
LF:33
LH:0
BRDA:13,0,0,0
BRDA:13,0,1,0
BRDA:13,1,0,0
BRDA:13,1,1,0
BRDA:31,2,0,0
BRDA:31,2,1,0
BRDA:46,3,0,0
BRDA:46,3,1,0
BRDA:60,4,0,0
BRDA:60,4,1,0
BRDA:86,5,0,0
BRDA:86,5,1,0
BRF:12
BRH:0
end_of_record
TN:
SF:src\utils\theme.ts
FNF:0
FNH:0
LF:0
LH:0
BRF:0
BRH:0
end_of_record
TN:
SF:src\utils\themes.ts
FN:284,(anonymous_0)
FNF:1
FNH:0
FNDA:0,(anonymous_0)
DA:5,2
DA:164,2
DA:216,2
DA:268,2
DA:270,2
DA:284,2
DA:285,0
DA:286,0
DA:288,0
DA:291,2
DA:301,2
LF:11
LH:8
BRDA:285,0,0,0
BRDA:285,0,1,0
BRDA:285,1,0,0
BRDA:285,1,1,0
BRF:4
BRH:0
end_of_record
